Total 1 file(s)
Openmp enabled
[TypeBuilder] Initializing 1 modules .
[TypeBuilder / 1] [1 / 1] [tests/open_ssl_bc/libcrypto-shlib-dh_ameth.o]

[TypeBuilder] Updated in 0 modules.
[TypeBuilder] Postprocessing ...
[TypeBuilder] Done!

[CHABuilder] Initializing 1 modules .
[CHABuilder / 1] [1 / 1] [tests/open_ssl_bc/libcrypto-shlib-dh_ameth.o]

[CHABuilder] Updated in 0 modules.
[CHABuilder] Postprocessing ...
[CHABuilder] Done!

[CallGraph] Initializing 1 modules 0: Module: tests/open_ssl_bc/libcrypto-shlib-dh_ameth.o
.
[CallGraph / 1] [1 / 1] [tests/open_ssl_bc/libcrypto-shlib-dh_ameth.o]

[CallGraph] Updated in 0 modules.
[CallGraph] Postprocessing ...
[CallGraph] Done!


 Start Func Alias Analysis

0 Top func: dh_cmp_parameters

1Merge complete --- Not blocked by TBAA or TFA check
 Top func: Merge complete --- Not blocked by TBAA or TFA check
dh_pub_decodeMerge complete --- Not blocked by TBAA or TFA check

Merge complete --- Not blocked by TBAA or TFA check

Merge complete --- Not blocked by TBAA or TFA check
2Merge complete --- Not blocked by TBAA or TFA check
 Top func: Merge complete --- Not blocked by TBAA or TFA check
dh_bitsMerge complete --- Not blocked by TBAA or TFA check


3 Top func: dh_pkey_dirty_cnt

4 Top func: dh_param_encode

5 Top func: dh_priv_decode

6 Top func: dh_pkey_ctrl

7 Top func: dh_pkey_copy
     Top func: dh_pub_decode Failed
     Top func: dh_bits Failed
     Top func: dh_pkey_dirty_cnt Failed
     Top func: dh_priv_decode Failed
     Top func: dh_param_encode Failed

8 Top func: dh_pub_encode
     Top func: dh_pkey_ctrl Failed

9 Top func: dh_security_bits

10 Top func: dh_pkey_export_to

11 Top func: dh_priv_encode
     Top func: dh_pkey_copy Failed

12 Top func: dh_missing_parameters

13 Top func: dh_pkey_public_check

14 Top func: dhx_pkey_ctrl
     Top func: dh_pub_encode Failed
     Top func: dh_security_bits Failed
     Top func: dh_pkey_export_to Failed
     Top func: dh_priv_encode Failed

15 Top func: dh_pub_cmp
     Top func: dh_missing_parameters Failed

16 Top func: dh_param_decode

17 Top func: dh_pkey_import_from
     Top func: dhx_pkey_ctrl Failed

18 Top func: dh_private_print
     Top func: dh_pkey_public_check Failed

19 Top func: dh_copy_parameters

20 Top func: dhx_pkey_import_from

21 Top func: dh_pkey_param_check
     Top func: dh_pub_cmp Failed
     Top func: dh_param_decode Failed
     Top func: dh_pkey_import_from Failed
     Top func: dh_private_print Failed

22 Top func: dh_public_print

23 Top func: int_dh_free

24 Top func: int_dh_size
     Top func: dh_copy_parameters Failed
     Top func: dhx_pkey_import_from Failed

25 Top func: dh_param_print
     Top func: dh_pkey_param_check Failed
     Top func: int_dh_size Failed
     Top func: int_dh_free Failed
     Top func: dh_public_print Failed
     Top func: dh_param_print Failed
Merge complete --- Not blocked by TBAA or TFA check
Merge complete --- Not blocked by TBAA or TFA check
Merge complete --- Not blocked by TBAA or TFA check
Merge complete --- Not blocked by TBAA or TFA check
Merge complete --- Not blocked by TBAA or TFA check
Merge complete --- Not blocked by TBAA or TFA check
     Top func: dh_cmp_parameters Failed

Update global ICallees info

0 Update icall:   %118 = call i32 %114(ptr noundef %115, i32 noundef %116, ptr noundef %117), !dbg !694

 Start ICall Alias Analysis

start oneLayerHandler

start escapeHandler

related types: 0
succeed_type_num: 0
related SI_num: 0
succeed_inst_num: 0
loop num: 1
WARNING: MYSQL connect failed!
Access denied for user 'petepc'@'localhost'

############## Indirect Call Target Results Statistics ##############
# Number icalls 				1
# Number total icall targets   			0

############## Alias Info Statistics ##############
# Number succeed alias icall 			0
# Number succeed func icall  			0

  Failed reasons:
# Number F has no global definition  		0
# Number binary_operation    			0
# Number llvm_used           			0
# Number exceed_max          			0

############## Time Statistics ##############

############## Round Statistics ##############
Round: 0
reduce_num_icall: 0
reduce_num_func: 0
reduce_num_onelayer: 0
reduce_num_escape: 0
reduce_num_total: 0


# Load time            		0.004041
# Typebuilder time     		0.000449
# MLTA time            		0.000855
# Icall alias time     		6.9e-05
# Func alias time      		0.002704
# One layer alias time 		9e-06
# Escape alias time    		6.2e-05
# DB time              		0.001987
