Total 1 file(s)
Openmp enabled
[TypeBuilder] Initializing 1 modules .
[TypeBuilder / 1] [1 / 1] [tests/open_ssl_bc/libdefault-lib-md5_sha1_prov.o]

[TypeBuilder] Updated in 0 modules.
[TypeBuilder] Postprocessing ...
[TypeBuilder] Done!

[CHABuilder] Initializing 1 modules .
[CHABuilder / 1] [1 / 1] [tests/open_ssl_bc/libdefault-lib-md5_sha1_prov.o]

[CHABuilder] Updated in 0 modules.
[CHABuilder] Postprocessing ...
[CHABuilder] Done!

[CallGraph] Initializing 1 modules 0: Module: tests/open_ssl_bc/libdefault-lib-md5_sha1_prov.o
.
[CallGraph / 1] [1 / 1] [tests/open_ssl_bc/libdefault-lib-md5_sha1_prov.o]

[CallGraph] Updated in 0 modules.
[CallGraph] Postprocessing ...
[CallGraph] Done!


 Start Func Alias Analysis

0 Top func: md5_sha1_internal_final

1 Top func: md5_sha1_newctx

2 Top func: md5_sha1_get_params

3 Top func: md5_sha1_dupctx

4 Top func: ossl_digest_default_gettable_params

5 Top func: md5_sha1_settable_ctx_params

6 Top func: md5_sha1_internal_init

7 Top func: md5_sha1_set_ctx_params
     Top func: md5_sha1_newctx Failed
     Top func: md5_sha1_internal_final Failed
     Top func: md5_sha1_get_params Failed
     Top func: md5_sha1_dupctx Failed
     Top func: ossl_digest_default_gettable_params Failed
     Top func: md5_sha1_settable_ctx_params Failed
     Top func: md5_sha1_internal_init Failed

8 Top func: ossl_md5_sha1_update

9 Top func: md5_sha1_freectx

10 Top func: md5_sha1_copyctx
     Top func: ossl_md5_sha1_update Failed
     Top func: md5_sha1_freectx Failed
     Top func: md5_sha1_copyctx Failed
Merge complete --- Not blocked by TBAA or TFA check
Merge complete --- Not blocked by TBAA or TFA check
Merge complete --- Not blocked by TBAA or TFA check
Merge complete --- Not blocked by TBAA or TFA check
Merge complete --- Not blocked by TBAA or TFA check
Merge complete --- Not blocked by TBAA or TFA check
Merge complete --- Not blocked by TBAA or TFA check
Merge complete --- Not blocked by TBAA or TFA check
Merge complete --- Not blocked by TBAA or TFA check
Merge complete --- Not blocked by TBAA or TFA check
Merge complete --- Not blocked by TBAA or TFA check
Merge complete --- Not blocked by TBAA or TFA check
Merge complete --- Not blocked by TBAA or TFA check
Merge complete --- Not blocked by TBAA or TFA check
Merge complete --- Not blocked by TBAA or TFA check
Merge complete --- Not blocked by TBAA or TFA check
Merge complete --- Not blocked by TBAA or TFA check
Merge complete --- Not blocked by TBAA or TFA check
Merge complete --- Not blocked by TBAA or TFA check
Merge complete --- Not blocked by TBAA or TFA check
Merge complete --- Not blocked by TBAA or TFA check
     Top func: md5_sha1_set_ctx_params Failed

Update global ICallees info

 Start ICall Alias Analysis

start oneLayerHandler

start escapeHandler

related types: 0
succeed_type_num: 0
related SI_num: 0
succeed_inst_num: 0
loop num: 1
WARNING: MYSQL connect failed!
Access denied for user 'petepc'@'localhost'

############## Indirect Call Target Results Statistics ##############
# Number icalls 				0
# Number total icall targets   			0

############## Alias Info Statistics ##############
# Number succeed alias icall 			0
# Number succeed func icall  			0

  Failed reasons:
# Number F has no global definition  		0
# Number binary_operation    			0
# Number llvm_used           			0
# Number exceed_max          			0

############## Time Statistics ##############

############## Round Statistics ##############
Round: 0
reduce_num_icall: 0
reduce_num_func: 0
reduce_num_onelayer: 0
reduce_num_escape: 0
reduce_num_total: 0


# Load time            		0.001526
# Typebuilder time     		0.000258
# MLTA time            		0.000255
# Icall alias time     		6.3e-05
# Func alias time      		0.003201
# One layer alias time 		6e-06
# Escape alias time    		5.6e-05
# DB time              		0.002024
