Total 1 file(s)
Openmp enabled
[TypeBuilder] Initializing 1 modules .
[TypeBuilder / 1] [1 / 1] [tests/open_ssl_bc/libdefault-lib-cipher_aria_ccm.o]

[TypeBuilder] Updated in 0 modules.
[TypeBuilder] Postprocessing ...
[TypeBuilder] Done!

[CHABuilder] Initializing 1 modules .
[CHABuilder / 1] [1 / 1] [tests/open_ssl_bc/libdefault-lib-cipher_aria_ccm.o]

[CHABuilder] Updated in 0 modules.
[CHABuilder] Postprocessing ...
[CHABuilder] Done!

[CallGraph] Initializing 1 modules 0: Module: tests/open_ssl_bc/libdefault-lib-cipher_aria_ccm.o
.
[CallGraph / 1] [1 / 1] [tests/open_ssl_bc/libdefault-lib-cipher_aria_ccm.o]

[CallGraph] Updated in 0 modules.
[CallGraph] Postprocessing ...
[CallGraph] Done!


 Start Func Alias Analysis

0 Top func: aria128ccm_newctx

1 Top func: ossl_ccm_einit

2 Top func: ossl_ccm_get_ctx_params

3 Top func: ossl_ccm_stream_final

4 Top func: aria_192_ccm_get_params

5 Top func: ossl_ccm_gettable_ctx_params

6 Top func: aria192ccm_newctx
     Top func: ossl_ccm_einit Failed
     Top func: ossl_ccm_stream_final Failed
     Top func: ossl_ccm_get_ctx_params Failed
     Top func: aria128ccm_newctx Failed
     Top func: aria_192_ccm_get_params Failed
     Top func: ossl_ccm_gettable_ctx_params Failed

7 Top func: ossl_ccm_dinit

8 Top func: ossl_ccm_cipher

9 Top func: ossl_ccm_set_ctx_params

10 Top func: aria_ccm_freectx

11 Top func: aria256ccm_newctx

12 Top func: ossl_ccm_settable_ctx_params
     Top func: aria192ccm_newctx Failed
     Top func: ossl_ccm_dinit Failed
     Top func: ossl_ccm_cipher Failed

13 Top func: aria192ccm_dupctx
     Top func: ossl_ccm_set_ctx_params Failed
     Top func: ossl_ccm_settable_ctx_params Failed
     Top func: aria_ccm_freectx Failed
     Top func: aria256ccm_newctx Failed

14 Top func: ossl_ccm_stream_update

15 Top func: aria_128_ccm_get_params

16 Top func: ossl_cipher_generic_gettable_params

17 Top func: aria256ccm_dupctx

18 Top func: aria128ccm_dupctx

19 Top func: aria_256_ccm_get_params
     Top func: aria192ccm_dupctx Failed
     Top func: ossl_ccm_stream_update Failed
     Top func: aria_128_ccm_get_params Failed
     Top func: ossl_cipher_generic_gettable_params Failed
     Top func: aria256ccm_dupctx Failed
     Top func: aria128ccm_dupctx Failed
     Top func: aria_256_ccm_get_params Failed

Update global ICallees info

 Start ICall Alias Analysis

start oneLayerHandler

start escapeHandler

related types: 0
succeed_type_num: 0
related SI_num: 0
succeed_inst_num: 0
loop num: 1
WARNING: MYSQL connect failed!
Access denied for user 'petepc'@'localhost'

############## Indirect Call Target Results Statistics ##############
# Number icalls 				0
# Number total icall targets   			0

############## Alias Info Statistics ##############
# Number succeed alias icall 			0
# Number succeed func icall  			0

  Failed reasons:
# Number F has no global definition  		0
# Number binary_operation    			0
# Number llvm_used           			0
# Number exceed_max          			0

############## Time Statistics ##############

############## Round Statistics ##############
Round: 0
reduce_num_icall: 0
reduce_num_func: 0
reduce_num_onelayer: 0
reduce_num_escape: 0
reduce_num_total: 0


# Load time            		0.001648
# Typebuilder time     		0.000521
# MLTA time            		0.00036
# Icall alias time     		6.6e-05
# Func alias time      		0.002306
# One layer alias time 		7e-06
# Escape alias time    		5.5e-05
# DB time              		0.001954
