Total 1 file(s)
Openmp enabled
[TypeBuilder] Initializing 1 modules .
[TypeBuilder / 1] [1 / 1] [tests/open_ssl_bc/libdefault-lib-md5_prov.o]

[TypeBuilder] Updated in 0 modules.
[TypeBuilder] Postprocessing ...
[TypeBuilder] Done!

[CHABuilder] Initializing 1 modules .
[CHABuilder / 1] [1 / 1] [tests/open_ssl_bc/libdefault-lib-md5_prov.o]

[CHABuilder] Updated in 0 modules.
[CHABuilder] Postprocessing ...
[CHABuilder] Done!

[CallGraph] Initializing 1 modules 0: Module: tests/open_ssl_bc/libdefault-lib-md5_prov.o
.
[CallGraph / 1] [1 / 1] [tests/open_ssl_bc/libdefault-lib-md5_prov.o]

[CallGraph] Updated in 0 modules.
[CallGraph] Postprocessing ...
[CallGraph] Done!


 Start Func Alias Analysis

0 Top func: md5_dupctx

1 Top func: md5_copyctx

2 Top func: md5_internal_final

3 Top func: ossl_digest_default_gettable_params

4 Top func: md5_freectx

5 Top func: md5_newctx

6 Top func: md5_get_params
     Top func: md5_copyctx Failed
     Top func: md5_dupctx Failed
     Top func: md5_internal_final Failed
     Top func: md5_freectx Failed
     Top func: ossl_digest_default_gettable_params Failed
     Top func: md5_get_params Failed
     Top func: md5_newctx Failed

7 Top func: md5_internal_init

8 Top func: MD5_Update
     Top func: md5_internal_init Failed
     Top func: MD5_Update Failed

Update global ICallees info

 Start ICall Alias Analysis

start oneLayerHandler

start escapeHandler

related types: 0
succeed_type_num: 0
related SI_num: 0
succeed_inst_num: 0
loop num: 1
WARNING: MYSQL connect failed!
Access denied for user 'petepc'@'localhost'

############## Indirect Call Target Results Statistics ##############
# Number icalls 				0
# Number total icall targets   			0

############## Alias Info Statistics ##############
# Number succeed alias icall 			0
# Number succeed func icall  			0

  Failed reasons:
# Number F has no global definition  		0
# Number binary_operation    			0
# Number llvm_used           			0
# Number exceed_max          			0

############## Time Statistics ##############

############## Round Statistics ##############
Round: 0
reduce_num_icall: 0
reduce_num_func: 0
reduce_num_onelayer: 0
reduce_num_escape: 0
reduce_num_total: 0


# Load time            		0.02114
# Typebuilder time     		0.000202
# MLTA time            		0.000274
# Icall alias time     		6.5e-05
# Func alias time      		0.008271
# One layer alias time 		8e-06
# Escape alias time    		6e-05
# DB time              		0.002283
