Total 1 file(s)
Openmp enabled
[TypeBuilder] Initializing 1 modules .
[TypeBuilder / 1] [1 / 1] [tests/open_ssl_bc/libdefault-lib-provider_seeding.o]

[TypeBuilder] Updated in 0 modules.
[TypeBuilder] Postprocessing ...
[TypeBuilder] Done!

[CHABuilder] Initializing 1 modules .
[CHABuilder / 1] [1 / 1] [tests/open_ssl_bc/libdefault-lib-provider_seeding.o]

[CHABuilder] Updated in 0 modules.
[CHABuilder] Postprocessing ...
[CHABuilder] Done!

[CallGraph] Initializing 1 modules 0: Module: tests/open_ssl_bc/libdefault-lib-provider_seeding.o
.
[CallGraph / 1] [1 / 1] [tests/open_ssl_bc/libdefault-lib-provider_seeding.o]

[CallGraph] Updated in 0 modules.
[CallGraph] Postprocessing ...
[CallGraph] Done!


 Start Func Alias Analysis

Update global ICallees info

0 Update icall:   call void %21(ptr noundef %22, ptr noundef %23, i64 noundef %24), !dbg !122

1 Update icall:   %24 = call i64 %18(ptr noundef %19, ptr noundef %20, i32 noundef %21, i64 noundef %22, i64 noundef %23), !dbg !119

2 Update icall:   %35 = call i64 %29(ptr noundef %30, ptr noundef %31, i32 noundef %32, i64 noundef %33, i64 noundef %34), !dbg !129

3 Update icall:   call void %21(ptr noundef %22, ptr noundef %23, i64 noundef %24), !dbg !122

4 Update icall:   %27 = call i64 %20(ptr noundef %21, ptr noundef %22, i64 noundef %23, i64 noundef %24, ptr noundef %25, i64 noundef %26), !dbg !121

5 Update icall:   %39 = call i64 %32(ptr noundef %33, ptr noundef %34, i64 noundef %35, i64 noundef %36, ptr noundef %37, i64 noundef %38), !dbg !132

6 Update icall:   call void %13(ptr noundef %14, ptr noundef %15, i64 noundef %16), !dbg !115

7 Update icall:   call void %13(ptr noundef %14, ptr noundef %15, i64 noundef %16), !dbg !115

 Start ICall Alias Analysis

start oneLayerHandler

start escapeHandler

related types: 0
succeed_type_num: 0
related SI_num: 0
succeed_inst_num: 0
loop num: 1
WARNING: MYSQL connect failed!
Access denied for user 'petepc'@'localhost'

############## Indirect Call Target Results Statistics ##############
# Number icalls 				8
# Number total icall targets   			0

############## Alias Info Statistics ##############
# Number succeed alias icall 			0
# Number succeed func icall  			0

  Failed reasons:
# Number F has no global definition  		0
# Number binary_operation    			0
# Number llvm_used           			0
# Number exceed_max          			0

############## Time Statistics ##############

############## Round Statistics ##############
Round: 0
reduce_num_icall: 0
reduce_num_func: 0
reduce_num_onelayer: 0
reduce_num_escape: 0
reduce_num_total: 0


# Load time            		0.021413
# Typebuilder time     		0.000404
# MLTA time            		0.00027
# Icall alias time     		9.7e-05
# Func alias time      		0.010463
# One layer alias time 		9e-06
# Escape alias time    		5.6e-05
# DB time              		0.002044
