Total 1 file(s)
Openmp enabled
[TypeBuilder] Initializing 1 modules .
[TypeBuilder / 1] [1 / 1] [tests/open_ssl_bc/libdefault-lib-null_prov.o]

[TypeBuilder] Updated in 0 modules.
[TypeBuilder] Postprocessing ...
[TypeBuilder] Done!

[CHABuilder] Initializing 1 modules .
[CHABuilder / 1] [1 / 1] [tests/open_ssl_bc/libdefault-lib-null_prov.o]

[CHABuilder] Updated in 0 modules.
[CHABuilder] Postprocessing ...
[CHABuilder] Done!

[CallGraph] Initializing 1 modules 0: Module: tests/open_ssl_bc/libdefault-lib-null_prov.o
.
[CallGraph / 1] [1 / 1] [tests/open_ssl_bc/libdefault-lib-null_prov.o]

[CallGraph] Updated in 0 modules.
[CallGraph] Postprocessing ...
[CallGraph] Done!


 Start Func Alias Analysis

0 Top func: nullmd_freectx

1 Top func: nullmd_dupctx

2 Top func: nullmd_internal_final

3 Top func: nullmd_copyctx

4 Top func: nullmd_newctx

5 Top func: nullmd_get_params

6 Top func: ossl_digest_default_gettable_params

7 Top func: nullmd_internal_init
     Top func: nullmd_freectx Failed
     Top func: nullmd_dupctx Failed
     Top func: nullmd_copyctx Failed
     Top func: nullmd_internal_final Failed
     Top func: nullmd_newctx Failed
     Top func: nullmd_get_params Failed
     Top func: ossl_digest_default_gettable_params Failed

8 Top func: null_update
     Top func: nullmd_internal_init Failed
     Top func: null_update Failed

Update global ICallees info

 Start ICall Alias Analysis

start oneLayerHandler

start escapeHandler

related types: 0
succeed_type_num: 0
related SI_num: 0
succeed_inst_num: 0
loop num: 1
WARNING: MYSQL connect failed!
Access denied for user 'petepc'@'localhost'

############## Indirect Call Target Results Statistics ##############
# Number icalls 				0
# Number total icall targets   			0

############## Alias Info Statistics ##############
# Number succeed alias icall 			0
# Number succeed func icall  			0

  Failed reasons:
# Number F has no global definition  		0
# Number binary_operation    			0
# Number llvm_used           			0
# Number exceed_max          			0

############## Time Statistics ##############

############## Round Statistics ##############
Round: 0
reduce_num_icall: 0
reduce_num_func: 0
reduce_num_onelayer: 0
reduce_num_escape: 0
reduce_num_total: 0


# Load time            		0.001218
# Typebuilder time     		0.00021
# MLTA time            		0.000294
# Icall alias time     		6.9e-05
# Func alias time      		0.001551
# One layer alias time 		7e-06
# Escape alias time    		5.5e-05
# DB time              		0.001972
