Total 1 file(s)
Openmp enabled
[TypeBuilder] Initializing 1 modules .
[TypeBuilder / 1] [1 / 1] [tests/open_ssl_bc/libdefault-lib-blake2_prov.o]

[TypeBuilder] Updated in 0 modules.
[TypeBuilder] Postprocessing ...
[TypeBuilder] Done!

[CHABuilder] Initializing 1 modules .
[CHABuilder / 1] [1 / 1] [tests/open_ssl_bc/libdefault-lib-blake2_prov.o]

[CHABuilder] Updated in 0 modules.
[CHABuilder] Postprocessing ...
[CHABuilder] Done!

[CallGraph] Initializing 1 modules 0: Module: tests/open_ssl_bc/libdefault-lib-blake2_prov.o
.
[CallGraph / 1] [1 / 1] [tests/open_ssl_bc/libdefault-lib-blake2_prov.o]

[CallGraph] Updated in 0 modules.
[CallGraph] Postprocessing ...
[CallGraph] Done!


 Start Func Alias Analysis

0 Top func: ossl_blake2s_get_ctx_params

1 Top func: ossl_blake2s_update

2 Top func: ossl_digest_default_gettable_params

3 Top func: blake_settable_ctx_params

4 Top func: blake2b512_freectx

5 Top func: blake2b512_get_params

6 Top func: blake2s256_dupctx

7 Top func: blake2b512_newctx
     Top func: ossl_blake2s_update Failed
     Top func: ossl_blake2s_get_ctx_params Failed
     Top func: ossl_digest_default_gettable_params Failed
     Top func: blake_settable_ctx_params Failed
     Top func: blake2b512_get_params Failed
     Top func: blake2s256_dupctx Failed
     Top func: blake2b512_freectx Failed

8 Top func: blake2s256_internal_final

9 Top func: ossl_blake2s_set_ctx_params
     Top func: Merge complete --- Not blocked by TBAA or TFA check
blake2b512_newctxMerge complete --- Not blocked by TBAA or TFA check
 Failed
Merge complete --- Not blocked by TBAA or TFA check

Merge complete --- Not blocked by TBAA or TFA check
10 Top func: Merge complete --- Not blocked by TBAA or TFA check
blake2s256_internal_initMerge complete --- Not blocked by TBAA or TFA check

Merge complete --- Not blocked by TBAA or TFA check

Merge complete --- Not blocked by TBAA or TFA check
11Merge complete --- Not blocked by TBAA or TFA check
 Top func: Merge complete --- Not blocked by TBAA or TFA check
ossl_blake2b_get_ctx_paramsMerge complete --- Not blocked by TBAA or TFA check


Merge complete --- Not blocked by TBAA or TFA check
12Merge complete --- Not blocked by TBAA or TFA check
 Top func: Merge complete --- Not blocked by TBAA or TFA check
blake2b512_internal_init
Merge complete --- Not blocked by TBAA or TFA check

Merge complete --- Not blocked by TBAA or TFA check
13Merge complete --- Not blocked by TBAA or TFA check
 Top func: Merge complete --- Not blocked by TBAA or TFA check
blake2s256_copyctx

14 Top func: blake2b512_dupctx

15 Top func: ossl_blake2b_update
     Top func: blake2s256_internal_final Failed
     Top func: blake2s256_internal_init Failed
     Top func: ossl_blake2b_get_ctx_params Failed
     Top func: blake2s256_copyctx Failed
     Top func: ossl_blake2s_set_ctx_params Failed
     Top func: blake2b512_internal_init Failed
     Top func: blake2b512_dupctx Failed

16 Top func: blake2s256_freectx
     Top func: ossl_blake2b_update Failed

17 Top func: blake_gettable_ctx_params

18 Top func: ossl_blake2b_set_ctx_params

19Merge complete --- Not blocked by TBAA or TFA check
 Top func: Merge complete --- Not blocked by TBAA or TFA check
blake2s256_get_paramsMerge complete --- Not blocked by TBAA or TFA check

Merge complete --- Not blocked by TBAA or TFA check

20Merge complete --- Not blocked by TBAA or TFA check
 Top func: Merge complete --- Not blocked by TBAA or TFA check
blake2s256_newctxMerge complete --- Not blocked by TBAA or TFA check

Merge complete --- Not blocked by TBAA or TFA check

Merge complete --- Not blocked by TBAA or TFA check
21Merge complete --- Not blocked by TBAA or TFA check
 Top func: blake2b512_internal_finalMerge complete --- Not blocked by TBAA or TFA check

Merge complete --- Not blocked by TBAA or TFA check

Merge complete --- Not blocked by TBAA or TFA check
22Merge complete --- Not blocked by TBAA or TFA check
 Top func: blake2b512_copyctxMerge complete --- Not blocked by TBAA or TFA check

Merge complete --- Not blocked by TBAA or TFA check
     Top func: Merge complete --- Not blocked by TBAA or TFA check
blake2s256_freectxMerge complete --- Not blocked by TBAA or TFA check
 Failed
     Top func: blake2s256_get_params Failed
     Top func: blake2s256_newctx Failed
     Top func: blake_gettable_ctx_params Failed
     Top func: blake2b512_internal_final Failed
     Top func: blake2b512_copyctx Failed
     Top func: ossl_blake2b_set_ctx_params Failed

Update global ICallees info

 Start ICall Alias Analysis

start oneLayerHandler

start escapeHandler

related types: 0
succeed_type_num: 0
related SI_num: 0
succeed_inst_num: 0
loop num: 1
WARNING: MYSQL connect failed!
Access denied for user 'petepc'@'localhost'

############## Indirect Call Target Results Statistics ##############
# Number icalls 				0
# Number total icall targets   			0

############## Alias Info Statistics ##############
# Number succeed alias icall 			0
# Number succeed func icall  			0

  Failed reasons:
# Number F has no global definition  		0
# Number binary_operation    			0
# Number llvm_used           			0
# Number exceed_max          			0

############## Time Statistics ##############

############## Round Statistics ##############
Round: 0
reduce_num_icall: 0
reduce_num_func: 0
reduce_num_onelayer: 0
reduce_num_escape: 0
reduce_num_total: 0


# Load time            		0.002561
# Typebuilder time     		0.000364
# MLTA time            		0.000373
# Icall alias time     		3.2e-05
# Func alias time      		0.001712
# One layer alias time 		5e-06
# Escape alias time    		5.6e-05
# DB time              		0.002039
