Total 1 file(s)
Openmp enabled
[TypeBuilder] Initializing 1 modules .
[TypeBuilder / 1] [1 / 1] [tests/open_ssl_bc/liblegacy-lib-cipher_rc2_hw.o]

[TypeBuilder] Updated in 0 modules.
[TypeBuilder] Postprocessing ...
[TypeBuilder] Done!

[CHABuilder] Initializing 1 modules .
[CHABuilder / 1] [1 / 1] [tests/open_ssl_bc/liblegacy-lib-cipher_rc2_hw.o]

[CHABuilder] Updated in 0 modules.
[CHABuilder] Postprocessing ...
[CHABuilder] Done!

[CallGraph] Initializing 1 modules 0: Module: tests/open_ssl_bc/liblegacy-lib-cipher_rc2_hw.o
.
[CallGraph / 1] [1 / 1] [tests/open_ssl_bc/liblegacy-lib-cipher_rc2_hw.o]

[CallGraph] Updated in 0 modules.
[CallGraph] Postprocessing ...
[CallGraph] Done!


 Start Func Alias Analysis

0 Top func: cipher_hw_rc2_cbc_cipher
Merge complete --- Not blocked by TBAA or TFA check

1 Top func: cipher_hw_rc2_ecb_cipher

Merge complete --- Not blocked by TBAA or TFA check
2 Top func: cipher_hw_rc2_ofb64_cipher

3 Top func: cipher_hw_rc2_initkey

4 Top func: cipher_hw_rc2_cfb64_cipher
Merge complete --- Not blocked by TBAA or TFA check

Analyzed func: Merge complete --- Not blocked by TBAA or TFA check
cipher_hw_rc2_cbc_cipher
Merge complete --- Not blocked by TBAA or TFA check
DefinitionFuncSet size: Merge complete --- Not blocked by TBAA or TFA check
1
aliased_callset size: Merge complete --- Not blocked by TBAA or TFA check
0Merge complete --- Not blocked by TBAA or TFA check


Analyzed func: Merge complete --- Not blocked by TBAA or TFA check
cipher_hw_rc2_cfb64_cipherMerge complete --- Not blocked by TBAA or TFA check

DefinitionFuncSet size: 1
aliased_callset size: 0

Analyzed func: cipher_hw_rc2_initkey
DefinitionFuncSet size: 1
aliased_callset size: 0
Merge complete --- Not blocked by TBAA or TFA check

Analyzed func: cipher_hw_rc2_ofb64_cipher
DefinitionFuncSet size: 1
aliased_callset size: 0
 #0 0x0000562ddcd4b420 llvm::sys::PrintStackTrace(llvm::raw_ostream&, int) (./build/lib/analyzer+0x382420)
 #1 0x0000562ddcd489e1 SignalHandler(int) Signals.cpp:0:0
 #2 0x00007f9038595520 (/lib/x86_64-linux-gnu/libc.so.6+0x42520)
 #3 0x0000562ddca75136 llvm::DenseMapBase<llvm::DenseMap<llvm::Function*, llvm::SmallPtrSet<llvm::CallInst*, 8u>, llvm::DenseMapInfo<llvm::Function*, void>, llvm::detail::DenseMapPair<llvm::Function*, llvm::SmallPtrSet<llvm::CallInst*, 8u>>>, llvm::Function*, llvm::SmallPtrSet<llvm::CallInst*, 8u>, llvm::DenseMapInfo<llvm::Function*, void>, llvm::detail::DenseMapPair<llvm::Function*, llvm::SmallPtrSet<llvm::CallInst*, 8u>>>::operator[](llvm::Function* const&) (./build/lib/analyzer+0xac136)
 #4 0x0000562ddca73cf4 interCaseHandler(llvm::Value*, std::__cxx11::list<llvm::Value*, std::allocator<llvm::Value*>>&, std::set<llvm::Value*, std::less<llvm::Value*>, std::allocator<llvm::Value*>>, AliasContext*, GlobalContext*) (./build/lib/analyzer+0xaacf4)
 #5 0x0000562ddca68134 HandleFunc(llvm::Function*, AliasContext*, GlobalContext*, llvm::SmallPtrSet<llvm::CallInst*, 8u>&, omp_lock_t*) (./build/lib/analyzer+0x9f134)
 #6 0x0000562ddca6637b FuncAliasAnalysis(GlobalContext*) (.omp_outlined) FuncAliasAnalysis.cc:0:0
 #7 0x00007f9038860e89 __kmp_invoke_microtask (/n/eecs583a/home/amrhuss/my-llvm-omp/lib/libomp.so+0xc4e89)
 #8 0x00007f90387dd71f __kmp_invoke_task_func (/n/eecs583a/home/amrhuss/my-llvm-omp/lib/libomp.so+0x4171f)
 #9 0x00007f90387dc36e __kmp_launch_thread (/n/eecs583a/home/amrhuss/my-llvm-omp/lib/libomp.so+0x4036e)
#10 0x00007f90388406e8 __kmp_launch_worker(void*) z_Linux_util.cpp:0:0
#11 0x00007f90385e7ac3 start_thread ./nptl/pthread_create.c:442:8
#12 0x00007f90386798c0 ./misc/../sysdeps/unix/sysv/linux/x86_64/clone3.S:83:0
PLEASE submit a bug report to https://github.com/llvm/llvm-project/issues/ and include the crash backtrace.
