Total 1 file(s)
Openmp enabled
[TypeBuilder] Initializing 1 modules .
[TypeBuilder / 1] [1 / 1] [tests/open_ssl_bc/liblegacy-lib-cipher_des.o]

[TypeBuilder] Updated in 0 modules.
[TypeBuilder] Postprocessing ...
[TypeBuilder] Done!

[CHABuilder] Initializing 1 modules .
[CHABuilder / 1] [1 / 1] [tests/open_ssl_bc/liblegacy-lib-cipher_des.o]

[CHABuilder] Updated in 0 modules.
[CHABuilder] Postprocessing ...
[CHABuilder] Done!

[CallGraph] Initializing 1 modules 0: Module: tests/open_ssl_bc/liblegacy-lib-cipher_des.o
.
[CallGraph / 1] [1 / 1] [tests/open_ssl_bc/liblegacy-lib-cipher_des.o]

[CallGraph] Updated in 0 modules.
[CallGraph] Postprocessing ...
[CallGraph] Done!


 Start Func Alias Analysis

0 Top func: des_ecb_get_params

1 Top func: ossl_cipher_generic_cipher

2 Top func: des_gettable_ctx_params

3 Top func: des_einit

4 Top func: des_cbc_newctx

5 Top func: des_cfb64_newctx

6 Top func: ossl_cipher_generic_stream_final
     Top func: ossl_cipher_generic_cipher Failed
     Top func: des_ecb_get_params Failed
     Top func: des_gettable_ctx_params Failed
     Top func: des_einit Failed
     Top func: des_cfb64_newctx Failed
     Top func: des_cbc_newctx Failed

7 Top func: des_ecb_newctx

8 Top func: ossl_cipher_generic_gettable_params

9 Top func: ossl_cipher_generic_set_ctx_params

10Merge complete --- Not blocked by TBAA or TFA check
 Top func: Merge complete --- Not blocked by TBAA or TFA check
des_dinit
Merge complete --- Not blocked by TBAA or TFA check

Merge complete --- Not blocked by TBAA or TFA check
11Merge complete --- Not blocked by TBAA or TFA check
 Top func: Merge complete --- Not blocked by TBAA or TFA check
des_cfb64_get_paramsMerge complete --- Not blocked by TBAA or TFA check

Merge complete --- Not blocked by TBAA or TFA check
     Top func: Merge complete --- Not blocked by TBAA or TFA check
ossl_cipher_generic_stream_finalMerge complete --- Not blocked by TBAA or TFA check
 FailedMerge complete --- Not blocked by TBAA or TFA check

Merge complete --- Not blocked by TBAA or TFA check
Merge complete --- Not blocked by TBAA or TFA check

Merge complete --- Not blocked by TBAA or TFA check
12Merge complete --- Not blocked by TBAA or TFA check
 Top func: Merge complete --- Not blocked by TBAA or TFA check
des_cbc_get_paramsMerge complete --- Not blocked by TBAA or TFA check

Merge complete --- Not blocked by TBAA or TFA check

Merge complete --- Not blocked by TBAA or TFA check
13Merge complete --- Not blocked by TBAA or TFA check
 Top func: Merge complete --- Not blocked by TBAA or TFA check
des_ofb64_newctx
Merge complete --- Not blocked by TBAA or TFA check
     Top func: Merge complete --- Not blocked by TBAA or TFA check
ossl_cipher_generic_gettable_paramsMerge complete --- Not blocked by TBAA or TFA check
 FailedMerge complete --- Not blocked by TBAA or TFA check

Merge complete --- Not blocked by TBAA or TFA check
     Top func: Merge complete --- Not blocked by TBAA or TFA check
des_dinitMerge complete --- Not blocked by TBAA or TFA check
 FailedMerge complete --- Not blocked by TBAA or TFA check

Merge complete --- Not blocked by TBAA or TFA check
     Top func: Merge complete --- Not blocked by TBAA or TFA check
des_ecb_newctxMerge complete --- Not blocked by TBAA or TFA check
 Failed
     Top func: des_cfb64_get_params Failed

14 Top func: des_get_ctx_params

15 Top func: ossl_cipher_generic_block_update

16 Top func: des_dupctx
     Top func: des_cbc_get_params Failed

17 Top func: des_cfb1_newctx
     Top func: des_ofb64_newctx Failed
     Top func: ossl_cipher_generic_set_ctx_params Failed

18 Top func: ossl_cipher_generic_stream_update
     Top func: des_get_ctx_params Failed

19 Top func: des_ofb64_get_params
     Top func: ossl_cipher_generic_block_update Failed
     Top func: des_dupctx Failed

20 Top func: ossl_cipher_generic_settable_ctx_params
     Top func: des_cfb1_newctx Failed

21 Top func: des_cfb1_get_params

22 Top func: ossl_cipher_generic_block_final

23 Top func: des_freectx
     Top func: ossl_cipher_generic_stream_update Failed

24 Top func: des_cfb8_get_params
     Top func: des_ofb64_get_params Failed
     Top func: ossl_cipher_generic_settable_ctx_params Failed

25 Top func: des_cfb8_newctx
     Top func: des_cfb1_get_params Failed
     Top func: ossl_cipher_generic_block_final Failed
     Top func: des_freectx Failed
     Top func: des_cfb8_get_params Failed
     Top func: des_cfb8_newctx Failed

Update global ICallees info

0 Update icall:   %84 = call i32 %80(ptr noundef %81, ptr noundef %82, i64 noundef %83), !dbg !315

1 Update icall:   call void %21(ptr noundef %23, ptr noundef %25), !dbg !264

 Start ICall Alias Analysis

start oneLayerHandler

start escapeHandler

related types: 0
succeed_type_num: 0
related SI_num: 0
succeed_inst_num: 0
loop num: 1
WARNING: MYSQL connect failed!
Access denied for user 'petepc'@'localhost'

############## Indirect Call Target Results Statistics ##############
# Number icalls 				2
# Number total icall targets   			0

############## Alias Info Statistics ##############
# Number succeed alias icall 			0
# Number succeed func icall  			0

  Failed reasons:
# Number F has no global definition  		0
# Number binary_operation    			0
# Number llvm_used           			0
# Number exceed_max          			0

############## Time Statistics ##############

############## Round Statistics ##############
Round: 0
reduce_num_icall: 0
reduce_num_func: 0
reduce_num_onelayer: 0
reduce_num_escape: 0
reduce_num_total: 0


# Load time            		0.002335
# Typebuilder time     		0.000324
# MLTA time            		0.000401
# Icall alias time     		7e-05
# Func alias time      		0.003607
# One layer alias time 		8e-06
# Escape alias time    		5.6e-05
# DB time              		0.002202
