Total 1 file(s)
Openmp enabled
[TypeBuilder] Initializing 1 modules .
[TypeBuilder / 1] [1 / 1] [tests/open_ssl_bc/libssl-shlib-priority_queue.o]

[TypeBuilder] Updated in 0 modules.
[TypeBuilder] Postprocessing ...
[TypeBuilder] Done!

[CHABuilder] Initializing 1 modules .
[CHABuilder / 1] [1 / 1] [tests/open_ssl_bc/libssl-shlib-priority_queue.o]

[CHABuilder] Updated in 0 modules.
[CHABuilder] Postprocessing ...
[CHABuilder] Done!

[CallGraph] Initializing 1 modules 0: Module: tests/open_ssl_bc/libssl-shlib-priority_queue.o
.
[CallGraph / 1] [1 / 1] [tests/open_ssl_bc/libssl-shlib-priority_queue.o]

[CallGraph] Updated in 0 modules.
[CallGraph] Postprocessing ...
[CallGraph] Done!


 Start Func Alias Analysis

Update global ICallees info

0 Update icall:   call void %16(ptr noundef %23), !dbg !89

1 Update icall:   %34 = call i32 %22(ptr noundef %27, ptr noundef %33), !dbg !81

2 Update icall:   %94 = call i32 %82(ptr noundef %87, ptr noundef %93), !dbg !129

3 Update icall:   %30 = call i32 %19(ptr noundef %24, ptr noundef %29), !dbg !79

4 Update icall:   %61 = call i32 %50(ptr noundef %55, ptr noundef %60), !dbg !102

 Start ICall Alias Analysis

start oneLayerHandler

start escapeHandler

related types: 0
succeed_type_num: 0
related SI_num: 0
succeed_inst_num: 0
loop num: 1
WARNING: MYSQL connect failed!
Access denied for user 'petepc'@'localhost'

############## Indirect Call Target Results Statistics ##############
# Number icalls 				5
# Number total icall targets   			0

############## Alias Info Statistics ##############
# Number succeed alias icall 			0
# Number succeed func icall  			0

  Failed reasons:
# Number F has no global definition  		0
# Number binary_operation    			0
# Number llvm_used           			0
# Number exceed_max          			0

############## Time Statistics ##############

############## Round Statistics ##############
Round: 0
reduce_num_icall: 0
reduce_num_func: 0
reduce_num_onelayer: 0
reduce_num_escape: 0
reduce_num_total: 0


# Load time            		0.002403
# Typebuilder time     		0.000315
# MLTA time            		0.000355
# Icall alias time     		6.9e-05
# Func alias time      		0.003765
# One layer alias time 		1.1e-05
# Escape alias time    		6.4e-05
# DB time              		0.001968
