Total 1 file(s)
Openmp enabled
[TypeBuilder] Initializing 1 modules .
[TypeBuilder / 1] [1 / 1] [tests/open_ssl_bc/openssl-bin-progs.o]

[TypeBuilder] Updated in 0 modules.
[TypeBuilder] Postprocessing ...
[TypeBuilder] Done!

[CHABuilder] Initializing 1 modules .
[CHABuilder / 1] [1 / 1] [tests/open_ssl_bc/openssl-bin-progs.o]

[CHABuilder] Updated in 0 modules.
[CHABuilder] Postprocessing ...
[CHABuilder] Done!

[CallGraph] Initializing 1 modules 0: Module: tests/open_ssl_bc/openssl-bin-progs.o
.
[CallGraph / 1] [1 / 1] [tests/open_ssl_bc/openssl-bin-progs.o]

[CallGraph] Updated in 0 modules.
[CallGraph] Postprocessing ...
[CallGraph] Done!


 Start Func Alias Analysis

0 Top func: asn1parse_main

1 Top func: dsa_main

2 Top func: skeyutl_main

3 Top func: verify_main

4 Top func: gendsa_main

5 Top func: mac_main
     Top func: dsa_main Failed
     Top func: asn1parse_main Failed
     Top func: skeyutl_main Failed
     Top func: verify_main Failed
     Top func: gendsa_main Failed

6 Top func: dsaparam_main

7 Top func: ca_main

8 Top func: smime_main

9 Top func: version_main
     Top func: mac_main Failed

10 Top func: genpkey_main

11 Top func: nseq_main
     Top func: dsaparam_main Failed
     Top func: ca_main Failed
     Top func: smime_main Failed
     Top func: version_main Failed

12 Top func: ec_main

13 Top func: ciphers_main

14 Top func: speed_main
     Top func: genpkey_main Failed
     Top func: nseq_main Failed

15 Top func: x509_main

16 Top func: genrsa_main

17 Top func: ocsp_main
     Top func: ec_main Failed
     Top func: ciphers_main Failed
     Top func: speed_main Failed

18 Top func: ecparam_main

19 Top func: cmp_main

20 Top func: spkac_main
     Top func: x509_main Failed
     Top func: genrsa_main Failed
     Top func: ocsp_main Failed

21 Top func: crl_main

22 Top func: help_main
     Top func: ecparam_main Failed
     Top func: cmp_main Failed

23 Top func: passwd_main
     Top func: spkac_main Failed

24 Top func: enc_main

25 Top func: cms_main
     Top func: crl_main Failed
     Top func: help_main Failed

26 Top func: srp_main
     Top func: passwd_main Failed

27 Top func: pkey_main

28 Top func: crl2pkcs7_main

29 Top func: info_main
     Top func: cms_main Failed

30 Top func: pkcs12_main
     Top func: srp_main Failed

31 Top func: configutl_main
     Top func: pkey_main Failed
     Top func: crl2pkcs7_main Failed
     Top func: info_main Failed

32 Top func: storeutl_main

33 Top func: pkeyparam_main
     Top func: pkcs12_main Failed

34 Top func: dgst_main

35 Top func: kdf_main
     Top func: configutl_main Failed

36 Top func: pkcs7_main
     Top func: storeutl_main Failed
     Top func: pkeyparam_main Failed

37 Top func: sess_id_main
     Top func: kdf_main Failed
     Top func: dgst_main Failed

38 Top func: ts_main

39 Top func: pkeyutl_main

40 Top func: list_main
     Top func: pkcs7_main Failed

41 Top func: dhparam_main
     Top func: sess_id_main Failed

42 Top func: pkcs8_main
     Top func: ts_main Failed
     Top func: pkeyutl_main Failed
     Top func: list_main Failed

43 Top func: fipsinstall_main
     Top func: dhparam_main Failed

44 Top func: errstr_main

45 Top func: prime_main

46 Top func: rehash_main
     Top func: pkcs8_main Failed

47 Top func: rand_main
     Top func: fipsinstall_main Failed

48 Top func: req_main
     Top func: errstr_main Failed
     Top func: prime_main Failed
     Top func: rehash_main Failed

49 Top func: s_time_main

50 Top func: s_server_main

51 Top func: s_client_main
     Top func: rand_main Failed

52 Top func: rsautl_main
     Top func: req_main Failed

53 Top func: rsa_main
     Top func: s_time_main Failed
     Top func: s_server_main Failed
     Top func: s_client_main Failed
     Top func: rsautl_main Failed
     Top func: rsa_main Failed
     Top func: enc_main Failed

Update global ICallees info

 Start ICall Alias Analysis

start oneLayerHandler

start escapeHandler

related types: 0
succeed_type_num: 0
related SI_num: 0
succeed_inst_num: 0
loop num: 1
WARNING: MYSQL connect failed!
Access denied for user 'petepc'@'localhost'

############## Indirect Call Target Results Statistics ##############
# Number icalls 				0
# Number total icall targets   			0

############## Alias Info Statistics ##############
# Number succeed alias icall 			0
# Number succeed func icall  			0

  Failed reasons:
# Number F has no global definition  		0
# Number binary_operation    			0
# Number llvm_used           			0
# Number exceed_max          			0

############## Time Statistics ##############

############## Round Statistics ##############
Round: 0
reduce_num_icall: 0
reduce_num_func: 0
reduce_num_onelayer: 0
reduce_num_escape: 0
reduce_num_total: 0


# Load time            		0.014032
# Typebuilder time     		0.000398
# MLTA time            		0.000845
# Icall alias time     		6.2e-05
# Func alias time      		0.002952
# One layer alias time 		7e-06
# Escape alias time    		5.6e-05
# DB time              		0.002343
