Total 1 file(s)
Openmp enabled
[TypeBuilder] Initializing 1 modules .
[TypeBuilder / 1] [1 / 1] [tests/open_ssl_bc/libcrypto-lib-v3_genn.o]

[TypeBuilder] Updated in 0 modules.
[TypeBuilder] Postprocessing ...
[TypeBuilder] Done!

[CHABuilder] Initializing 1 modules .
[CHABuilder / 1] [1 / 1] [tests/open_ssl_bc/libcrypto-lib-v3_genn.o]

[CHABuilder] Updated in 0 modules.
[CHABuilder] Postprocessing ...
[CHABuilder] Done!

[CallGraph] Initializing 1 modules 0: Module: tests/open_ssl_bc/libcrypto-lib-v3_genn.o
.
[CallGraph / 1] [1 / 1] [tests/open_ssl_bc/libcrypto-lib-v3_genn.o]

[CallGraph] Updated in 0 modules.
[CallGraph] Postprocessing ...
[CallGraph] Done!


 Start Func Alias Analysis

0 Top func: ASN1_IA5STRING_it

Merge complete --- Not blocked by TBAA or TFA check
1Merge complete --- Not blocked by TBAA or TFA check
 Top func: Merge complete --- Not blocked by TBAA or TFA check
GENERAL_NAME_itMerge complete --- Not blocked by TBAA or TFA check

Merge complete --- Not blocked by TBAA or TFA check
Merge complete --- Not blocked by TBAA or TFA check
Merge complete --- Not blocked by TBAA or TFA check
Merge complete --- Not blocked by TBAA or TFA check
Merge complete --- Not blocked by TBAA or TFA check
Merge complete --- Not blocked by TBAA or TFA check
Merge complete --- Not blocked by TBAA or TFA check
Merge complete --- Not blocked by TBAA or TFA check
Merge complete --- Not blocked by TBAA or TFA check
Merge complete --- Not blocked by TBAA or TFA check
Merge complete --- Not blocked by TBAA or TFA check
Merge complete --- Not blocked by TBAA or TFA check
Merge complete --- Not blocked by TBAA or TFA check
Merge complete --- Not blocked by TBAA or TFA check
Merge complete --- Not blocked by TBAA or TFA check
Merge complete --- Not blocked by TBAA or TFA check
Merge complete --- Not blocked by TBAA or TFA check
Merge complete --- Not blocked by TBAA or TFA check
Merge complete --- Not blocked by TBAA or TFA check
Merge complete --- Not blocked by TBAA or TFA check
Merge complete --- Not blocked by TBAA or TFA check
Merge complete --- Not blocked by TBAA or TFA check
Merge complete --- Not blocked by TBAA or TFA check
Merge complete --- Not blocked by TBAA or TFA check
Merge complete --- Not blocked by TBAA or TFA check
Merge complete --- Not blocked by TBAA or TFA check
Merge complete --- Not blocked by TBAA or TFA check
Merge complete --- Not blocked by TBAA or TFA check
Merge complete --- Not blocked by TBAA or TFA check
Merge complete --- Not blocked by TBAA or TFA check
Merge complete --- Not blocked by TBAA or TFA check
Merge complete --- Not blocked by TBAA or TFA check
Merge complete --- Not blocked by TBAA or TFA check
Merge complete --- Not blocked by TBAA or TFA check
Merge complete --- Not blocked by TBAA or TFA check
Merge complete --- Not blocked by TBAA or TFA check
Merge complete --- Not blocked by TBAA or TFA check
Merge complete --- Not blocked by TBAA or TFA check
Merge complete --- Not blocked by TBAA or TFA check
Merge complete --- Not blocked by TBAA or TFA check
Merge complete --- Not blocked by TBAA or TFA check
Merge complete --- Not blocked by TBAA or TFA check
Merge complete --- Not blocked by TBAA or TFA check
Merge complete --- Not blocked by TBAA or TFA check
Merge complete --- Not blocked by TBAA or TFA check
Merge complete --- Not blocked by TBAA or TFA check
Merge complete --- Not blocked by TBAA or TFA check
Merge complete --- Not blocked by TBAA or TFA check
Merge complete --- Not blocked by TBAA or TFA check
Merge complete --- Not blocked by TBAA or TFA check
Merge complete --- Not blocked by TBAA or TFA check
Merge complete --- Not blocked by TBAA or TFA check
Merge complete --- Not blocked by TBAA or TFA check
Merge complete --- Not blocked by TBAA or TFA check
Merge complete --- Not blocked by TBAA or TFA check
Merge complete --- Not blocked by TBAA or TFA check
Merge complete --- Not blocked by TBAA or TFA check
Merge complete --- Not blocked by TBAA or TFA check
Merge complete --- Not blocked by TBAA or TFA check
Merge complete --- Not blocked by TBAA or TFA check
Merge complete --- Not blocked by TBAA or TFA check
Merge complete --- Not blocked by TBAA or TFA check
Merge complete --- Not blocked by TBAA or TFA check
Merge complete --- Not blocked by TBAA or TFA check
Merge complete --- Not blocked by TBAA or TFA check

Merge complete --- Not blocked by TBAA or TFA check
Merge complete --- Not blocked by TBAA or TFA check
Merge complete --- Not blocked by TBAA or TFA check
Merge complete --- Not blocked by TBAA or TFA check
Merge complete --- Not blocked by TBAA or TFA check
Merge complete --- Not blocked by TBAA or TFA check
Merge complete --- Not blocked by TBAA or TFA check
Merge complete --- Not blocked by TBAA or TFA check
Merge complete --- Not blocked by TBAA or TFA check
Merge complete --- Not blocked by TBAA or TFA check
2 Top func: ASN1_ANY_it

Merge complete --- Not blocked by TBAA or TFA check
Merge complete --- Not blocked by TBAA or TFA check
Merge complete --- Not blocked by TBAA or TFA check
Merge complete --- Not blocked by TBAA or TFA check
Merge complete --- Not blocked by TBAA or TFA check
Merge complete --- Not blocked by TBAA or TFA check
Merge complete --- Not blocked by TBAA or TFA check
Merge complete --- Not blocked by TBAA or TFA check
Merge complete --- Not blocked by TBAA or TFA check
Merge complete --- Not blocked by TBAA or TFA check
Merge complete --- Not blocked by TBAA or TFA check
Merge complete --- Not blocked by TBAA or TFA check
Merge complete --- Not blocked by TBAA or TFA check
Merge complete --- Not blocked by TBAA or TFA check
Merge complete --- Not blocked by TBAA or TFA check
3 Top func: EDIPARTYNAME_it
Merge complete --- Not blocked by TBAA or TFA check

4 Top func: i2d_GENERAL_NAME
Merge complete --- Not blocked by TBAA or TFA check
Merge complete --- Not blocked by TBAA or TFA check
Merge complete --- Not blocked by TBAA or TFA check
Merge complete --- Not blocked by TBAA or TFA check
Merge complete --- Not blocked by TBAA or TFA check
Merge complete --- Not blocked by TBAA or TFA check
Merge complete --- Not blocked by TBAA or TFA check
Merge complete --- Not blocked by TBAA or TFA check
Merge complete --- Not blocked by TBAA or TFA check
Merge complete --- Not blocked by TBAA or TFA check
Merge complete --- Not blocked by TBAA or TFA check
Merge complete --- Not blocked by TBAA or TFA check
Merge complete --- Not blocked by TBAA or TFA check
Merge complete --- Not blocked by TBAA or TFA check
Merge complete --- Not blocked by TBAA or TFA check
Merge complete --- Not blocked by TBAA or TFA check
Merge complete --- Not blocked by TBAA or TFA check
Merge complete --- Not blocked by TBAA or TFA check
Merge complete --- Not blocked by TBAA or TFA check
Merge complete --- Not blocked by TBAA or TFA check
Merge complete --- Not blocked by TBAA or TFA check
Merge complete --- Not blocked by TBAA or TFA check
Merge complete --- Not blocked by TBAA or TFA check
Merge complete --- Not blocked by TBAA or TFA check
Merge complete --- Not blocked by TBAA or TFA check
Merge complete --- Not blocked by TBAA or TFA check
Merge complete --- Not blocked by TBAA or TFA check
Merge complete --- Not blocked by TBAA or TFA check
Merge complete --- Not blocked by TBAA or TFA check
Merge complete --- Not blocked by TBAA or TFA check
Merge complete --- Not blocked by TBAA or TFA check
Merge complete --- Not blocked by TBAA or TFA check
Merge complete --- Not blocked by TBAA or TFA check
Merge complete --- Not blocked by TBAA or TFA check
Merge complete --- Not blocked by TBAA or TFA check
Merge complete --- Not blocked by TBAA or TFA check
Merge complete --- Not blocked by TBAA or TFA check
Merge complete --- Not blocked by TBAA or TFA check
Merge complete --- Not blocked by TBAA or TFA check
Merge complete --- Not blocked by TBAA or TFA check
Merge complete --- Not blocked by TBAA or TFA check
Merge complete --- Not blocked by TBAA or TFA check
Merge complete --- Not blocked by TBAA or TFA check
Merge complete --- Not blocked by TBAA or TFA check
Merge complete --- Not blocked by TBAA or TFA check
Merge complete --- Not blocked by TBAA or TFA check
Merge complete --- Not blocked by TBAA or TFA check

5 Top func: ASN1_SEQUENCE_it
Merge complete --- Not blocked by TBAA or TFA check
Merge complete --- Not blocked by TBAA or TFA check
Merge complete --- Not blocked by TBAA or TFA check
Merge complete --- Not blocked by TBAA or TFA check
Merge complete --- Not blocked by TBAA or TFA check
Merge complete --- Not blocked by TBAA or TFA check
Merge complete --- Not blocked by TBAA or TFA check
Merge complete --- Not blocked by TBAA or TFA check
Merge complete --- Not blocked by TBAA or TFA check
Merge complete --- Not blocked by TBAA or TFA check
Merge complete --- Not blocked by TBAA or TFA check
Merge complete --- Not blocked by TBAA or TFA check
Merge complete --- Not blocked by TBAA or TFA check
Merge complete --- Not blocked by TBAA or TFA check
Merge complete --- Not blocked by TBAA or TFA check
Merge complete --- Not blocked by TBAA or TFA check
Merge complete --- Not blocked by TBAA or TFA check
Merge complete --- Not blocked by TBAA or TFA check
Merge complete --- Not blocked by TBAA or TFA check
Merge complete --- Not blocked by TBAA or TFA check
Merge complete --- Not blocked by TBAA or TFA check
Merge complete --- Not blocked by TBAA or TFA check
Merge complete --- Not blocked by TBAA or TFA check
Merge complete --- Not blocked by TBAA or TFA check
Merge complete --- Not blocked by TBAA or TFA check
Merge complete --- Not blocked by TBAA or TFA check
Merge complete --- Not blocked by TBAA or TFA check
Merge complete --- Not blocked by TBAA or TFA check
Merge complete --- Not blocked by TBAA or TFA check
Merge complete --- Not blocked by TBAA or TFA check
Merge complete --- Not blocked by TBAA or TFA check
Merge complete --- Not blocked by TBAA or TFA check
Merge complete --- Not blocked by TBAA or TFA check
Merge complete --- Not blocked by TBAA or TFA check

Analyzed func: ASN1_IA5STRING_it
DefinitionFuncSet size: 0
aliased_callset size: 8

Analyzed func: GENERAL_NAME_it
DefinitionFuncSet size: 1
aliased_callset size: 4

6 Top func: X509_NAME_it
Merge complete --- Not blocked by TBAA or TFA check
Merge complete --- Not blocked by TBAA or TFA check
Merge complete --- Not blocked by TBAA or TFA check
Merge complete --- Not blocked by TBAA or TFA check
Merge complete --- Not blocked by TBAA or TFA check
Merge complete --- Not blocked by TBAA or TFA check
Merge complete --- Not blocked by TBAA or TFA check
Merge complete --- Not blocked by TBAA or TFA check
Merge complete --- Not blocked by TBAA or TFA check
Merge complete --- Not blocked by TBAA or TFA check
Merge complete --- Not blocked by TBAA or TFA check
Merge complete --- Not blocked by TBAA or TFA check
Merge complete --- Not blocked by TBAA or TFA check
Merge complete --- Not blocked by TBAA or TFA check
Merge complete --- Not blocked by TBAA or TFA check
Merge complete --- Not blocked by TBAA or TFA check
Merge complete --- Not blocked by TBAA or TFA check
Merge complete --- Not blocked by TBAA or TFA check
Merge complete --- Not blocked by TBAA or TFA check
Merge complete --- Not blocked by TBAA or TFA check
Merge complete --- Not blocked by TBAA or TFA check
Merge complete --- Not blocked by TBAA or TFA check
Merge complete --- Not blocked by TBAA or TFA check
Merge complete --- Not blocked by TBAA or TFA check
Merge complete --- Not blocked by TBAA or TFA check
Merge complete --- Not blocked by TBAA or TFA check
Merge complete --- Not blocked by TBAA or TFA check
Merge complete --- Not blocked by TBAA or TFA check
Merge complete --- Not blocked by TBAA or TFA check
Merge complete --- Not blocked by TBAA or TFA check
Merge complete --- Not blocked by TBAA or TFA check
Merge complete --- Not blocked by TBAA or TFA check
Merge complete --- Not blocked by TBAA or TFA check
Merge complete --- Not blocked by TBAA or TFA check

7 Top func: ASN1_OCTET_STRING_it
Merge complete --- Not blocked by TBAA or TFA check
Merge complete --- Not blocked by TBAA or TFA check
Merge complete --- Not blocked by TBAA or TFA check
Merge complete --- Not blocked by TBAA or TFA check
Merge complete --- Not blocked by TBAA or TFA check

Analyzed func: Merge complete --- Not blocked by TBAA or TFA check
ASN1_ANY_itMerge complete --- Not blocked by TBAA or TFA check

Merge complete --- Not blocked by TBAA or TFA check
DefinitionFuncSet size: Merge complete --- Not blocked by TBAA or TFA check
0Merge complete --- Not blocked by TBAA or TFA check

Merge complete --- Not blocked by TBAA or TFA check
aliased_callset size: Merge complete --- Not blocked by TBAA or TFA check
0Merge complete --- Not blocked by TBAA or TFA check

Merge complete --- Not blocked by TBAA or TFA check
Merge complete --- Not blocked by TBAA or TFA check
Merge complete --- Not blocked by TBAA or TFA check
Merge complete --- Not blocked by TBAA or TFA check
Merge complete --- Not blocked by TBAA or TFA check
Merge complete --- Not blocked by TBAA or TFA check
Merge complete --- Not blocked by TBAA or TFA check
Merge complete --- Not blocked by TBAA or TFA check
Merge complete --- Not blocked by TBAA or TFA check
Merge complete --- Not blocked by TBAA or TFA check
Merge complete --- Not blocked by TBAA or TFA check
Merge complete --- Not blocked by TBAA or TFA check
Merge complete --- Not blocked by TBAA or TFA check
Merge complete --- Not blocked by TBAA or TFA check
Merge complete --- Not blocked by TBAA or TFA check
Merge complete --- Not blocked by TBAA or TFA check
Merge complete --- Not blocked by TBAA or TFA check
Merge complete --- Not blocked by TBAA or TFA check
Merge complete --- Not blocked by TBAA or TFA check
Merge complete --- Not blocked by TBAA or TFA check
Merge complete --- Not blocked by TBAA or TFA check

8 Top func: OTHERNAME_it

Analyzed func: Merge complete --- Not blocked by TBAA or TFA check
i2d_GENERAL_NAME
Merge complete --- Not blocked by TBAA or TFA check
DefinitionFuncSet size: 1Merge complete --- Not blocked by TBAA or TFA check

Merge complete --- Not blocked by TBAA or TFA check
aliased_callset size: Merge complete --- Not blocked by TBAA or TFA check
0
Merge complete --- Not blocked by TBAA or TFA check
Merge complete --- Not blocked by TBAA or TFA check
Merge complete --- Not blocked by TBAA or TFA check
Merge complete --- Not blocked by TBAA or TFA check

9 Top func: d2i_GENERAL_NAME
Merge complete --- Not blocked by TBAA or TFA check

Analyzed func: EDIPARTYNAME_itMerge complete --- Not blocked by TBAA or TFA check
Merge complete --- Not blocked by TBAA or TFA check
Merge complete --- Not blocked by TBAA or TFA check
Merge complete --- Not blocked by TBAA or TFA check
Merge complete --- Not blocked by TBAA or TFA check
Merge complete --- Not blocked by TBAA or TFA check
Merge complete --- Not blocked by TBAA or TFA check
Merge complete --- Not blocked by TBAA or TFA check
Merge complete --- Not blocked by TBAA or TFA check
Merge complete --- Not blocked by TBAA or TFA check
Merge complete --- Not blocked by TBAA or TFA check
Merge complete --- Not blocked by TBAA or TFA check
Merge complete --- Not blocked by TBAA or TFA check
Merge complete --- Not blocked by TBAA or TFA check
Merge complete --- Not blocked by TBAA or TFA check
Merge complete --- Not blocked by TBAA or TFA check
Merge complete --- Not blocked by TBAA or TFA check
Merge complete --- Not blocked by TBAA or TFA check
Merge complete --- Not blocked by TBAA or TFA check
Merge complete --- Not blocked by TBAA or TFA check
Merge complete --- Not blocked by TBAA or TFA check
Merge complete --- Not blocked by TBAA or TFA check
Merge complete --- Not blocked by TBAA or TFA check
Merge complete --- Not blocked by TBAA or TFA check
Merge complete --- Not blocked by TBAA or TFA check
Merge complete --- Not blocked by TBAA or TFA check
Merge complete --- Not blocked by TBAA or TFA check
Merge complete --- Not blocked by TBAA or TFA check
Merge complete --- Not blocked by TBAA or TFA check
Merge complete --- Not blocked by TBAA or TFA check

DefinitionFuncSet size: Merge complete --- Not blocked by TBAA or TFA check
Merge complete --- Not blocked by TBAA or TFA check
1
Merge complete --- Not blocked by TBAA or TFA check
Merge complete --- Not blocked by TBAA or TFA check
Merge complete --- Not blocked by TBAA or TFA check
Merge complete --- Not blocked by TBAA or TFA check
Merge complete --- Not blocked by TBAA or TFA check
Merge complete --- Not blocked by TBAA or TFA check
Merge complete --- Not blocked by TBAA or TFA check
Merge complete --- Not blocked by TBAA or TFA check
Merge complete --- Not blocked by TBAA or TFA check
Merge complete --- Not blocked by TBAA or TFA check
aliased_callset size: 8

Analyzed func: ASN1_SEQUENCE_it
DefinitionFuncSet size: 0
aliased_callset size: 8

10 Top func: DIRECTORYSTRING_it
Merge complete --- Not blocked by TBAA or TFA check

Merge complete --- Not blocked by TBAA or TFA check
11Merge complete --- Not blocked by TBAA or TFA check
 Top func: ASN1_OBJECT_it
Merge complete --- Not blocked by TBAA or TFA check
Merge complete --- Not blocked by TBAA or TFA check
Merge complete --- Not blocked by TBAA or TFA check
Merge complete --- Not blocked by TBAA or TFA check
Merge complete --- Not blocked by TBAA or TFA check
Merge complete --- Not blocked by TBAA or TFA check
Merge complete --- Not blocked by TBAA or TFA check
Merge complete --- Not blocked by TBAA or TFA check
Merge complete --- Not blocked by TBAA or TFA check
Merge complete --- Not blocked by TBAA or TFA check
Merge complete --- Not blocked by TBAA or TFA check
Merge complete --- Not blocked by TBAA or TFA check
Merge complete --- Not blocked by TBAA or TFA check
Merge complete --- Not blocked by TBAA or TFA check
Merge complete --- Not blocked by TBAA or TFA check
Merge complete --- Not blocked by TBAA or TFA check
Merge complete --- Not blocked by TBAA or TFA check
Merge complete --- Not blocked by TBAA or TFA check
Merge complete --- Not blocked by TBAA or TFA check
Merge complete --- Not blocked by TBAA or TFA check
Merge complete --- Not blocked by TBAA or TFA check
Merge complete --- Not blocked by TBAA or TFA check
Merge complete --- Not blocked by TBAA or TFA check
Merge complete --- Not blocked by TBAA or TFA check
Merge complete --- Not blocked by TBAA or TFA check
Merge complete --- Not blocked by TBAA or TFA check
Merge complete --- Not blocked by TBAA or TFA check
Merge complete --- Not blocked by TBAA or TFA check
Merge complete --- Not blocked by TBAA or TFA check
Merge complete --- Not blocked by TBAA or TFA check
Merge complete --- Not blocked by TBAA or TFA check
Merge complete --- Not blocked by TBAA or TFA check
Merge complete --- Not blocked by TBAA or TFA check
Merge complete --- Not blocked by TBAA or TFA check
Merge complete --- Not blocked by TBAA or TFA check
Merge complete --- Not blocked by TBAA or TFA check
Merge complete --- Not blocked by TBAA or TFA check
Merge complete --- Not blocked by TBAA or TFA check
Merge complete --- Not blocked by TBAA or TFA check
Merge complete --- Not blocked by TBAA or TFA check
Merge complete --- Not blocked by TBAA or TFA check
Merge complete --- Not blocked by TBAA or TFA check
Merge complete --- Not blocked by TBAA or TFA check
Merge complete --- Not blocked by TBAA or TFA check
Merge complete --- Not blocked by TBAA or TFA check
Merge complete --- Not blocked by TBAA or TFA check
Merge complete --- Not blocked by TBAA or TFA check
Merge complete --- Not blocked by TBAA or TFA check
Merge complete --- Not blocked by TBAA or TFA check
Merge complete --- Not blocked by TBAA or TFA check
Merge complete --- Not blocked by TBAA or TFA check
Merge complete --- Not blocked by TBAA or TFA check
Merge complete --- Not blocked by TBAA or TFA check
Merge complete --- Not blocked by TBAA or TFA check
Merge complete --- Not blocked by TBAA or TFA check
Merge complete --- Not blocked by TBAA or TFA check
Merge complete --- Not blocked by TBAA or TFA check
Merge complete --- Not blocked by TBAA or TFA check
Merge complete --- Not blocked by TBAA or TFA check
Merge complete --- Not blocked by TBAA or TFA check
Merge complete --- Not blocked by TBAA or TFA check
Merge complete --- Not blocked by TBAA or TFA check
Merge complete --- Not blocked by TBAA or TFA check

Analyzed func: X509_NAME_it
DefinitionFuncSet size: 0
aliased_callset size: 8

Analyzed func: ASN1_OCTET_STRING_it
DefinitionFuncSet size: 0
aliased_callset size: 8

Analyzed func: d2i_GENERAL_NAME
DefinitionFuncSet size: 1
aliased_callset size: 0

Analyzed func: OTHERNAME_it
DefinitionFuncSet size: 1
aliased_callset size: 8

Analyzed func: DIRECTORYSTRING_it
DefinitionFuncSet size: 0
aliased_callset size: 0

Analyzed func: ASN1_OBJECT_it
DefinitionFuncSet size: 0
aliased_callset size: 8

Update global ICallees info

 Start ICall Alias Analysis

start oneLayerHandler

start escapeHandler

related types: 0
succeed_type_num: 0
related SI_num: 0
succeed_inst_num: 0
loop num: 1
WARNING: MYSQL connect failed!
Access denied for user 'petepc'@'localhost'

############## Indirect Call Target Results Statistics ##############
# Number icalls 				0
# Number total icall targets   			0

############## Alias Info Statistics ##############
# Number succeed alias icall 			0
# Number succeed func icall  			3

  Failed reasons:
# Number F has no global definition  		0
# Number binary_operation    			0
# Number llvm_used           			0
# Number exceed_max          			0

############## Time Statistics ##############

############## Round Statistics ##############
Round: 0
reduce_num_icall: 0
reduce_num_func: 0
reduce_num_onelayer: 0
reduce_num_escape: 0
reduce_num_total: 0


# Load time            		0.031262
# Typebuilder time     		0.000459
# MLTA time            		0.000395
# Icall alias time     		0.000214
# Func alias time      		0.016103
# One layer alias time 		8.7e-05
# Escape alias time    		0.001113
# DB time              		0.002968
