Total 1 file(s)
Openmp enabled
[TypeBuilder] Initializing 1 modules .
[TypeBuilder / 1] [1 / 1] [tests/open_ssl_bc/libcrypto-shlib-ec_key.o]

[TypeBuilder] Updated in 0 modules.
[TypeBuilder] Postprocessing ...
[TypeBuilder] Done!

[CHABuilder] Initializing 1 modules .
[CHABuilder / 1] [1 / 1] [tests/open_ssl_bc/libcrypto-shlib-ec_key.o]

[CHABuilder] Updated in 0 modules.
[CHABuilder] Postprocessing ...
[CHABuilder] Done!

[CallGraph] Initializing 1 modules 0: Module: tests/open_ssl_bc/libcrypto-shlib-ec_key.o
.
[CallGraph / 1] [1 / 1] [tests/open_ssl_bc/libcrypto-shlib-ec_key.o]

[CallGraph] Updated in 0 modules.
[CallGraph] Postprocessing ...
[CallGraph] Done!


 Start Func Alias Analysis

Update global ICallees info

0 Update icall:   call void %31(ptr noundef %32), !dbg !507

1 Update icall:   %20 = call i32 %17(ptr noundef %18, ptr noundef %19), !dbg !493

2 Update icall:   %36 = call i32 %34(ptr noundef %35), !dbg !508

3 Update icall:   %20 = call i32 %17(ptr noundef %18, ptr noundef %19), !dbg !493

4 Update icall:   call void %54(ptr noundef %55), !dbg !519

5 Update icall:   %41 = call i64 %37(ptr noundef %38, ptr noundef %39, i64 noundef %40), !dbg !508

6 Update icall:   %243 = call i32 %240(ptr noundef %241, ptr noundef %242), !dbg !684

7 Update icall:   %70 = call i32 %67(ptr noundef %68, ptr noundef %69), !dbg !535

8 Update icall:   call void %32(ptr noundef %33), !dbg !510

9 Update icall:   %12 = call i32 %10(ptr noundef %11), !dbg !487

10 Update icall:   %42 = call i32 %38(ptr noundef %39, ptr noundef %40, i64 noundef %41), !dbg !510

11 Update icall:   %52 = call i32 %49(ptr noundef %50, ptr noundef %51), !dbg !521

12 Update icall:   %45 = call i32 %40(ptr noundef %41, ptr noundef %44), !dbg !521

13 Update icall:   %181 = call i32 %178(ptr noundef %179, ptr noundef %180), !dbg !627

14 Update icall:   %27 = call i32 %25(ptr noundef %26), !dbg !503

15 Update icall:   call void %55(ptr noundef %56), !dbg !522

 Start ICall Alias Analysis

start oneLayerHandler

start escapeHandler

related types: 0
succeed_type_num: 0
related SI_num: 0
succeed_inst_num: 0
loop num: 1
WARNING: MYSQL connect failed!
Access denied for user 'petepc'@'localhost'

############## Indirect Call Target Results Statistics ##############
# Number icalls 				16
# Number total icall targets   			0

############## Alias Info Statistics ##############
# Number succeed alias icall 			0
# Number succeed func icall  			0

  Failed reasons:
# Number F has no global definition  		0
# Number binary_operation    			0
# Number llvm_used           			0
# Number exceed_max          			0

############## Time Statistics ##############

############## Round Statistics ##############
Round: 0
reduce_num_icall: 0
reduce_num_func: 0
reduce_num_onelayer: 0
reduce_num_escape: 0
reduce_num_total: 0


# Load time            		0.028588
# Typebuilder time     		0.000689
# MLTA time            		0.000698
# Icall alias time     		9.7e-05
# Func alias time      		0.017409
# One layer alias time 		1.4e-05
# Escape alias time    		6.7e-05
# DB time              		0.002295
