Total 1 file(s)
Openmp enabled
[TypeBuilder] Initializing 1 modules .
[TypeBuilder / 1] [1 / 1] [tests/open_ssl_bc/libcrypto-lib-bio_asn1.o]

[TypeBuilder] Updated in 0 modules.
[TypeBuilder] Postprocessing ...
[TypeBuilder] Done!

[CHABuilder] Initializing 1 modules .
[CHABuilder / 1] [1 / 1] [tests/open_ssl_bc/libcrypto-lib-bio_asn1.o]

[CHABuilder] Updated in 0 modules.
[CHABuilder] Postprocessing ...
[CHABuilder] Done!

[CallGraph] Initializing 1 modules 0: Module: tests/open_ssl_bc/libcrypto-lib-bio_asn1.o
.
[CallGraph / 1] [1 / 1] [tests/open_ssl_bc/libcrypto-lib-bio_asn1.o]

[CallGraph] Updated in 0 modules.
[CallGraph] Postprocessing ...
[CallGraph] Done!


 Start Func Alias Analysis

0 Top func: bwrite_conv

1 Top func: bread_conv

Merge complete --- Not blocked by TBAA or TFA check
2Merge complete --- Not blocked by TBAA or TFA check
 Top func: Merge complete --- Not blocked by TBAA or TFA check
asn1_bio_getsMerge complete --- Not blocked by TBAA or TFA check

Merge complete --- Not blocked by TBAA or TFA check

Merge complete --- Not blocked by TBAA or TFA check
Merge complete --- Not blocked by TBAA or TFA check
3Merge complete --- Not blocked by TBAA or TFA check
Merge complete --- Not blocked by TBAA or TFA check
 Top func: Merge complete --- Not blocked by TBAA or TFA check
Merge complete --- Not blocked by TBAA or TFA check
asn1_bio_putsMerge complete --- Not blocked by TBAA or TFA check
Merge complete --- Not blocked by TBAA or TFA check

Merge complete --- Not blocked by TBAA or TFA check
Merge complete --- Not blocked by TBAA or TFA check

Merge complete --- Not blocked by TBAA or TFA check
Merge complete --- Not blocked by TBAA or TFA check
4Merge complete --- Not blocked by TBAA or TFA check
Merge complete --- Not blocked by TBAA or TFA check
 Top func: Merge complete --- Not blocked by TBAA or TFA check
Merge complete --- Not blocked by TBAA or TFA check
asn1_bio_ctrlMerge complete --- Not blocked by TBAA or TFA check
Merge complete --- Not blocked by TBAA or TFA check

Merge complete --- Not blocked by TBAA or TFA check
Merge complete --- Not blocked by TBAA or TFA check

Merge complete --- Not blocked by TBAA or TFA check
Merge complete --- Not blocked by TBAA or TFA check
5Merge complete --- Not blocked by TBAA or TFA check
Merge complete --- Not blocked by TBAA or TFA check
 Top func: Merge complete --- Not blocked by TBAA or TFA check
Merge complete --- Not blocked by TBAA or TFA check
asn1_bio_freeMerge complete --- Not blocked by TBAA or TFA check
Merge complete --- Not blocked by TBAA or TFA check

Merge complete --- Not blocked by TBAA or TFA check
Merge complete --- Not blocked by TBAA or TFA check

Merge complete --- Not blocked by TBAA or TFA check
Merge complete --- Not blocked by TBAA or TFA check
6Merge complete --- Not blocked by TBAA or TFA check
Merge complete --- Not blocked by TBAA or TFA check
 Top func: Merge complete --- Not blocked by TBAA or TFA check
Merge complete --- Not blocked by TBAA or TFA check
asn1_bio_newMerge complete --- Not blocked by TBAA or TFA check
Merge complete --- Not blocked by TBAA or TFA check

Merge complete --- Not blocked by TBAA or TFA check
Merge complete --- Not blocked by TBAA or TFA check

Merge complete --- Not blocked by TBAA or TFA check
Merge complete --- Not blocked by TBAA or TFA check
7Merge complete --- Not blocked by TBAA or TFA check
Merge complete --- Not blocked by TBAA or TFA check
 Top func: Merge complete --- Not blocked by TBAA or TFA check
Merge complete --- Not blocked by TBAA or TFA check
asn1_bio_callback_ctrlMerge complete --- Not blocked by TBAA or TFA check
Merge complete --- Not blocked by TBAA or TFA check

Merge complete --- Not blocked by TBAA or TFA check
Merge complete --- Not blocked by TBAA or TFA check

Analyzed func: Merge complete --- Not blocked by TBAA or TFA check
Merge complete --- Not blocked by TBAA or TFA check
bread_convMerge complete --- Not blocked by TBAA or TFA check
Merge complete --- Not blocked by TBAA or TFA check

Merge complete --- Not blocked by TBAA or TFA check
Merge complete --- Not blocked by TBAA or TFA check
DefinitionFuncSet size: Merge complete --- Not blocked by TBAA or TFA check
Merge complete --- Not blocked by TBAA or TFA check
0Merge complete --- Not blocked by TBAA or TFA check
Merge complete --- Not blocked by TBAA or TFA check

Merge complete --- Not blocked by TBAA or TFA check
aliased_callset size: Merge complete --- Not blocked by TBAA or TFA check
1Merge complete --- Not blocked by TBAA or TFA check

Merge complete --- Not blocked by TBAA or TFA check

Analyzed func: Merge complete --- Not blocked by TBAA or TFA check
asn1_bio_gets
DefinitionFuncSet size: 1
aliased_callset size: 1

Analyzed func: asn1_bio_puts
DefinitionFuncSet size: 1
aliased_callset size: 1

Analyzed func: asn1_bio_ctrl
DefinitionFuncSet size: 1
aliased_callset size: 1

8 Top func: asn1_bio_read

Merge complete --- Not blocked by TBAA or TFA check
9Merge complete --- Not blocked by TBAA or TFA check
 Top func: Merge complete --- Not blocked by TBAA or TFA check
asn1_bio_writeMerge complete --- Not blocked by TBAA or TFA check

Merge complete --- Not blocked by TBAA or TFA check

Analyzed func: Merge complete --- Not blocked by TBAA or TFA check
Merge complete --- Not blocked by TBAA or TFA check
asn1_bio_freeMerge complete --- Not blocked by TBAA or TFA check
Merge complete --- Not blocked by TBAA or TFA check

Merge complete --- Not blocked by TBAA or TFA check
Merge complete --- Not blocked by TBAA or TFA check
DefinitionFuncSet size: Merge complete --- Not blocked by TBAA or TFA check
Merge complete --- Not blocked by TBAA or TFA check
1Merge complete --- Not blocked by TBAA or TFA check
Merge complete --- Not blocked by TBAA or TFA check

Merge complete --- Not blocked by TBAA or TFA check
aliased_callset size: 1
Merge complete --- Not blocked by TBAA or TFA check

Analyzed func: Merge complete --- Not blocked by TBAA or TFA check
asn1_bio_newMerge complete --- Not blocked by TBAA or TFA check

Merge complete --- Not blocked by TBAA or TFA check
DefinitionFuncSet size: Merge complete --- Not blocked by TBAA or TFA check
1Merge complete --- Not blocked by TBAA or TFA check

Merge complete --- Not blocked by TBAA or TFA check
aliased_callset size: Merge complete --- Not blocked by TBAA or TFA check
1Merge complete --- Not blocked by TBAA or TFA check

Merge complete --- Not blocked by TBAA or TFA check

Analyzed func: Merge complete --- Not blocked by TBAA or TFA check
asn1_bio_callback_ctrlMerge complete --- Not blocked by TBAA or TFA check

Merge complete --- Not blocked by TBAA or TFA check
DefinitionFuncSet size: Merge complete --- Not blocked by TBAA or TFA check
1Merge complete --- Not blocked by TBAA or TFA check

aliased_callset size: Merge complete --- Not blocked by TBAA or TFA check
1Merge complete --- Not blocked by TBAA or TFA check

Merge complete --- Not blocked by TBAA or TFA check
Merge complete --- Not blocked by TBAA or TFA check

Analyzed func: Merge complete --- Not blocked by TBAA or TFA check
asn1_bio_readMerge complete --- Not blocked by TBAA or TFA check

Merge complete --- Not blocked by TBAA or TFA check
DefinitionFuncSet size: Merge complete --- Not blocked by TBAA or TFA check
1Merge complete --- Not blocked by TBAA or TFA check

Merge complete --- Not blocked by TBAA or TFA check
aliased_callset size: Merge complete --- Not blocked by TBAA or TFA check
1Merge complete --- Not blocked by TBAA or TFA check

Merge complete --- Not blocked by TBAA or TFA check
Merge complete --- Not blocked by TBAA or TFA check
Merge complete --- Not blocked by TBAA or TFA check
Merge complete --- Not blocked by TBAA or TFA check
Merge complete --- Not blocked by TBAA or TFA check
Merge complete --- Not blocked by TBAA or TFA check
Merge complete --- Not blocked by TBAA or TFA check
Merge complete --- Not blocked by TBAA or TFA check
Merge complete --- Not blocked by TBAA or TFA check
Merge complete --- Not blocked by TBAA or TFA check
Merge complete --- Not blocked by TBAA or TFA check
Merge complete --- Not blocked by TBAA or TFA check
Merge complete --- Not blocked by TBAA or TFA check
Merge complete --- Not blocked by TBAA or TFA check
Merge complete --- Not blocked by TBAA or TFA check
Merge complete --- Not blocked by TBAA or TFA check
Merge complete --- Not blocked by TBAA or TFA check
Merge complete --- Not blocked by TBAA or TFA check
Merge complete --- Not blocked by TBAA or TFA check
Merge complete --- Not blocked by TBAA or TFA check
Merge complete --- Not blocked by TBAA or TFA check
Merge complete --- Not blocked by TBAA or TFA check
Merge complete --- Not blocked by TBAA or TFA check
Merge complete --- Not blocked by TBAA or TFA check
Merge complete --- Not blocked by TBAA or TFA check
Merge complete --- Not blocked by TBAA or TFA check
Merge complete --- Not blocked by TBAA or TFA check
Merge complete --- Not blocked by TBAA or TFA check
Merge complete --- Not blocked by TBAA or TFA check
Merge complete --- Not blocked by TBAA or TFA check
Merge complete --- Not blocked by TBAA or TFA check
Merge complete --- Not blocked by TBAA or TFA check
Merge complete --- Not blocked by TBAA or TFA check
Merge complete --- Not blocked by TBAA or TFA check
Merge complete --- Not blocked by TBAA or TFA check
Merge complete --- Not blocked by TBAA or TFA check
Merge complete --- Not blocked by TBAA or TFA check
Merge complete --- Not blocked by TBAA or TFA check
Merge complete --- Not blocked by TBAA or TFA check
Merge complete --- Not blocked by TBAA or TFA check
Merge complete --- Not blocked by TBAA or TFA check
Merge complete --- Not blocked by TBAA or TFA check
Merge complete --- Not blocked by TBAA or TFA check
Merge complete --- Not blocked by TBAA or TFA check
Merge complete --- Not blocked by TBAA or TFA check
Merge complete --- Not blocked by TBAA or TFA check
Merge complete --- Not blocked by TBAA or TFA check
Merge complete --- Not blocked by TBAA or TFA check
Merge complete --- Not blocked by TBAA or TFA check
Merge complete --- Not blocked by TBAA or TFA check
Merge complete --- Not blocked by TBAA or TFA check
Merge complete --- Not blocked by TBAA or TFA check
Merge complete --- Not blocked by TBAA or TFA check
Merge complete --- Not blocked by TBAA or TFA check
Merge complete --- Not blocked by TBAA or TFA check
Merge complete --- Not blocked by TBAA or TFA check
Merge complete --- Not blocked by TBAA or TFA check
Merge complete --- Not blocked by TBAA or TFA check
Merge complete --- Not blocked by TBAA or TFA check
Merge complete --- Not blocked by TBAA or TFA check
Merge complete --- Not blocked by TBAA or TFA check
Merge complete --- Not blocked by TBAA or TFA check
Merge complete --- Not blocked by TBAA or TFA check
Merge complete --- Not blocked by TBAA or TFA check
Merge complete --- Not blocked by TBAA or TFA check
Merge complete --- Not blocked by TBAA or TFA check
Merge complete --- Not blocked by TBAA or TFA check
Merge complete --- Not blocked by TBAA or TFA check
Merge complete --- Not blocked by TBAA or TFA check
Merge complete --- Not blocked by TBAA or TFA check
Merge complete --- Not blocked by TBAA or TFA check
Merge complete --- Not blocked by TBAA or TFA check
Merge complete --- Not blocked by TBAA or TFA check
Merge complete --- Not blocked by TBAA or TFA check
Merge complete --- Not blocked by TBAA or TFA check
Merge complete --- Not blocked by TBAA or TFA check
Merge complete --- Not blocked by TBAA or TFA check
     Top func: asn1_bio_write Failed
Merge complete --- Not blocked by TBAA or TFA check
Merge complete --- Not blocked by TBAA or TFA check
Merge complete --- Not blocked by TBAA or TFA check
Merge complete --- Not blocked by TBAA or TFA check
Merge complete --- Not blocked by TBAA or TFA check
Merge complete --- Not blocked by TBAA or TFA check
Merge complete --- Not blocked by TBAA or TFA check
Merge complete --- Not blocked by TBAA or TFA check
Merge complete --- Not blocked by TBAA or TFA check
Merge complete --- Not blocked by TBAA or TFA check

Analyzed func: bwrite_conv
DefinitionFuncSet size: 0
aliased_callset size: 1

Update global ICallees info

0 Update icall:   %63 = call i32 %55(ptr noundef %56, ptr noundef %58, ptr noundef %60, ptr noundef %62), !dbg !204

1 Update icall:   %47 = call i32 %39(ptr noundef %40, ptr noundef %42, ptr noundef %44, ptr noundef %46), !dbg !185

2 Update icall:   %23 = call i32 %15(ptr noundef %16, ptr noundef %18, ptr noundef %20, ptr noundef %22), !dbg !168

3 Update icall:   %30 = call i32 %22(ptr noundef %23, ptr noundef %25, ptr noundef %27, ptr noundef %29), !dbg !172

 Start ICall Alias Analysis

start oneLayerHandler

start escapeHandler

related types: 0
succeed_type_num: 0
related SI_num: 0
succeed_inst_num: 0
loop num: 1
WARNING: MYSQL connect failed!
Access denied for user 'petepc'@'localhost'

############## Indirect Call Target Results Statistics ##############
# Number icalls 				4
# Number total icall targets   			0

############## Alias Info Statistics ##############
# Number succeed alias icall 			0
# Number succeed func icall  			7

  Failed reasons:
# Number F has no global definition  		0
# Number binary_operation    			1
# Number llvm_used           			0
# Number exceed_max          			0

############## Time Statistics ##############

############## Round Statistics ##############
Round: 0
reduce_num_icall: 0
reduce_num_func: 0
reduce_num_onelayer: 0
reduce_num_escape: 0
reduce_num_total: 0


# Load time            		0.002545
# Typebuilder time     		0.00028
# MLTA time            		0.000312
# Icall alias time     		7.4e-05
# Func alias time      		0.004465
# One layer alias time 		6.7e-05
# Escape alias time    		0.000828
# DB time              		0.002156
