Total 1 file(s)
Openmp enabled
[TypeBuilder] Initializing 1 modules .
[TypeBuilder / 1] [1 / 1] [tests/open_ssl_bc/libcrypto-shlib-keymgmt_meth.o]

[TypeBuilder] Updated in 0 modules.
[TypeBuilder] Postprocessing ...
[TypeBuilder] Done!

[CHABuilder] Initializing 1 modules .
[CHABuilder / 1] [1 / 1] [tests/open_ssl_bc/libcrypto-shlib-keymgmt_meth.o]

[CHABuilder] Updated in 0 modules.
[CHABuilder] Postprocessing ...
[CHABuilder] Done!

[CallGraph] Initializing 1 modules 0: Module: tests/open_ssl_bc/libcrypto-shlib-keymgmt_meth.o
.
[CallGraph / 1] [1 / 1] [tests/open_ssl_bc/libcrypto-shlib-keymgmt_meth.o]

[CallGraph] Updated in 0 modules.
[CallGraph] Postprocessing ...
[CallGraph] Done!


 Start Func Alias Analysis

0 Top func: evp_keymgmt_up_ref

Merge complete --- Not blocked by TBAA or TFA check
1Merge complete --- Not blocked by TBAA or TFA check
 Top func: Merge complete --- Not blocked by TBAA or TFA check
help_get_legacy_alg_type_from_keymgmt
Merge complete --- Not blocked by TBAA or TFA check

Merge complete --- Not blocked by TBAA or TFA check
Merge complete --- Not blocked by TBAA or TFA check
2Merge complete --- Not blocked by TBAA or TFA check
 Top func: Merge complete --- Not blocked by TBAA or TFA check
evp_keymgmt_freeMerge complete --- Not blocked by TBAA or TFA check
Merge complete --- Not blocked by TBAA or TFA check

Merge complete --- Not blocked by TBAA or TFA check
Merge complete --- Not blocked by TBAA or TFA check

Merge complete --- Not blocked by TBAA or TFA check
Merge complete --- Not blocked by TBAA or TFA check
Merge complete --- Not blocked by TBAA or TFA check
3Merge complete --- Not blocked by TBAA or TFA check
Merge complete --- Not blocked by TBAA or TFA check
 Top func: Merge complete --- Not blocked by TBAA or TFA check
Merge complete --- Not blocked by TBAA or TFA check
keymgmt_from_algorithmMerge complete --- Not blocked by TBAA or TFA check

Merge complete --- Not blocked by TBAA or TFA check
Merge complete --- Not blocked by TBAA or TFA check

Analyzed func: Merge complete --- Not blocked by TBAA or TFA check
Merge complete --- Not blocked by TBAA or TFA check
Merge complete --- Not blocked by TBAA or TFA check
evp_keymgmt_up_refMerge complete --- Not blocked by TBAA or TFA check
Merge complete --- Not blocked by TBAA or TFA check
Merge complete --- Not blocked by TBAA or TFA check

Merge complete --- Not blocked by TBAA or TFA check
Merge complete --- Not blocked by TBAA or TFA check
Merge complete --- Not blocked by TBAA or TFA check
DefinitionFuncSet size: Merge complete --- Not blocked by TBAA or TFA check
Merge complete --- Not blocked by TBAA or TFA check
Merge complete --- Not blocked by TBAA or TFA check
1Merge complete --- Not blocked by TBAA or TFA check
Merge complete --- Not blocked by TBAA or TFA check

Merge complete --- Not blocked by TBAA or TFA check
aliased_callset size: 0Merge complete --- Not blocked by TBAA or TFA check

Merge complete --- Not blocked by TBAA or TFA check
Merge complete --- Not blocked by TBAA or TFA check

Analyzed func: evp_keymgmt_free
DefinitionFuncSet size: 1
aliased_callset size: 0

Analyzed func: help_get_legacy_alg_type_from_keymgmt
DefinitionFuncSet size: 1
aliased_callset size: 0

Analyzed func: keymgmt_from_algorithm
DefinitionFuncSet size: 1
aliased_callset size: 0

Update global ICallees info

0 Update icall:   %19 = call i32 %16(ptr noundef %17, ptr noundef %18), !dbg !232

1 Update icall:   %24 = call ptr %20(ptr noundef %21, i32 noundef %22, ptr noundef %23), !dbg !237

2 Update icall:   %40 = call ptr %36(ptr noundef %37, ptr noundef %38, ptr noundef %39), !dbg !249

3 Update icall:   %20 = call ptr %17(ptr noundef %18, i32 noundef %19), !dbg !234

4 Update icall:   %19 = call i32 %16(ptr noundef %17, ptr noundef %18), !dbg !232

5 Update icall:   %22 = call i32 %18(ptr noundef %19, i32 noundef %20, i32 noundef %21), !dbg !234

6 Update icall:   %19 = call i32 %16(ptr noundef %17, ptr noundef %18), !dbg !232

7 Update icall:   %18 = call ptr %16(ptr noundef %17), !dbg !233

8 Update icall:   call void %12(ptr noundef %13), !dbg !229

9 Update icall:   %12 = call i32 %9(ptr noundef %10, i32 noundef %11), !dbg !227

10 Update icall:   %19 = call i32 %16(ptr noundef %17, ptr noundef %18), !dbg !232

11 Update icall:   %22 = call i32 %18(ptr noundef %19, ptr noundef %20, i32 noundef %21), !dbg !234

12 Update icall:   %18 = call ptr %16(ptr noundef %17), !dbg !233

13 Update icall:   %18 = call ptr %16(ptr noundef null, ptr noundef %17), !dbg !233

14 Update icall:   %19 = call i32 %16(ptr noundef %17, ptr noundef %18), !dbg !232

15 Update icall:   %22 = call i32 %18(ptr noundef %19, i32 noundef %20, ptr noundef %21), !dbg !234

16 Update icall:   %32 = call ptr %30(i32 noundef %31), !dbg !244

17 Update icall:   call void %7(ptr noundef %8), !dbg !225

18 Update icall:   %18 = call ptr %16(ptr noundef null, ptr noundef %17), !dbg !233

19 Update icall:   %20 = call ptr %17(ptr noundef %18, i32 noundef %19), !dbg !234

20 Update icall:   %17 = call ptr %14(ptr noundef %15, i64 noundef %16), !dbg !230

21 Update icall:   %19 = call ptr %16(ptr noundef %17, i32 noundef %18), !dbg !232

22 Update icall:   %25 = call i32 %20(ptr noundef %21, i32 noundef %22, ptr noundef %23, ptr noundef %24), !dbg !236

23 Update icall:   %18 = call ptr %16(ptr noundef %17), !dbg !233

24 Update icall:   %32 = call ptr %30(i32 noundef %31), !dbg !244

 Start ICall Alias Analysis

0 Top func: evp_keymgmt_gen_cleanup
---icall:   call void %12(ptr noundef %13), !dbg !229
Merge complete --- Not blocked by TBAA or TFA check

Merge complete --- Not blocked by TBAA or TFA check
1Merge complete --- Not blocked by TBAA or TFA check
 Top func: Merge complete --- Not blocked by TBAA or TFA check
evp_keymgmt_freedata
---icall:   Merge complete --- Not blocked by TBAA or TFA check
call Merge complete --- Not blocked by TBAA or TFA check
voidMerge complete --- Not blocked by TBAA or TFA check
 %7(ptr noundef %8), !dbg !225
aliased_fset size: Merge complete --- Not blocked by TBAA or TFA check
0Merge complete --- Not blocked by TBAA or TFA check

Merge complete --- Not blocked by TBAA or TFA check
Merge complete --- Not blocked by TBAA or TFA check
Merge complete --- Not blocked by TBAA or TFA check
aliased_fset size: 0

start oneLayerHandler

start escapeHandler

related types: 2
succeed_type_num: 2
related SI_num: 2
succeed_inst_num: 2
loop num: 1
WARNING: MYSQL connect failed!
Access denied for user 'petepc'@'localhost'

############## Indirect Call Target Results Statistics ##############
# Number icalls 				25
# Number total icall targets   			0

############## Alias Info Statistics ##############
# Number succeed alias icall 			2
# Number succeed func icall  			0

  Failed reasons:
# Number F has no global definition  		0
# Number binary_operation    			0
# Number llvm_used           			0
# Number exceed_max          			0

############## Time Statistics ##############

############## Round Statistics ##############
Round: 0
reduce_num_icall: 0
reduce_num_func: 2
reduce_num_onelayer: 0
reduce_num_escape: 0
reduce_num_total: 2


# Load time            		0.003593
# Typebuilder time     		0.000551
# MLTA time            		0.000503
# Icall alias time     		0.000506
# Func alias time      		0.006978
# One layer alias time 		1.2e-05
# Escape alias time    		7.3e-05
# DB time              		0.002112
