Total 1 file(s)
Openmp enabled
[TypeBuilder] Initializing 1 modules .
[TypeBuilder / 1] [1 / 1] [tests/open_ssl_bc/libcrypto-lib-v3_prn.o]

[TypeBuilder] Updated in 0 modules.
[TypeBuilder] Postprocessing ...
[TypeBuilder] Done!

[CHABuilder] Initializing 1 modules .
[CHABuilder / 1] [1 / 1] [tests/open_ssl_bc/libcrypto-lib-v3_prn.o]

[CHABuilder] Updated in 0 modules.
[CHABuilder] Postprocessing ...
[CHABuilder] Done!

[CallGraph] Initializing 1 modules 0: Module: tests/open_ssl_bc/libcrypto-lib-v3_prn.o
.
[CallGraph / 1] [1 / 1] [tests/open_ssl_bc/libcrypto-lib-v3_prn.o]

[CallGraph] Updated in 0 modules.
[CallGraph] Postprocessing ...
[CallGraph] Done!


 Start Func Alias Analysis

0 Top func: X509V3_conf_free
Merge complete --- Not blocked by TBAA or TFA check
Merge complete --- Not blocked by TBAA or TFA check
Merge complete --- Not blocked by TBAA or TFA check
Merge complete --- Not blocked by TBAA or TFA check
Merge complete --- Not blocked by TBAA or TFA check
Merge complete --- Not blocked by TBAA or TFA check
Merge complete --- Not blocked by TBAA or TFA check
Merge complete --- Not blocked by TBAA or TFA check
Merge complete --- Not blocked by TBAA or TFA check
Merge complete --- Not blocked by TBAA or TFA check
Merge complete --- Not blocked by TBAA or TFA check
Merge complete --- Not blocked by TBAA or TFA check
Merge complete --- Not blocked by TBAA or TFA check
Merge complete --- Not blocked by TBAA or TFA check
Merge complete --- Not blocked by TBAA or TFA check
Merge complete --- Not blocked by TBAA or TFA check
Merge complete --- Not blocked by TBAA or TFA check
Merge complete --- Not blocked by TBAA or TFA check
Merge complete --- Not blocked by TBAA or TFA check
Merge complete --- Not blocked by TBAA or TFA check
Merge complete --- Not blocked by TBAA or TFA check
Merge complete --- Not blocked by TBAA or TFA check
Merge complete --- Not blocked by TBAA or TFA check
Merge complete --- Not blocked by TBAA or TFA check
Merge complete --- Not blocked by TBAA or TFA check
Merge complete --- Not blocked by TBAA or TFA check
Merge complete --- Not blocked by TBAA or TFA check
Merge complete --- Not blocked by TBAA or TFA check
Merge complete --- Not blocked by TBAA or TFA check
Merge complete --- Not blocked by TBAA or TFA check
Merge complete --- Not blocked by TBAA or TFA check
Merge complete --- Not blocked by TBAA or TFA check
Merge complete --- Not blocked by TBAA or TFA check
Merge complete --- Not blocked by TBAA or TFA check
Merge complete --- Not blocked by TBAA or TFA check
Merge complete --- Not blocked by TBAA or TFA check
Merge complete --- Not blocked by TBAA or TFA check
Merge complete --- Not blocked by TBAA or TFA check
Merge complete --- Not blocked by TBAA or TFA check
Merge complete --- Not blocked by TBAA or TFA check
Merge complete --- Not blocked by TBAA or TFA check
Merge complete --- Not blocked by TBAA or TFA check
Merge complete --- Not blocked by TBAA or TFA check
Merge complete --- Not blocked by TBAA or TFA check
Merge complete --- Not blocked by TBAA or TFA check
Merge complete --- Not blocked by TBAA or TFA check
Merge complete --- Not blocked by TBAA or TFA check
Merge complete --- Not blocked by TBAA or TFA check
Merge complete --- Not blocked by TBAA or TFA check
Merge complete --- Not blocked by TBAA or TFA check
Merge complete --- Not blocked by TBAA or TFA check
Merge complete --- Not blocked by TBAA or TFA check
Merge complete --- Not blocked by TBAA or TFA check
Merge complete --- Not blocked by TBAA or TFA check
Merge complete --- Not blocked by TBAA or TFA check
Merge complete --- Not blocked by TBAA or TFA check
Merge complete --- Not blocked by TBAA or TFA check
Merge complete --- Not blocked by TBAA or TFA check
Merge complete --- Not blocked by TBAA or TFA check
Merge complete --- Not blocked by TBAA or TFA check
Merge complete --- Not blocked by TBAA or TFA check
Merge complete --- Not blocked by TBAA or TFA check
Merge complete --- Not blocked by TBAA or TFA check
Merge complete --- Not blocked by TBAA or TFA check
Merge complete --- Not blocked by TBAA or TFA check
Merge complete --- Not blocked by TBAA or TFA check
Merge complete --- Not blocked by TBAA or TFA check

Analyzed func: X509V3_conf_free
DefinitionFuncSet size: 0
aliased_callset size: 0

Update global ICallees info

0 Update icall:   %45 = call ptr %44(), !dbg !280

1 Update icall:   %94 = call ptr %91(ptr noundef %92, ptr noundef %93, ptr noundef null), !dbg !320

2 Update icall:   %140 = call ptr %139(), !dbg !363

3 Update icall:   %118 = call i32 %113(ptr noundef %114, ptr noundef %115, ptr noundef %116, i32 noundef %117), !dbg !342

4 Update icall:   %75 = call ptr %72(ptr noundef %73, ptr noundef %74), !dbg !301

5 Update icall:   call void %144(ptr noundef %145), !dbg !365

6 Update icall:   %53 = call ptr %50(ptr noundef null, ptr noundef %13, i64 noundef %52), !dbg !284

 Start ICall Alias Analysis

start oneLayerHandler

start escapeHandler

related types: 0
succeed_type_num: 0
related SI_num: 0
succeed_inst_num: 0
loop num: 1
WARNING: MYSQL connect failed!
Access denied for user 'petepc'@'localhost'

############## Indirect Call Target Results Statistics ##############
# Number icalls 				7
# Number total icall targets   			0

############## Alias Info Statistics ##############
# Number succeed alias icall 			0
# Number succeed func icall  			0

  Failed reasons:
# Number F has no global definition  		0
# Number binary_operation    			0
# Number llvm_used           			0
# Number exceed_max          			0

############## Time Statistics ##############

############## Round Statistics ##############
Round: 0
reduce_num_icall: 0
reduce_num_func: 0
reduce_num_onelayer: 0
reduce_num_escape: 0
reduce_num_total: 0


# Load time            		0.001995
# Typebuilder time     		0.000279
# MLTA time            		0.000352
# Icall alias time     		1.6e-05
# Func alias time      		0.006459
# One layer alias time 		7e-06
# Escape alias time    		6e-05
# DB time              		0.002131
