Total 1 file(s)
Openmp enabled
[TypeBuilder] Initializing 1 modules .
[TypeBuilder / 1] [1 / 1] [tests/open_ssl_bc/libcrypto-lib-evp_lib.o]

[TypeBuilder] Updated in 0 modules.
[TypeBuilder] Postprocessing ...
[TypeBuilder] Done!

[CHABuilder] Initializing 1 modules .
[CHABuilder / 1] [1 / 1] [tests/open_ssl_bc/libcrypto-lib-evp_lib.o]

[CHABuilder] Updated in 0 modules.
[CHABuilder] Postprocessing ...
[CHABuilder] Done!

[CallGraph] Initializing 1 modules 0: Module: tests/open_ssl_bc/libcrypto-lib-evp_lib.o
.
[CallGraph / 1] [1 / 1] [tests/open_ssl_bc/libcrypto-lib-evp_lib.o]

[CallGraph] Updated in 0 modules.
[CallGraph] Postprocessing ...
[CallGraph] Done!


 Start Func Alias Analysis

Update global ICallees info

0 Update icall:   %32 = call i32 %29(ptr noundef %30, ptr noundef %31), !dbg !1326

1 Update icall:   %65 = call i32 %47(ptr noundef %50, ptr noundef %51, ptr noundef %11, i64 noundef %61, ptr noundef %62, i64 noundef %64), !dbg !1333

2 Update icall:   %132 = call i32 %126(ptr noundef %127, ptr noundef %128, ptr noundef %129, i64 noundef %131), !dbg !1382

3 Update icall:   %99 = call i32 %81(ptr noundef %84, ptr noundef %85, ptr noundef %11, i64 noundef %95, ptr noundef %96, i64 noundef %98), !dbg !1354

4 Update icall:   %117 = call i32 %105(ptr noundef %108, ptr noundef %109, ptr noundef %11, i64 noundef %116), !dbg !1370

5 Update icall:   %32 = call i32 %29(ptr noundef %30, ptr noundef %31), !dbg !1326

 Start ICall Alias Analysis

start oneLayerHandler

start escapeHandler

related types: 0
succeed_type_num: 0
related SI_num: 0
succeed_inst_num: 0
loop num: 1
WARNING: MYSQL connect failed!
Access denied for user 'petepc'@'localhost'

############## Indirect Call Target Results Statistics ##############
# Number icalls 				6
# Number total icall targets   			0

############## Alias Info Statistics ##############
# Number succeed alias icall 			0
# Number succeed func icall  			0

  Failed reasons:
# Number F has no global definition  		0
# Number binary_operation    			0
# Number llvm_used           			0
# Number exceed_max          			0

############## Time Statistics ##############

############## Round Statistics ##############
Round: 0
reduce_num_icall: 0
reduce_num_func: 0
reduce_num_onelayer: 0
reduce_num_escape: 0
reduce_num_total: 0


# Load time            		0.011752
# Typebuilder time     		0.000967
# MLTA time            		0.000752
# Icall alias time     		0.006526
# Func alias time      		0.021643
# One layer alias time 		3.1e-05
# Escape alias time    		6.2e-05
# DB time              		0.001974
