Total 1 file(s)
Openmp enabled
[TypeBuilder] Initializing 1 modules .
[TypeBuilder / 1] [1 / 1] [tests/open_ssl_bc/libcrypto-lib-x_int64.o]
error in updateQueues
WARNING: matchStructTypes problem!
error in updateQueues
WARNING: matchStructTypes problem!
error in updateQueues
WARNING: matchStructTypes problem!
error in updateQueues
WARNING: matchStructTypes problem!
error in updateQueues
WARNING: matchStructTypes problem!
error in updateQueues
WARNING: matchStructTypes problem!
error in updateQueues
WARNING: matchStructTypes problem!
error in updateQueues
WARNING: matchStructTypes problem!

[TypeBuilder] Updated in 0 modules.
[TypeBuilder] Postprocessing ...
[TypeBuilder] Done!

[CHABuilder] Initializing 1 modules .
[CHABuilder / 1] [1 / 1] [tests/open_ssl_bc/libcrypto-lib-x_int64.o]

[CHABuilder] Updated in 0 modules.
[CHABuilder] Postprocessing ...
[CHABuilder] Done!

[CallGraph] Initializing 1 modules 0: Module: tests/open_ssl_bc/libcrypto-lib-x_int64.o
.
[CallGraph / 1] [1 / 1] [tests/open_ssl_bc/libcrypto-lib-x_int64.o]

[CallGraph] Updated in 0 modules.
[CallGraph] Postprocessing ...
[CallGraph] Done!


 Start Func Alias Analysis

0 Top func: uint32_i2c

1Merge complete --- Not blocked by TBAA or TFA check
 Top func: Merge complete --- Not blocked by TBAA or TFA check
uint32_clearMerge complete --- Not blocked by TBAA or TFA check

Merge complete --- Not blocked by TBAA or TFA check

Merge complete --- Not blocked by TBAA or TFA check
Merge complete --- Not blocked by TBAA or TFA check
2Merge complete --- Not blocked by TBAA or TFA check
 Top func: Merge complete --- Not blocked by TBAA or TFA check
Merge complete --- Not blocked by TBAA or TFA check
uint64_newMerge complete --- Not blocked by TBAA or TFA check

Merge complete --- Not blocked by TBAA or TFA check

Merge complete --- Not blocked by TBAA or TFA check
3Merge complete --- Not blocked by TBAA or TFA check
Merge complete --- Not blocked by TBAA or TFA check
Merge complete --- Not blocked by TBAA or TFA check
Merge complete --- Not blocked by TBAA or TFA check
 Top func: Merge complete --- Not blocked by TBAA or TFA check
uint32_newMerge complete --- Not blocked by TBAA or TFA check

Merge complete --- Not blocked by TBAA or TFA check
Merge complete --- Not blocked by TBAA or TFA check
Merge complete --- Not blocked by TBAA or TFA check

Merge complete --- Not blocked by TBAA or TFA check
Merge complete --- Not blocked by TBAA or TFA check
Merge complete --- Not blocked by TBAA or TFA check
4Merge complete --- Not blocked by TBAA or TFA check
Merge complete --- Not blocked by TBAA or TFA check
Merge complete --- Not blocked by TBAA or TFA check
 Top func: Merge complete --- Not blocked by TBAA or TFA check
Merge complete --- Not blocked by TBAA or TFA check
Merge complete --- Not blocked by TBAA or TFA check
uint64_clearMerge complete --- Not blocked by TBAA or TFA check
Merge complete --- Not blocked by TBAA or TFA check
Merge complete --- Not blocked by TBAA or TFA check

Merge complete --- Not blocked by TBAA or TFA check
Merge complete --- Not blocked by TBAA or TFA check
Merge complete --- Not blocked by TBAA or TFA check
Merge complete --- Not blocked by TBAA or TFA check

Merge complete --- Not blocked by TBAA or TFA check
Merge complete --- Not blocked by TBAA or TFA check
Merge complete --- Not blocked by TBAA or TFA check
Merge complete --- Not blocked by TBAA or TFA check
5Merge complete --- Not blocked by TBAA or TFA check
Merge complete --- Not blocked by TBAA or TFA check
 Top func: Merge complete --- Not blocked by TBAA or TFA check
Merge complete --- Not blocked by TBAA or TFA check
Merge complete --- Not blocked by TBAA or TFA check
uint64_i2cMerge complete --- Not blocked by TBAA or TFA check
Merge complete --- Not blocked by TBAA or TFA check
Merge complete --- Not blocked by TBAA or TFA check

Merge complete --- Not blocked by TBAA or TFA check
Merge complete --- Not blocked by TBAA or TFA check

Merge complete --- Not blocked by TBAA or TFA check
Merge complete --- Not blocked by TBAA or TFA check
Merge complete --- Not blocked by TBAA or TFA check
6Merge complete --- Not blocked by TBAA or TFA check
Merge complete --- Not blocked by TBAA or TFA check
Merge complete --- Not blocked by TBAA or TFA check
Merge complete --- Not blocked by TBAA or TFA check
 Top func: Merge complete --- Not blocked by TBAA or TFA check
Merge complete --- Not blocked by TBAA or TFA check
uint64_c2iMerge complete --- Not blocked by TBAA or TFA check
Merge complete --- Not blocked by TBAA or TFA check

Merge complete --- Not blocked by TBAA or TFA check
Merge complete --- Not blocked by TBAA or TFA check
Merge complete --- Not blocked by TBAA or TFA check
Merge complete --- Not blocked by TBAA or TFA check

Merge complete --- Not blocked by TBAA or TFA check
Merge complete --- Not blocked by TBAA or TFA check
Merge complete --- Not blocked by TBAA or TFA check
7Merge complete --- Not blocked by TBAA or TFA check
Merge complete --- Not blocked by TBAA or TFA check
Merge complete --- Not blocked by TBAA or TFA check
Merge complete --- Not blocked by TBAA or TFA check
 Top func: Merge complete --- Not blocked by TBAA or TFA check
Merge complete --- Not blocked by TBAA or TFA check
Merge complete --- Not blocked by TBAA or TFA check
Merge complete --- Not blocked by TBAA or TFA check
uint64_printMerge complete --- Not blocked by TBAA or TFA check
Merge complete --- Not blocked by TBAA or TFA check
Merge complete --- Not blocked by TBAA or TFA check

Merge complete --- Not blocked by TBAA or TFA check
Merge complete --- Not blocked by TBAA or TFA check
Merge complete --- Not blocked by TBAA or TFA check

Analyzed func: Merge complete --- Not blocked by TBAA or TFA check
Merge complete --- Not blocked by TBAA or TFA check
Merge complete --- Not blocked by TBAA or TFA check
Merge complete --- Not blocked by TBAA or TFA check
Merge complete --- Not blocked by TBAA or TFA check
uint32_clearMerge complete --- Not blocked by TBAA or TFA check
Merge complete --- Not blocked by TBAA or TFA check

Merge complete --- Not blocked by TBAA or TFA check
Merge complete --- Not blocked by TBAA or TFA check
Merge complete --- Not blocked by TBAA or TFA check
Merge complete --- Not blocked by TBAA or TFA check
DefinitionFuncSet size: Merge complete --- Not blocked by TBAA or TFA check
Merge complete --- Not blocked by TBAA or TFA check
Merge complete --- Not blocked by TBAA or TFA check
Merge complete --- Not blocked by TBAA or TFA check
1Merge complete --- Not blocked by TBAA or TFA check
Merge complete --- Not blocked by TBAA or TFA check

Merge complete --- Not blocked by TBAA or TFA check
Merge complete --- Not blocked by TBAA or TFA check
aliased_callset size: Merge complete --- Not blocked by TBAA or TFA check
Merge complete --- Not blocked by TBAA or TFA check
Merge complete --- Not blocked by TBAA or TFA check
0Merge complete --- Not blocked by TBAA or TFA check

Merge complete --- Not blocked by TBAA or TFA check
Merge complete --- Not blocked by TBAA or TFA check
Merge complete --- Not blocked by TBAA or TFA check

Analyzed func: Merge complete --- Not blocked by TBAA or TFA check
uint32_i2cMerge complete --- Not blocked by TBAA or TFA check

Merge complete --- Not blocked by TBAA or TFA check
DefinitionFuncSet size: Merge complete --- Not blocked by TBAA or TFA check
1Merge complete --- Not blocked by TBAA or TFA check

Merge complete --- Not blocked by TBAA or TFA check
aliased_callset size: Merge complete --- Not blocked by TBAA or TFA check
Merge complete --- Not blocked by TBAA or TFA check
0Merge complete --- Not blocked by TBAA or TFA check
Merge complete --- Not blocked by TBAA or TFA check

Merge complete --- Not blocked by TBAA or TFA check

Merge complete --- Not blocked by TBAA or TFA check
8Merge complete --- Not blocked by TBAA or TFA check
 Top func: Merge complete --- Not blocked by TBAA or TFA check
uint32_c2iMerge complete --- Not blocked by TBAA or TFA check
Merge complete --- Not blocked by TBAA or TFA check
Merge complete --- Not blocked by TBAA or TFA check

Merge complete --- Not blocked by TBAA or TFA check

Merge complete --- Not blocked by TBAA or TFA check
9Merge complete --- Not blocked by TBAA or TFA check
Merge complete --- Not blocked by TBAA or TFA check
 Top func: Merge complete --- Not blocked by TBAA or TFA check
Merge complete --- Not blocked by TBAA or TFA check
uint32_printMerge complete --- Not blocked by TBAA or TFA check
Merge complete --- Not blocked by TBAA or TFA check

Merge complete --- Not blocked by TBAA or TFA check
Merge complete --- Not blocked by TBAA or TFA check

Analyzed func: Merge complete --- Not blocked by TBAA or TFA check
Merge complete --- Not blocked by TBAA or TFA check
uint32_newMerge complete --- Not blocked by TBAA or TFA check
Merge complete --- Not blocked by TBAA or TFA check
Merge complete --- Not blocked by TBAA or TFA check

Merge complete --- Not blocked by TBAA or TFA check
Merge complete --- Not blocked by TBAA or TFA check
DefinitionFuncSet size: Merge complete --- Not blocked by TBAA or TFA check
Merge complete --- Not blocked by TBAA or TFA check
1Merge complete --- Not blocked by TBAA or TFA check
Merge complete --- Not blocked by TBAA or TFA check

Merge complete --- Not blocked by TBAA or TFA check
aliased_callset size: Merge complete --- Not blocked by TBAA or TFA check
Merge complete --- Not blocked by TBAA or TFA check
0Merge complete --- Not blocked by TBAA or TFA check
Merge complete --- Not blocked by TBAA or TFA check
Merge complete --- Not blocked by TBAA or TFA check

Merge complete --- Not blocked by TBAA or TFA check
Merge complete --- Not blocked by TBAA or TFA check
Merge complete --- Not blocked by TBAA or TFA check

Analyzed func: Merge complete --- Not blocked by TBAA or TFA check
uint64_clear
Merge complete --- Not blocked by TBAA or TFA check
Merge complete --- Not blocked by TBAA or TFA check
DefinitionFuncSet size: Merge complete --- Not blocked by TBAA or TFA check
Merge complete --- Not blocked by TBAA or TFA check
Merge complete --- Not blocked by TBAA or TFA check
1
Merge complete --- Not blocked by TBAA or TFA check
aliased_callset size: Merge complete --- Not blocked by TBAA or TFA check
2Merge complete --- Not blocked by TBAA or TFA check

Merge complete --- Not blocked by TBAA or TFA check

Analyzed func: Merge complete --- Not blocked by TBAA or TFA check
uint64_i2cMerge complete --- Not blocked by TBAA or TFA check

DefinitionFuncSet size: 1
Merge complete --- Not blocked by TBAA or TFA check
aliased_callset size: Merge complete --- Not blocked by TBAA or TFA check
2

Analyzed func: uint64_c2i
DefinitionFuncSet size: 1
aliased_callset size: 2

10 Top func: uint32_free

Merge complete --- Not blocked by TBAA or TFA check
11Merge complete --- Not blocked by TBAA or TFA check
 Top func: Merge complete --- Not blocked by TBAA or TFA check
uint64_freeMerge complete --- Not blocked by TBAA or TFA check

Merge complete --- Not blocked by TBAA or TFA check

Analyzed func: Merge complete --- Not blocked by TBAA or TFA check
uint64_printMerge complete --- Not blocked by TBAA or TFA check
Merge complete --- Not blocked by TBAA or TFA check

Merge complete --- Not blocked by TBAA or TFA check
DefinitionFuncSet size: Merge complete --- Not blocked by TBAA or TFA check
Merge complete --- Not blocked by TBAA or TFA check
1Merge complete --- Not blocked by TBAA or TFA check
Merge complete --- Not blocked by TBAA or TFA check

aliased_callset size: Merge complete --- Not blocked by TBAA or TFA check
2Merge complete --- Not blocked by TBAA or TFA check

Merge complete --- Not blocked by TBAA or TFA check
Merge complete --- Not blocked by TBAA or TFA check

Analyzed func: Merge complete --- Not blocked by TBAA or TFA check
uint32_c2iMerge complete --- Not blocked by TBAA or TFA check

Merge complete --- Not blocked by TBAA or TFA check
DefinitionFuncSet size: Merge complete --- Not blocked by TBAA or TFA check
1Merge complete --- Not blocked by TBAA or TFA check

aliased_callset size: 0
Merge complete --- Not blocked by TBAA or TFA check

Analyzed func: Merge complete --- Not blocked by TBAA or TFA check
uint32_print
DefinitionFuncSet size: 1
aliased_callset size: 0

Analyzed func: uint64_new
DefinitionFuncSet size: 1
aliased_callset size: 2

Analyzed func: uint32_free
DefinitionFuncSet size: 1
aliased_callset size: 0

Analyzed func: uint64_free
DefinitionFuncSet size: 1
aliased_callset size: 2

Update global ICallees info

 Start ICall Alias Analysis

start oneLayerHandler

start escapeHandler

related types: 0
succeed_type_num: 0
related SI_num: 0
succeed_inst_num: 0
loop num: 1
WARNING: MYSQL connect failed!
Access denied for user 'petepc'@'localhost'

############## Indirect Call Target Results Statistics ##############
# Number icalls 				0
# Number total icall targets   			0

############## Alias Info Statistics ##############
# Number succeed alias icall 			0
# Number succeed func icall  			6

  Failed reasons:
# Number F has no global definition  		0
# Number binary_operation    			0
# Number llvm_used           			0
# Number exceed_max          			0

############## Time Statistics ##############

############## Round Statistics ##############
Round: 0
reduce_num_icall: 0
reduce_num_func: 0
reduce_num_onelayer: 0
reduce_num_escape: 0
reduce_num_total: 0


# Load time            		0.001745
# Typebuilder time     		0.00048
# MLTA time            		0.000319
# Icall alias time     		6e-06
# Func alias time      		0.001674
# One layer alias time 		5e-06
# Escape alias time    		6.3e-05
# DB time              		0.00202
