Total 1 file(s)
Openmp enabled
[TypeBuilder] Initializing 1 modules .
[TypeBuilder / 1] [1 / 1] [tests/open_ssl_bc/libcrypto-shlib-e_seed.o]
Unexpected case!
Unexpected case!
Unexpected case!
Unexpected case!
Unexpected case!
WARNING: matchStructTypes problem!
Unexpected case!
Unexpected case!
Unexpected case!
Unexpected case!
Unexpected case!
WARNING: matchStructTypes problem!
Unexpected case!
Unexpected case!
Unexpected case!
Unexpected case!
Unexpected case!
WARNING: matchStructTypes problem!
Unexpected case!
Unexpected case!
Unexpected case!
Unexpected case!
Unexpected case!
WARNING: matchStructTypes problem!

[TypeBuilder] Updated in 0 modules.
[TypeBuilder] Postprocessing ...
[TypeBuilder] Done!

[CHABuilder] Initializing 1 modules .
[CHABuilder / 1] [1 / 1] [tests/open_ssl_bc/libcrypto-shlib-e_seed.o]

[CHABuilder] Updated in 0 modules.
[CHABuilder] Postprocessing ...
[CHABuilder] Done!

[CallGraph] Initializing 1 modules 0: Module: tests/open_ssl_bc/libcrypto-shlib-e_seed.o
.
[CallGraph / 1] [1 / 1] [tests/open_ssl_bc/libcrypto-shlib-e_seed.o]

[CallGraph] Updated in 0 modules.
[CallGraph] Postprocessing ...
[CallGraph] Done!


 Start Func Alias Analysis

0 Top func: seed_cfb128_cipher

Merge complete --- Not blocked by TBAA or TFA check
1 Top func: seed_init_key

Merge complete --- Not blocked by TBAA or TFA check
2 Top func: Merge complete --- Not blocked by TBAA or TFA check
seed_ofb_cipherMerge complete --- Not blocked by TBAA or TFA check


Merge complete --- Not blocked by TBAA or TFA check
Merge complete --- Not blocked by TBAA or TFA check
3Merge complete --- Not blocked by TBAA or TFA check
 Top func: seed_cbc_cipher
Merge complete --- Not blocked by TBAA or TFA check

Merge complete --- Not blocked by TBAA or TFA check
Merge complete --- Not blocked by TBAA or TFA check
4 Top func: seed_ecb_cipher

Analyzed func: seed_cfb128_cipherMerge complete --- Not blocked by TBAA or TFA check

DefinitionFuncSet size: 1
aliased_callset size: 0

Analyzed func: seed_init_key
DefinitionFuncSet size: 1
aliased_callset size: 0

Analyzed func: seed_cbc_cipher
DefinitionFuncSet size: 1
aliased_callset size: 0

Analyzed func: seed_ofb_cipher
DefinitionFuncSet size: 1
aliased_callset size: 0

Analyzed func: seed_ecb_cipher
DefinitionFuncSet size: 1
aliased_callset size: 0

Update global ICallees info

 Start ICall Alias Analysis

start oneLayerHandler

start escapeHandler

related types: 0
succeed_type_num: 0
related SI_num: 0
succeed_inst_num: 0
loop num: 1
WARNING: MYSQL connect failed!
Access denied for user 'petepc'@'localhost'

############## Indirect Call Target Results Statistics ##############
# Number icalls 				0
# Number total icall targets   			0

############## Alias Info Statistics ##############
# Number succeed alias icall 			0
# Number succeed func icall  			0

  Failed reasons:
# Number F has no global definition  		0
# Number binary_operation    			0
# Number llvm_used           			0
# Number exceed_max          			0

############## Time Statistics ##############

############## Round Statistics ##############
Round: 0
reduce_num_icall: 0
reduce_num_func: 0
reduce_num_onelayer: 0
reduce_num_escape: 0
reduce_num_total: 0


# Load time            		0.00229
# Typebuilder time     		0.000463
# MLTA time            		0.000358
# Icall alias time     		7.2e-05
# Func alias time      		0.008265
# One layer alias time 		8e-06
# Escape alias time    		5.7e-05
# DB time              		0.002115
