Total 1 file(s)
Openmp enabled
[TypeBuilder] Initializing 1 modules .
[TypeBuilder / 1] [1 / 1] [tests/open_ssl_bc/libcrypto-shlib-cbc128.o]

[TypeBuilder] Updated in 0 modules.
[TypeBuilder] Postprocessing ...
[TypeBuilder] Done!

[CHABuilder] Initializing 1 modules .
[CHABuilder / 1] [1 / 1] [tests/open_ssl_bc/libcrypto-shlib-cbc128.o]

[CHABuilder] Updated in 0 modules.
[CHABuilder] Postprocessing ...
[CHABuilder] Done!

[CallGraph] Initializing 1 modules 0: Module: tests/open_ssl_bc/libcrypto-shlib-cbc128.o
.
[CallGraph / 1] [1 / 1] [tests/open_ssl_bc/libcrypto-shlib-cbc128.o]

[CallGraph] Updated in 0 modules.
[CallGraph] Postprocessing ...
[CallGraph] Done!


 Start Func Alias Analysis

Update global ICallees info

0 Update icall:   call void %44(ptr noundef %45, ptr noundef %46, ptr noundef %47), !dbg !89

1 Update icall:   call void %38(ptr noundef %39, ptr noundef %40, ptr noundef %41), !dbg !87

2 Update icall:   call void %104(ptr noundef %105, ptr noundef %106, ptr noundef %107), !dbg !143

3 Update icall:   call void %125(ptr noundef %126, ptr noundef %127, ptr noundef %128), !dbg !186

4 Update icall:   call void %82(ptr noundef %83, ptr noundef %84, ptr noundef %85), !dbg !143

 Start ICall Alias Analysis

start oneLayerHandler

start escapeHandler

related types: 0
succeed_type_num: 0
related SI_num: 0
succeed_inst_num: 0
loop num: 1
WARNING: MYSQL connect failed!
Access denied for user 'petepc'@'localhost'

############## Indirect Call Target Results Statistics ##############
# Number icalls 				5
# Number total icall targets   			0

############## Alias Info Statistics ##############
# Number succeed alias icall 			0
# Number succeed func icall  			0

  Failed reasons:
# Number F has no global definition  		0
# Number binary_operation    			0
# Number llvm_used           			0
# Number exceed_max          			0

############## Time Statistics ##############

############## Round Statistics ##############
Round: 0
reduce_num_icall: 0
reduce_num_func: 0
reduce_num_onelayer: 0
reduce_num_escape: 0
reduce_num_total: 0


# Load time            		0.001591
# Typebuilder time     		0.000229
# MLTA time            		0.000277
# Icall alias time     		6.8e-05
# Func alias time      		0.001366
# One layer alias time 		1.1e-05
# Escape alias time    		6.3e-05
# DB time              		0.002148
