Total 1 file(s)
Openmp enabled
[TypeBuilder] Initializing 1 modules .
[TypeBuilder / 1] [1 / 1] [tests/open_ssl_bc/libcrypto-shlib-x_all.o]

[TypeBuilder] Updated in 0 modules.
[TypeBuilder] Postprocessing ...
[TypeBuilder] Done!

[CHABuilder] Initializing 1 modules .
[CHABuilder / 1] [1 / 1] [tests/open_ssl_bc/libcrypto-shlib-x_all.o]

[CHABuilder] Updated in 0 modules.
[CHABuilder] Postprocessing ...
[CHABuilder] Done!

[CallGraph] Initializing 1 modules 0: Module: tests/open_ssl_bc/libcrypto-shlib-x_all.o
.
[CallGraph / 1] [1 / 1] [tests/open_ssl_bc/libcrypto-shlib-x_all.o]

[CallGraph] Updated in 0 modules.
[CallGraph] Postprocessing ...
[CallGraph] Done!


 Start Func Alias Analysis

0 Top func: i2d_DSAPrivateKey

Merge complete --- Not blocked by TBAA or TFA check
1Merge complete --- Not blocked by TBAA or TFA check
 Top func: i2d_ECPrivateKeyMerge complete --- Not blocked by TBAA or TFA check

Merge complete --- Not blocked by TBAA or TFA check

Merge complete --- Not blocked by TBAA or TFA check
2Merge complete --- Not blocked by TBAA or TFA check
 Top func: d2i_ECPrivateKeyMerge complete --- Not blocked by TBAA or TFA check

Merge complete --- Not blocked by TBAA or TFA check

Merge complete --- Not blocked by TBAA or TFA check
3Merge complete --- Not blocked by TBAA or TFA check
 Top func: i2d_X509_SIGMerge complete --- Not blocked by TBAA or TFA check

Merge complete --- Not blocked by TBAA or TFA check

Merge complete --- Not blocked by TBAA or TFA check
4Merge complete --- Not blocked by TBAA or TFA check
 Top func: d2i_DSAPrivateKeyMerge complete --- Not blocked by TBAA or TFA check

Merge complete --- Not blocked by TBAA or TFA check

Merge complete --- Not blocked by TBAA or TFA check
5Merge complete --- Not blocked by TBAA or TFA check
 Top func: Merge complete --- Not blocked by TBAA or TFA check
i2d_PKCS8_PRIV_KEY_INFOMerge complete --- Not blocked by TBAA or TFA check

Merge complete --- Not blocked by TBAA or TFA check
Merge complete --- Not blocked by TBAA or TFA check
Merge complete --- Not blocked by TBAA or TFA check
Merge complete --- Not blocked by TBAA or TFA check

6 Top func: i2d_X509_PUBKEY

7 Top func: d2i_AutoPrivateKey

Analyzed func: Merge complete --- Not blocked by TBAA or TFA check
i2d_DSAPrivateKeyMerge complete --- Not blocked by TBAA or TFA check

DefinitionFuncSet size: Merge complete --- Not blocked by TBAA or TFA check
0Merge complete --- Not blocked by TBAA or TFA check

aliased_callset size: 0

Analyzed func: i2d_ECPrivateKey
DefinitionFuncSet size: 0
aliased_callset size: 0

Analyzed func: i2d_X509_SIG
DefinitionFuncSet size: 0
aliased_callset size: 0

Analyzed func: d2i_DSAPrivateKey
DefinitionFuncSet size: 0
aliased_callset size: 0

Analyzed func: d2i_ECPrivateKey
DefinitionFuncSet size: 0
aliased_callset size: 0

Analyzed func: i2d_PKCS8_PRIV_KEY_INFO
DefinitionFuncSet size: 0
aliased_callset size: 0

8 Top func: d2i_DSA_PUBKEY

Merge complete --- Not blocked by TBAA or TFA check
9Merge complete --- Not blocked by TBAA or TFA check
 Top func: Merge complete --- Not blocked by TBAA or TFA check
X509_SIG_newMerge complete --- Not blocked by TBAA or TFA check


Merge complete --- Not blocked by TBAA or TFA check
10Merge complete --- Not blocked by TBAA or TFA check
 Top func: X509_PUBKEY_newMerge complete --- Not blocked by TBAA or TFA check

Merge complete --- Not blocked by TBAA or TFA check

Merge complete --- Not blocked by TBAA or TFA check
11Merge complete --- Not blocked by TBAA or TFA check
 Top func: EC_KEY_newMerge complete --- Not blocked by TBAA or TFA check

Merge complete --- Not blocked by TBAA or TFA check

Merge complete --- Not blocked by TBAA or TFA check
12Merge complete --- Not blocked by TBAA or TFA check
 Top func: Merge complete --- Not blocked by TBAA or TFA check
RSA_newMerge complete --- Not blocked by TBAA or TFA check


Analyzed func: Merge complete --- Not blocked by TBAA or TFA check
Merge complete --- Not blocked by TBAA or TFA check
d2i_AutoPrivateKeyMerge complete --- Not blocked by TBAA or TFA check
Merge complete --- Not blocked by TBAA or TFA check

Merge complete --- Not blocked by TBAA or TFA check
DefinitionFuncSet size: Merge complete --- Not blocked by TBAA or TFA check
Merge complete --- Not blocked by TBAA or TFA check
0Merge complete --- Not blocked by TBAA or TFA check

aliased_callset size: 0

13 Top func: i2d_PrivateKey

Merge complete --- Not blocked by TBAA or TFA check
14Merge complete --- Not blocked by TBAA or TFA check
 Top func: i2d_PUBKEYMerge complete --- Not blocked by TBAA or TFA check

Merge complete --- Not blocked by TBAA or TFA check

Analyzed func: Merge complete --- Not blocked by TBAA or TFA check
d2i_DSA_PUBKEYMerge complete --- Not blocked by TBAA or TFA check

DefinitionFuncSet size: Merge complete --- Not blocked by TBAA or TFA check
0Merge complete --- Not blocked by TBAA or TFA check

aliased_callset size: 0

Analyzed func: X509_SIG_new
DefinitionFuncSet size: 0
aliased_callset size: 0

Analyzed func: X509_PUBKEY_new
DefinitionFuncSet size: 0
aliased_callset size: 0

Analyzed func: EC_KEY_new
DefinitionFuncSet size: 0
aliased_callset size: 0

Analyzed func: RSA_new
DefinitionFuncSet size: 0
aliased_callset size: 0

15 Top func: i2d_DSA_PUBKEY

Merge complete --- Not blocked by TBAA or TFA check
16Merge complete --- Not blocked by TBAA or TFA check
 Top func: Merge complete --- Not blocked by TBAA or TFA check
d2i_X509_SIGMerge complete --- Not blocked by TBAA or TFA check


Merge complete --- Not blocked by TBAA or TFA check
17Merge complete --- Not blocked by TBAA or TFA check
 Top func: d2i_X509_PUBKEYMerge complete --- Not blocked by TBAA or TFA check

Merge complete --- Not blocked by TBAA or TFA check

Merge complete --- Not blocked by TBAA or TFA check
18Merge complete --- Not blocked by TBAA or TFA check
 Top func: d2i_EC_PUBKEYMerge complete --- Not blocked by TBAA or TFA check

Merge complete --- Not blocked by TBAA or TFA check

Analyzed func: Merge complete --- Not blocked by TBAA or TFA check
i2d_PrivateKeyMerge complete --- Not blocked by TBAA or TFA check

Merge complete --- Not blocked by TBAA or TFA check
DefinitionFuncSet size: Merge complete --- Not blocked by TBAA or TFA check
0
aliased_callset size: 0

19 Top func: d2i_RSA_PUBKEY

Analyzed func: Merge complete --- Not blocked by TBAA or TFA check
i2d_PUBKEYMerge complete --- Not blocked by TBAA or TFA check

DefinitionFuncSet size: Merge complete --- Not blocked by TBAA or TFA check
0Merge complete --- Not blocked by TBAA or TFA check

aliased_callset size: 0

20 Top func: EVP_PKEY_new

Analyzed func: Merge complete --- Not blocked by TBAA or TFA check
i2d_DSA_PUBKEYMerge complete --- Not blocked by TBAA or TFA check

Merge complete --- Not blocked by TBAA or TFA check
DefinitionFuncSet size: Merge complete --- Not blocked by TBAA or TFA check
0
Merge complete --- Not blocked by TBAA or TFA check
aliased_callset size: Merge complete --- Not blocked by TBAA or TFA check
0
Merge complete --- Not blocked by TBAA or TFA check
Merge complete --- Not blocked by TBAA or TFA check

Analyzed func: d2i_X509_SIG
DefinitionFuncSet size: 0
aliased_callset size: 0

Analyzed func: d2i_X509_PUBKEY
DefinitionFuncSet size: 0
aliased_callset size: 0

21 Top func: d2i_PUBKEY

Analyzed func: Merge complete --- Not blocked by TBAA or TFA check
d2i_EC_PUBKEYMerge complete --- Not blocked by TBAA or TFA check

DefinitionFuncSet size: Merge complete --- Not blocked by TBAA or TFA check
0Merge complete --- Not blocked by TBAA or TFA check

aliased_callset size: 0

Analyzed func: d2i_RSA_PUBKEY
DefinitionFuncSet size: 0
aliased_callset size: 0

22 Top func: DSA_new

Merge complete --- Not blocked by TBAA or TFA check
23Merge complete --- Not blocked by TBAA or TFA check
 Top func: Merge complete --- Not blocked by TBAA or TFA check
d2i_PKCS8_PRIV_KEY_INFOMerge complete --- Not blocked by TBAA or TFA check


Merge complete --- Not blocked by TBAA or TFA check
Merge complete --- Not blocked by TBAA or TFA check
24Merge complete --- Not blocked by TBAA or TFA check
Merge complete --- Not blocked by TBAA or TFA check
 Top func: Merge complete --- Not blocked by TBAA or TFA check
PKCS8_PRIV_KEY_INFO_newMerge complete --- Not blocked by TBAA or TFA check
Merge complete --- Not blocked by TBAA or TFA check

Merge complete --- Not blocked by TBAA or TFA check

Merge complete --- Not blocked by TBAA or TFA check
25Merge complete --- Not blocked by TBAA or TFA check
 Top func: i2d_EC_PUBKEYMerge complete --- Not blocked by TBAA or TFA check

Merge complete --- Not blocked by TBAA or TFA check

Merge complete --- Not blocked by TBAA or TFA check
26Merge complete --- Not blocked by TBAA or TFA check
 Top func: Merge complete --- Not blocked by TBAA or TFA check
i2d_RSA_PUBKEYMerge complete --- Not blocked by TBAA or TFA check


Analyzed func: Merge complete --- Not blocked by TBAA or TFA check
EVP_PKEY_newMerge complete --- Not blocked by TBAA or TFA check

DefinitionFuncSet size: Merge complete --- Not blocked by TBAA or TFA check
0Merge complete --- Not blocked by TBAA or TFA check

aliased_callset size: 0

Analyzed func: d2i_PUBKEY
DefinitionFuncSet size: 0
aliased_callset size: 0

Analyzed func: DSA_new
DefinitionFuncSet size: 0
aliased_callset size: 0

Analyzed func: PKCS8_PRIV_KEY_INFO_new
DefinitionFuncSet size: 0
aliased_callset size: 0

Analyzed func: i2d_EC_PUBKEY
DefinitionFuncSet size: 0
aliased_callset size: 0

Analyzed func: d2i_PKCS8_PRIV_KEY_INFO
DefinitionFuncSet size: 0
aliased_callset size: 0

Analyzed func: i2d_RSA_PUBKEY
DefinitionFuncSet size: 0
aliased_callset size: 0
Merge complete --- Not blocked by TBAA or TFA check
Merge complete --- Not blocked by TBAA or TFA check
Merge complete --- Not blocked by TBAA or TFA check
Merge complete --- Not blocked by TBAA or TFA check

Analyzed func: i2d_X509_PUBKEY
DefinitionFuncSet size: 0
aliased_callset size: 0

Update global ICallees info

 Start ICall Alias Analysis

start oneLayerHandler

start escapeHandler

related types: 0
succeed_type_num: 0
related SI_num: 0
succeed_inst_num: 0
loop num: 1
WARNING: MYSQL connect failed!
Access denied for user 'petepc'@'localhost'

############## Indirect Call Target Results Statistics ##############
# Number icalls 				0
# Number total icall targets   			0

############## Alias Info Statistics ##############
# Number succeed alias icall 			0
# Number succeed func icall  			0

  Failed reasons:
# Number F has no global definition  		0
# Number binary_operation    			0
# Number llvm_used           			0
# Number exceed_max          			0

############## Time Statistics ##############

############## Round Statistics ##############
Round: 0
reduce_num_icall: 0
reduce_num_func: 0
reduce_num_onelayer: 0
reduce_num_escape: 0
reduce_num_total: 0


# Load time            		0.004814
# Typebuilder time     		0.000465
# MLTA time            		0.000346
# Icall alias time     		6.4e-05
# Func alias time      		0.00366
# One layer alias time 		6.1e-05
# Escape alias time    		0.000776
# DB time              		0.00229
