Total 1 file(s)
Openmp enabled
[TypeBuilder] Initializing 1 modules .
[TypeBuilder / 1] [1 / 1] [tests/open_ssl_bc/libcrypto-lib-a_dup.o]

[TypeBuilder] Updated in 0 modules.
[TypeBuilder] Postprocessing ...
[TypeBuilder] Done!

[CHABuilder] Initializing 1 modules .
[CHABuilder / 1] [1 / 1] [tests/open_ssl_bc/libcrypto-lib-a_dup.o]

[CHABuilder] Updated in 0 modules.
[CHABuilder] Postprocessing ...
[CHABuilder] Done!

[CallGraph] Initializing 1 modules 0: Module: tests/open_ssl_bc/libcrypto-lib-a_dup.o
.
[CallGraph / 1] [1 / 1] [tests/open_ssl_bc/libcrypto-lib-a_dup.o]

[CallGraph] Updated in 0 modules.
[CallGraph] Postprocessing ...
[CallGraph] Done!


 Start Func Alias Analysis

Update global ICallees info

0 Update icall:   %64 = call i32 %62(i32 noundef 17, ptr noundef %5, ptr noundef %63, ptr noundef %12), !dbg !158

1 Update icall:   %93 = call i32 %90(i32 noundef 15, ptr noundef %10, ptr noundef %91, ptr noundef %92), !dbg !188

2 Update icall:   %54 = call i32 %52(i32 noundef 14, ptr noundef %5, ptr noundef %53, ptr noundef null), !dbg !150

3 Update icall:   %35 = call i32 %33(ptr noundef %34, ptr noundef %9), !dbg !93

4 Update icall:   %19 = call i32 %17(ptr noundef %18, ptr noundef null), !dbg !78

5 Update icall:   %40 = call ptr %37(ptr noundef null, ptr noundef %10, i64 noundef %39), !dbg !98

6 Update icall:   %59 = call i32 %57(i32 noundef 16, ptr noundef %5, ptr noundef %58, ptr noundef %11), !dbg !155

 Start ICall Alias Analysis

start oneLayerHandler

start escapeHandler

related types: 0
succeed_type_num: 0
related SI_num: 0
succeed_inst_num: 0
loop num: 1
WARNING: MYSQL connect failed!
Access denied for user 'petepc'@'localhost'

############## Indirect Call Target Results Statistics ##############
# Number icalls 				7
# Number total icall targets   			0

############## Alias Info Statistics ##############
# Number succeed alias icall 			0
# Number succeed func icall  			0

  Failed reasons:
# Number F has no global definition  		0
# Number binary_operation    			0
# Number llvm_used           			0
# Number exceed_max          			0

############## Time Statistics ##############

############## Round Statistics ##############
Round: 0
reduce_num_icall: 0
reduce_num_func: 0
reduce_num_onelayer: 0
reduce_num_escape: 0
reduce_num_total: 0


# Load time            		0.00128
# Typebuilder time     		0.000156
# MLTA time            		0.000192
# Icall alias time     		7.9e-05
# Func alias time      		0.005848
# One layer alias time 		7.2e-05
# Escape alias time    		0.000863
# DB time              		0.002181
