Total 1 file(s)
Openmp enabled
[TypeBuilder] Initializing 1 modules .
[TypeBuilder / 1] [1 / 1] [tests/open_ssl_bc/libcrypto-lib-evp_enc.o]

[TypeBuilder] Updated in 0 modules.
[TypeBuilder] Postprocessing ...
[TypeBuilder] Done!

[CHABuilder] Initializing 1 modules .
[CHABuilder / 1] [1 / 1] [tests/open_ssl_bc/libcrypto-lib-evp_enc.o]

[CHABuilder] Updated in 0 modules.
[CHABuilder] Postprocessing ...
[CHABuilder] Done!

[CallGraph] Initializing 1 modules 0: Module: tests/open_ssl_bc/libcrypto-lib-evp_enc.o
.
[CallGraph / 1] [1 / 1] [tests/open_ssl_bc/libcrypto-lib-evp_enc.o]

[CallGraph] Updated in 0 modules.
[CallGraph] Postprocessing ...
[CallGraph] Done!


 Start Func Alias Analysis

0 Top func: evp_cipher_up_ref

Merge complete --- Not blocked by TBAA or TFA check
1Merge complete --- Not blocked by TBAA or TFA check
 Top func: Merge complete --- Not blocked by TBAA or TFA check
set_legacy_nid
Merge complete --- Not blocked by TBAA or TFA check

Merge complete --- Not blocked by TBAA or TFA check
Merge complete --- Not blocked by TBAA or TFA check
2Merge complete --- Not blocked by TBAA or TFA check
 Top func: Merge complete --- Not blocked by TBAA or TFA check
evp_cipher_from_algorithmMerge complete --- Not blocked by TBAA or TFA check

Merge complete --- Not blocked by TBAA or TFA check
Merge complete --- Not blocked by TBAA or TFA check

Merge complete --- Not blocked by TBAA or TFA check
Merge complete --- Not blocked by TBAA or TFA check
Merge complete --- Not blocked by TBAA or TFA check
3Merge complete --- Not blocked by TBAA or TFA check
Merge complete --- Not blocked by TBAA or TFA check
Merge complete --- Not blocked by TBAA or TFA check
 Top func: Merge complete --- Not blocked by TBAA or TFA check
Merge complete --- Not blocked by TBAA or TFA check
evp_cipher_freeMerge complete --- Not blocked by TBAA or TFA check

Merge complete --- Not blocked by TBAA or TFA check

Analyzed func: Merge complete --- Not blocked by TBAA or TFA check
Merge complete --- Not blocked by TBAA or TFA check
Merge complete --- Not blocked by TBAA or TFA check
evp_cipher_up_refMerge complete --- Not blocked by TBAA or TFA check
Merge complete --- Not blocked by TBAA or TFA check
Merge complete --- Not blocked by TBAA or TFA check

Merge complete --- Not blocked by TBAA or TFA check
Merge complete --- Not blocked by TBAA or TFA check
Merge complete --- Not blocked by TBAA or TFA check
DefinitionFuncSet size: Merge complete --- Not blocked by TBAA or TFA check
Merge complete --- Not blocked by TBAA or TFA check
1Merge complete --- Not blocked by TBAA or TFA check
Merge complete --- Not blocked by TBAA or TFA check
Merge complete --- Not blocked by TBAA or TFA check
Merge complete --- Not blocked by TBAA or TFA check

Merge complete --- Not blocked by TBAA or TFA check
Merge complete --- Not blocked by TBAA or TFA check
Merge complete --- Not blocked by TBAA or TFA check
aliased_callset size: Merge complete --- Not blocked by TBAA or TFA check
Merge complete --- Not blocked by TBAA or TFA check
0Merge complete --- Not blocked by TBAA or TFA check
Merge complete --- Not blocked by TBAA or TFA check

Merge complete --- Not blocked by TBAA or TFA check
Merge complete --- Not blocked by TBAA or TFA check
Merge complete --- Not blocked by TBAA or TFA check
Merge complete --- Not blocked by TBAA or TFA check

Analyzed func: Merge complete --- Not blocked by TBAA or TFA check
Merge complete --- Not blocked by TBAA or TFA check
evp_cipher_from_algorithmMerge complete --- Not blocked by TBAA or TFA check

Merge complete --- Not blocked by TBAA or TFA check
DefinitionFuncSet size: Merge complete --- Not blocked by TBAA or TFA check
1Merge complete --- Not blocked by TBAA or TFA check

Merge complete --- Not blocked by TBAA or TFA check
aliased_callset size: Merge complete --- Not blocked by TBAA or TFA check
0Merge complete --- Not blocked by TBAA or TFA check

Merge complete --- Not blocked by TBAA or TFA check
Merge complete --- Not blocked by TBAA or TFA check
Merge complete --- Not blocked by TBAA or TFA check

Analyzed func: Merge complete --- Not blocked by TBAA or TFA check
evp_cipher_freeMerge complete --- Not blocked by TBAA or TFA check

Merge complete --- Not blocked by TBAA or TFA check
DefinitionFuncSet size: Merge complete --- Not blocked by TBAA or TFA check
1Merge complete --- Not blocked by TBAA or TFA check

Merge complete --- Not blocked by TBAA or TFA check
aliased_callset size: Merge complete --- Not blocked by TBAA or TFA check
0Merge complete --- Not blocked by TBAA or TFA check

Merge complete --- Not blocked by TBAA or TFA check
Merge complete --- Not blocked by TBAA or TFA check
Merge complete --- Not blocked by TBAA or TFA check
Merge complete --- Not blocked by TBAA or TFA check
Merge complete --- Not blocked by TBAA or TFA check
Merge complete --- Not blocked by TBAA or TFA check
Merge complete --- Not blocked by TBAA or TFA check
Merge complete --- Not blocked by TBAA or TFA check
Merge complete --- Not blocked by TBAA or TFA check
Merge complete --- Not blocked by TBAA or TFA check
Merge complete --- Not blocked by TBAA or TFA check
Merge complete --- Not blocked by TBAA or TFA check
Merge complete --- Not blocked by TBAA or TFA check
Merge complete --- Not blocked by TBAA or TFA check
Merge complete --- Not blocked by TBAA or TFA check
Merge complete --- Not blocked by TBAA or TFA check
Merge complete --- Not blocked by TBAA or TFA check
Merge complete --- Not blocked by TBAA or TFA check
Merge complete --- Not blocked by TBAA or TFA check
Merge complete --- Not blocked by TBAA or TFA check
Merge complete --- Not blocked by TBAA or TFA check
Merge complete --- Not blocked by TBAA or TFA check
Merge complete --- Not blocked by TBAA or TFA check
Merge complete --- Not blocked by TBAA or TFA check
Merge complete --- Not blocked by TBAA or TFA check
Merge complete --- Not blocked by TBAA or TFA check
Merge complete --- Not blocked by TBAA or TFA check
Merge complete --- Not blocked by TBAA or TFA check
Merge complete --- Not blocked by TBAA or TFA check
Merge complete --- Not blocked by TBAA or TFA check
Merge complete --- Not blocked by TBAA or TFA check
Merge complete --- Not blocked by TBAA or TFA check
Merge complete --- Not blocked by TBAA or TFA check
Merge complete --- Not blocked by TBAA or TFA check
Merge complete --- Not blocked by TBAA or TFA check
Merge complete --- Not blocked by TBAA or TFA check
Merge complete --- Not blocked by TBAA or TFA check
Merge complete --- Not blocked by TBAA or TFA check
Merge complete --- Not blocked by TBAA or TFA check
Merge complete --- Not blocked by TBAA or TFA check
Merge complete --- Not blocked by TBAA or TFA check
Merge complete --- Not blocked by TBAA or TFA check
Merge complete --- Not blocked by TBAA or TFA check
Merge complete --- Not blocked by TBAA or TFA check
Merge complete --- Not blocked by TBAA or TFA check
Merge complete --- Not blocked by TBAA or TFA check
Merge complete --- Not blocked by TBAA or TFA check
Merge complete --- Not blocked by TBAA or TFA check
Merge complete --- Not blocked by TBAA or TFA check
Merge complete --- Not blocked by TBAA or TFA check
Merge complete --- Not blocked by TBAA or TFA check
Merge complete --- Not blocked by TBAA or TFA check
Merge complete --- Not blocked by TBAA or TFA check
Merge complete --- Not blocked by TBAA or TFA check
Merge complete --- Not blocked by TBAA or TFA check
Merge complete --- Not blocked by TBAA or TFA check
Merge complete --- Not blocked by TBAA or TFA check
Merge complete --- Not blocked by TBAA or TFA check
Merge complete --- Not blocked by TBAA or TFA check
Merge complete --- Not blocked by TBAA or TFA check
Merge complete --- Not blocked by TBAA or TFA check
Merge complete --- Not blocked by TBAA or TFA check
Merge complete --- Not blocked by TBAA or TFA check
Merge complete --- Not blocked by TBAA or TFA check
Merge complete --- Not blocked by TBAA or TFA check
Merge complete --- Not blocked by TBAA or TFA check
Merge complete --- Not blocked by TBAA or TFA check
Merge complete --- Not blocked by TBAA or TFA check
Merge complete --- Not blocked by TBAA or TFA check
Merge complete --- Not blocked by TBAA or TFA check
Merge complete --- Not blocked by TBAA or TFA check
Merge complete --- Not blocked by TBAA or TFA check
Merge complete --- Not blocked by TBAA or TFA check
Merge complete --- Not blocked by TBAA or TFA check
Merge complete --- Not blocked by TBAA or TFA check
Merge complete --- Not blocked by TBAA or TFA check
Merge complete --- Not blocked by TBAA or TFA check
Merge complete --- Not blocked by TBAA or TFA check
Merge complete --- Not blocked by TBAA or TFA check
Merge complete --- Not blocked by TBAA or TFA check
Merge complete --- Not blocked by TBAA or TFA check
Merge complete --- Not blocked by TBAA or TFA check
Merge complete --- Not blocked by TBAA or TFA check
Merge complete --- Not blocked by TBAA or TFA check
Merge complete --- Not blocked by TBAA or TFA check
Merge complete --- Not blocked by TBAA or TFA check
Merge complete --- Not blocked by TBAA or TFA check
Merge complete --- Not blocked by TBAA or TFA check
Merge complete --- Not blocked by TBAA or TFA check
Merge complete --- Not blocked by TBAA or TFA check
Merge complete --- Not blocked by TBAA or TFA check
Merge complete --- Not blocked by TBAA or TFA check
Merge complete --- Not blocked by TBAA or TFA check
Merge complete --- Not blocked by TBAA or TFA check
Merge complete --- Not blocked by TBAA or TFA check
Merge complete --- Not blocked by TBAA or TFA check
Merge complete --- Not blocked by TBAA or TFA check
Merge complete --- Not blocked by TBAA or TFA check
Merge complete --- Not blocked by TBAA or TFA check
Merge complete --- Not blocked by TBAA or TFA check
Merge complete --- Not blocked by TBAA or TFA check
Merge complete --- Not blocked by TBAA or TFA check
Merge complete --- Not blocked by TBAA or TFA check
Merge complete --- Not blocked by TBAA or TFA check
Merge complete --- Not blocked by TBAA or TFA check
Merge complete --- Not blocked by TBAA or TFA check
Merge complete --- Not blocked by TBAA or TFA check
Merge complete --- Not blocked by TBAA or TFA check
Merge complete --- Not blocked by TBAA or TFA check
Merge complete --- Not blocked by TBAA or TFA check
Merge complete --- Not blocked by TBAA or TFA check
Merge complete --- Not blocked by TBAA or TFA check
Merge complete --- Not blocked by TBAA or TFA check
Merge complete --- Not blocked by TBAA or TFA check
Merge complete --- Not blocked by TBAA or TFA check
Merge complete --- Not blocked by TBAA or TFA check
Merge complete --- Not blocked by TBAA or TFA check
Merge complete --- Not blocked by TBAA or TFA check
Merge complete --- Not blocked by TBAA or TFA check
Merge complete --- Not blocked by TBAA or TFA check
Merge complete --- Not blocked by TBAA or TFA check
Merge complete --- Not blocked by TBAA or TFA check
Merge complete --- Not blocked by TBAA or TFA check
Merge complete --- Not blocked by TBAA or TFA check
Merge complete --- Not blocked by TBAA or TFA check
Merge complete --- Not blocked by TBAA or TFA check
Merge complete --- Not blocked by TBAA or TFA check

Analyzed func: set_legacy_nid
DefinitionFuncSet size: 1
aliased_callset size: 0

Update global ICallees info

0 Update icall:   %18 = call i32 %16(ptr noundef %17), !dbg !480

1 Update icall:   %109 = call i32 %92(ptr noundef %95, ptr noundef %96, ptr noundef %16, i64 noundef %106, ptr noundef %107, i64 noundef %108), !dbg !527

2 Update icall:   %226 = call i32 %220(ptr noundef %221, ptr noundef %222, ptr noundef %223, i64 noundef %225), !dbg !667

3 Update icall:   %375 = call i32 %350(ptr noundef %353, ptr noundef %354, i64 noundef %363, ptr noundef %364, i64 noundef %373, ptr noundef %374), !dbg !796

4 Update icall:   %321 = call i32 %305(ptr noundef %308, ptr noundef %317, ptr noundef %318, i64 noundef %319, ptr noundef %320), !dbg !803

5 Update icall:   %18 = call ptr %14(ptr noundef %17), !dbg !478

6 Update icall:   %59 = call ptr %55(ptr noundef %58), !dbg !520

7 Update icall:   %50 = call i32 %41(ptr noundef %44, ptr noundef %45, i64 noundef %46, i64 noundef %47, ptr noundef %48, i64 noundef %49, ptr noundef null), !dbg !507

8 Update icall:   %246 = call i32 %237(ptr noundef %240, ptr noundef %241, i64 noundef %242, ptr noundef %243, i64 noundef %244, ptr noundef %245), !dbg !744

9 Update icall:   %413 = call i32 %398(ptr noundef %401, ptr noundef null, ptr noundef %402, i64 noundef %411, ptr noundef %412), !dbg !827

10 Update icall:   %109 = call i32 %92(ptr noundef %95, ptr noundef %96, ptr noundef %13, i64 noundef %106, ptr noundef %107, i64 noundef %108), !dbg !521

11 Update icall:   %29 = call ptr %24(ptr noundef %27, ptr noundef %28), !dbg !487

12 Update icall:   %71 = call i32 %58(ptr noundef %61, ptr noundef %62, ptr noundef %13, i64 noundef %70), !dbg !534

13 Update icall:   %445 = call i32 %420(ptr noundef %423, ptr noundef %424, i64 noundef %433, ptr noundef %434, i64 noundef %443, ptr noundef %444), !dbg !842

14 Update icall:   %112 = call i32 %110(ptr noundef %111), !dbg !569

15 Update icall:   %173 = call i32 %167(ptr noundef %168, ptr noundef %169, ptr noundef %170, i64 noundef %172), !dbg !587

16 Update icall:   %174 = call i32 %166(ptr noundef %167, ptr noundef %168, ptr noundef %171, i64 noundef %173), !dbg !633

17 Update icall:   %29 = call ptr %24(ptr noundef %27, ptr noundef %28), !dbg !487

18 Update icall:   %89 = call i32 %87(ptr noundef %88), !dbg !597

19 Update icall:   %76 = call i32 %74(ptr noundef %75), !dbg !527

20 Update icall:   %20 = call ptr %18(ptr noundef null, ptr noundef %19), !dbg !485

21 Update icall:   %70 = call i32 %57(ptr noundef %60, ptr noundef %61, ptr noundef %11, i64 noundef %69), !dbg !531

22 Update icall:   %130 = call i32 %127(ptr noundef %128, i32 noundef 8, i32 noundef 0, ptr noundef %129), !dbg !578

23 Update icall:   %100 = call i32 %97(ptr noundef %98, ptr noundef %99, ptr noundef null, i64 noundef 0), !dbg !566

24 Update icall:   %85 = call i32 %75(ptr noundef %78, i64 noundef %81, ptr noundef %82, ptr noundef %83, ptr noundef %84), !dbg !516

25 Update icall:   call void %37(ptr noundef %40), !dbg !493

26 Update icall:   %376 = call i32 %371(ptr noundef %372, i32 noundef %373, i32 noundef %374, ptr noundef %375), !dbg !835

27 Update icall:   %244 = call ptr %239(ptr noundef %243), !dbg !684

28 Update icall:   %96 = call i32 %84(ptr noundef %87, i64 noundef %90, ptr noundef %91, ptr noundef %92, ptr noundef %93, ptr noundef %94, ptr noundef %95), !dbg !520

29 Update icall:   %50 = call i32 %41(ptr noundef %44, ptr noundef %45, i64 noundef %46, i64 noundef %47, ptr noundef %48, i64 noundef %49, ptr noundef null), !dbg !507

30 Update icall:   %343 = call i32 %328(ptr noundef %331, ptr noundef null, ptr noundef %332, i64 noundef %341, ptr noundef %342), !dbg !781

31 Update icall:   %192 = call i32 %184(ptr noundef %185, ptr noundef %186, ptr noundef %189, i64 noundef %191), !dbg !638

32 Update icall:   %57 = call i32 %51(ptr noundef %52, ptr noundef %53, ptr noundef %54, i64 noundef %56), !dbg !517

33 Update icall:   %27 = call i32 %22(ptr noundef %25, ptr noundef %26), !dbg !482

34 Update icall:   %173 = call ptr %168(ptr noundef %172), !dbg !673

35 Update icall:   %108 = call i32 %102(ptr noundef %103, ptr noundef %104, ptr noundef %105, i64 noundef %107), !dbg !563

36 Update icall:   %653 = call i32 %648(ptr noundef %649, ptr noundef %650, ptr noundef %651, i32 noundef %652), !dbg !1030

37 Update icall:   %100 = call i32 %97(ptr noundef %98, ptr noundef %99, ptr noundef null, i64 noundef 0), !dbg !567

38 Update icall:   %299 = call i32 %290(ptr noundef %293, ptr noundef %294, i64 noundef %295, ptr noundef %296, i64 noundef %297, ptr noundef %298), !dbg !791

39 Update icall:   %20 = call ptr %18(ptr noundef null, ptr noundef %19), !dbg !485

40 Update icall:   %268 = call i32 %252(ptr noundef %255, ptr noundef %264, ptr noundef %265, i64 noundef %266, ptr noundef %267), !dbg !756

41 Update icall:   %28 = call i32 %23(ptr noundef %26, ptr noundef %27), !dbg !486

 Start ICall Alias Analysis

0 Top func: EVP_CIPHER_get_params
---icall:   %18 = call i32 %16(ptr noundef %17), !dbg !480
Merge complete --- Not blocked by TBAA or TFA check
Merge complete --- Not blocked by TBAA or TFA check
Merge complete --- Not blocked by TBAA or TFA check
Merge complete --- Not blocked by TBAA or TFA check
Merge complete --- Not blocked by TBAA or TFA check
Merge complete --- Not blocked by TBAA or TFA check
Merge complete --- Not blocked by TBAA or TFA check
Merge complete --- Not blocked by TBAA or TFA check
Merge complete --- Not blocked by TBAA or TFA check
aliased_fset size: 0

1 Top func: EVP_CIPHER_CTX_reset
---icall:   call void %37(ptr noundef %40), !dbg !493
Merge complete --- Not blocked by TBAA or TFA check
Merge complete --- Not blocked by TBAA or TFA check
Merge complete --- Not blocked by TBAA or TFA check
Merge complete --- Not blocked by TBAA or TFA check
Merge complete --- Not blocked by TBAA or TFA check
Merge complete --- Not blocked by TBAA or TFA check
Merge complete --- Not blocked by TBAA or TFA check
Merge complete --- Not blocked by TBAA or TFA check
Merge complete --- Not blocked by TBAA or TFA check
Merge complete --- Not blocked by TBAA or TFA check
Merge complete --- Not blocked by TBAA or TFA check
Merge complete --- Not blocked by TBAA or TFA check
Merge complete --- Not blocked by TBAA or TFA check
Merge complete --- Not blocked by TBAA or TFA check
Merge complete --- Not blocked by TBAA or TFA check
Merge complete --- Not blocked by TBAA or TFA check
Merge complete --- Not blocked by TBAA or TFA check
Merge complete --- Not blocked by TBAA or TFA check
Merge complete --- Not blocked by TBAA or TFA check
Merge complete --- Not blocked by TBAA or TFA check
Merge complete --- Not blocked by TBAA or TFA check
Merge complete --- Not blocked by TBAA or TFA check
Merge complete --- Not blocked by TBAA or TFA check
Merge complete --- Not blocked by TBAA or TFA check
Merge complete --- Not blocked by TBAA or TFA check
Merge complete --- Not blocked by TBAA or TFA check
Merge complete --- Not blocked by TBAA or TFA check
Merge complete --- Not blocked by TBAA or TFA check
Merge complete --- Not blocked by TBAA or TFA check
Merge complete --- Not blocked by TBAA or TFA check
Merge complete --- Not blocked by TBAA or TFA check
Merge complete --- Not blocked by TBAA or TFA check
Merge complete --- Not blocked by TBAA or TFA check
Merge complete --- Not blocked by TBAA or TFA check
Merge complete --- Not blocked by TBAA or TFA check
Merge complete --- Not blocked by TBAA or TFA check
Merge complete --- Not blocked by TBAA or TFA check
Merge complete --- Not blocked by TBAA or TFA check
Merge complete --- Not blocked by TBAA or TFA check
Merge complete --- Not blocked by TBAA or TFA check
Merge complete --- Not blocked by TBAA or TFA check
Merge complete --- Not blocked by TBAA or TFA check
Merge complete --- Not blocked by TBAA or TFA check
Merge complete --- Not blocked by TBAA or TFA check
Merge complete --- Not blocked by TBAA or TFA check
Merge complete --- Not blocked by TBAA or TFA check
Merge complete --- Not blocked by TBAA or TFA check
Merge complete --- Not blocked by TBAA or TFA check
Merge complete --- Not blocked by TBAA or TFA check
Merge complete --- Not blocked by TBAA or TFA check
Merge complete --- Not blocked by TBAA or TFA check
Merge complete --- Not blocked by TBAA or TFA check
Merge complete --- Not blocked by TBAA or TFA check
Merge complete --- Not blocked by TBAA or TFA check
Merge complete --- Not blocked by TBAA or TFA check
Merge complete --- Not blocked by TBAA or TFA check
Merge complete --- Not blocked by TBAA or TFA check
Merge complete --- Not blocked by TBAA or TFA check
Merge complete --- Not blocked by TBAA or TFA check
Merge complete --- Not blocked by TBAA or TFA check
Merge complete --- Not blocked by TBAA or TFA check
Merge complete --- Not blocked by TBAA or TFA check
Merge complete --- Not blocked by TBAA or TFA check
Merge complete --- Not blocked by TBAA or TFA check
Merge complete --- Not blocked by TBAA or TFA check
Merge complete --- Not blocked by TBAA or TFA check
Merge complete --- Not blocked by TBAA or TFA check
Merge complete --- Not blocked by TBAA or TFA check
Merge complete --- Not blocked by TBAA or TFA check
Merge complete --- Not blocked by TBAA or TFA check
Merge complete --- Not blocked by TBAA or TFA check
Merge complete --- Not blocked by TBAA or TFA check
Merge complete --- Not blocked by TBAA or TFA check
Merge complete --- Not blocked by TBAA or TFA check
Merge complete --- Not blocked by TBAA or TFA check
Merge complete --- Not blocked by TBAA or TFA check
Merge complete --- Not blocked by TBAA or TFA check
Merge complete --- Not blocked by TBAA or TFA check
Merge complete --- Not blocked by TBAA or TFA check
Merge complete --- Not blocked by TBAA or TFA check
Merge complete --- Not blocked by TBAA or TFA check
Merge complete --- Not blocked by TBAA or TFA check
Merge complete --- Not blocked by TBAA or TFA check
Merge complete --- Not blocked by TBAA or TFA check
Merge complete --- Not blocked by TBAA or TFA check
Merge complete --- Not blocked by TBAA or TFA check
Merge complete --- Not blocked by TBAA or TFA check
Merge complete --- Not blocked by TBAA or TFA check
Merge complete --- Not blocked by TBAA or TFA check
Merge complete --- Not blocked by TBAA or TFA check
Merge complete --- Not blocked by TBAA or TFA check
Merge complete --- Not blocked by TBAA or TFA check
Merge complete --- Not blocked by TBAA or TFA check
Merge complete --- Not blocked by TBAA or TFA check
Merge complete --- Not blocked by TBAA or TFA check
Merge complete --- Not blocked by TBAA or TFA check
Merge complete --- Not blocked by TBAA or TFA check
Merge complete --- Not blocked by TBAA or TFA check
Merge complete --- Not blocked by TBAA or TFA check
Merge complete --- Not blocked by TBAA or TFA check
Merge complete --- Not blocked by TBAA or TFA check
Merge complete --- Not blocked by TBAA or TFA check
Merge complete --- Not blocked by TBAA or TFA check
Merge complete --- Not blocked by TBAA or TFA check
Merge complete --- Not blocked by TBAA or TFA check
Merge complete --- Not blocked by TBAA or TFA check
Merge complete --- Not blocked by TBAA or TFA check
Merge complete --- Not blocked by TBAA or TFA check
Merge complete --- Not blocked by TBAA or TFA check
Merge complete --- Not blocked by TBAA or TFA check
Merge complete --- Not blocked by TBAA or TFA check
Merge complete --- Not blocked by TBAA or TFA check
Merge complete --- Not blocked by TBAA or TFA check
Merge complete --- Not blocked by TBAA or TFA check
Merge complete --- Not blocked by TBAA or TFA check
Merge complete --- Not blocked by TBAA or TFA check
Merge complete --- Not blocked by TBAA or TFA check
Merge complete --- Not blocked by TBAA or TFA check
Merge complete --- Not blocked by TBAA or TFA check
Merge complete --- Not blocked by TBAA or TFA check
Merge complete --- Not blocked by TBAA or TFA check
Merge complete --- Not blocked by TBAA or TFA check
Merge complete --- Not blocked by TBAA or TFA check
Merge complete --- Not blocked by TBAA or TFA check
Merge complete --- Not blocked by TBAA or TFA check
Merge complete --- Not blocked by TBAA or TFA check
Merge complete --- Not blocked by TBAA or TFA check
Merge complete --- Not blocked by TBAA or TFA check
Merge complete --- Not blocked by TBAA or TFA check
Merge complete --- Not blocked by TBAA or TFA check
Merge complete --- Not blocked by TBAA or TFA check
Merge complete --- Not blocked by TBAA or TFA check
Merge complete --- Not blocked by TBAA or TFA check
Merge complete --- Not blocked by TBAA or TFA check
Merge complete --- Not blocked by TBAA or TFA check
Merge complete --- Not blocked by TBAA or TFA check
Merge complete --- Not blocked by TBAA or TFA check
Merge complete --- Not blocked by TBAA or TFA check
Merge complete --- Not blocked by TBAA or TFA check
Merge complete --- Not blocked by TBAA or TFA check
Merge complete --- Not blocked by TBAA or TFA check
Merge complete --- Not blocked by TBAA or TFA check
Merge complete --- Not blocked by TBAA or TFA check
Merge complete --- Not blocked by TBAA or TFA check
Merge complete --- Not blocked by TBAA or TFA check
Merge complete --- Not blocked by TBAA or TFA check
Merge complete --- Not blocked by TBAA or TFA check
Merge complete --- Not blocked by TBAA or TFA check
Merge complete --- Not blocked by TBAA or TFA check
Merge complete --- Not blocked by TBAA or TFA check
Merge complete --- Not blocked by TBAA or TFA check
Merge complete --- Not blocked by TBAA or TFA check
Merge complete --- Not blocked by TBAA or TFA check
Merge complete --- Not blocked by TBAA or TFA check
Merge complete --- Not blocked by TBAA or TFA check
Merge complete --- Not blocked by TBAA or TFA check
Merge complete --- Not blocked by TBAA or TFA check
Merge complete --- Not blocked by TBAA or TFA check
Merge complete --- Not blocked by TBAA or TFA check
Merge complete --- Not blocked by TBAA or TFA check
Merge complete --- Not blocked by TBAA or TFA check
Merge complete --- Not blocked by TBAA or TFA check
Merge complete --- Not blocked by TBAA or TFA check
Merge complete --- Not blocked by TBAA or TFA check
Merge complete --- Not blocked by TBAA or TFA check
Merge complete --- Not blocked by TBAA or TFA check
Merge complete --- Not blocked by TBAA or TFA check
Merge complete --- Not blocked by TBAA or TFA check
Merge complete --- Not blocked by TBAA or TFA check
Merge complete --- Not blocked by TBAA or TFA check
Merge complete --- Not blocked by TBAA or TFA check
Merge complete --- Not blocked by TBAA or TFA check
Merge complete --- Not blocked by TBAA or TFA check
Merge complete --- Not blocked by TBAA or TFA check
Merge complete --- Not blocked by TBAA or TFA check
Merge complete --- Not blocked by TBAA or TFA check
Merge complete --- Not blocked by TBAA or TFA check
Merge complete --- Not blocked by TBAA or TFA check
Merge complete --- Not blocked by TBAA or TFA check
Merge complete --- Not blocked by TBAA or TFA check
Merge complete --- Not blocked by TBAA or TFA check
Merge complete --- Not blocked by TBAA or TFA check
Merge complete --- Not blocked by TBAA or TFA check
Merge complete --- Not blocked by TBAA or TFA check
Merge complete --- Not blocked by TBAA or TFA check
Merge complete --- Not blocked by TBAA or TFA check
Merge complete --- Not blocked by TBAA or TFA check
Merge complete --- Not blocked by TBAA or TFA check
Merge complete --- Not blocked by TBAA or TFA check
Merge complete --- Not blocked by TBAA or TFA check
Merge complete --- Not blocked by TBAA or TFA check
Merge complete --- Not blocked by TBAA or TFA check
Merge complete --- Not blocked by TBAA or TFA check
Merge complete --- Not blocked by TBAA or TFA check
Merge complete --- Not blocked by TBAA or TFA check
Merge complete --- Not blocked by TBAA or TFA check
Merge complete --- Not blocked by TBAA or TFA check
Merge complete --- Not blocked by TBAA or TFA check
Merge complete --- Not blocked by TBAA or TFA check
Merge complete --- Not blocked by TBAA or TFA check
Merge complete --- Not blocked by TBAA or TFA check
Merge complete --- Not blocked by TBAA or TFA check
Merge complete --- Not blocked by TBAA or TFA check
Merge complete --- Not blocked by TBAA or TFA check
Merge complete --- Not blocked by TBAA or TFA check
Merge complete --- Not blocked by TBAA or TFA check
Merge complete --- Not blocked by TBAA or TFA check
Merge complete --- Not blocked by TBAA or TFA check
Merge complete --- Not blocked by TBAA or TFA check
Merge complete --- Not blocked by TBAA or TFA check
Merge complete --- Not blocked by TBAA or TFA check
Merge complete --- Not blocked by TBAA or TFA check
Merge complete --- Not blocked by TBAA or TFA check
Merge complete --- Not blocked by TBAA or TFA check
Merge complete --- Not blocked by TBAA or TFA check
Merge complete --- Not blocked by TBAA or TFA check
Merge complete --- Not blocked by TBAA or TFA check
Merge complete --- Not blocked by TBAA or TFA check
Merge complete --- Not blocked by TBAA or TFA check
Merge complete --- Not blocked by TBAA or TFA check
Merge complete --- Not blocked by TBAA or TFA check
Merge complete --- Not blocked by TBAA or TFA check
Merge complete --- Not blocked by TBAA or TFA check
Merge complete --- Not blocked by TBAA or TFA check
Merge complete --- Not blocked by TBAA or TFA check
Merge complete --- Not blocked by TBAA or TFA check
Merge complete --- Not blocked by TBAA or TFA check
Merge complete --- Not blocked by TBAA or TFA check
Merge complete --- Not blocked by TBAA or TFA check
Merge complete --- Not blocked by TBAA or TFA check
Merge complete --- Not blocked by TBAA or TFA check
Merge complete --- Not blocked by TBAA or TFA check
Merge complete --- Not blocked by TBAA or TFA check
Merge complete --- Not blocked by TBAA or TFA check
Merge complete --- Not blocked by TBAA or TFA check
Merge complete --- Not blocked by TBAA or TFA check
Merge complete --- Not blocked by TBAA or TFA check
Merge complete --- Not blocked by TBAA or TFA check
Merge complete --- Not blocked by TBAA or TFA check
Merge complete --- Not blocked by TBAA or TFA check
Merge complete --- Not blocked by TBAA or TFA check
Merge complete --- Not blocked by TBAA or TFA check
Merge complete --- Not blocked by TBAA or TFA check
Merge complete --- Not blocked by TBAA or TFA check
Merge complete --- Not blocked by TBAA or TFA check
Merge complete --- Not blocked by TBAA or TFA check
Merge complete --- Not blocked by TBAA or TFA check
Merge complete --- Not blocked by TBAA or TFA check
Merge complete --- Not blocked by TBAA or TFA check
Merge complete --- Not blocked by TBAA or TFA check
Merge complete --- Not blocked by TBAA or TFA check
Merge complete --- Not blocked by TBAA or TFA check
Merge complete --- Not blocked by TBAA or TFA check
Merge complete --- Not blocked by TBAA or TFA check
Merge complete --- Not blocked by TBAA or TFA check
Merge complete --- Not blocked by TBAA or TFA check
Merge complete --- Not blocked by TBAA or TFA check
Merge complete --- Not blocked by TBAA or TFA check
Merge complete --- Not blocked by TBAA or TFA check
Merge complete --- Not blocked by TBAA or TFA check
Merge complete --- Not blocked by TBAA or TFA check
Merge complete --- Not blocked by TBAA or TFA check
Merge complete --- Not blocked by TBAA or TFA check
Merge complete --- Not blocked by TBAA or TFA check
Merge complete --- Not blocked by TBAA or TFA check
Merge complete --- Not blocked by TBAA or TFA check
Merge complete --- Not blocked by TBAA or TFA check
Merge complete --- Not blocked by TBAA or TFA check
Merge complete --- Not blocked by TBAA or TFA check
Merge complete --- Not blocked by TBAA or TFA check
Merge complete --- Not blocked by TBAA or TFA check
Merge complete --- Not blocked by TBAA or TFA check
Merge complete --- Not blocked by TBAA or TFA check
Merge complete --- Not blocked by TBAA or TFA check
Merge complete --- Not blocked by TBAA or TFA check
Merge complete --- Not blocked by TBAA or TFA check
Merge complete --- Not blocked by TBAA or TFA check
Merge complete --- Not blocked by TBAA or TFA check
Merge complete --- Not blocked by TBAA or TFA check
Merge complete --- Not blocked by TBAA or TFA check
Merge complete --- Not blocked by TBAA or TFA check
Merge complete --- Not blocked by TBAA or TFA check
Merge complete --- Not blocked by TBAA or TFA check
Merge complete --- Not blocked by TBAA or TFA check
Merge complete --- Not blocked by TBAA or TFA check
Merge complete --- Not blocked by TBAA or TFA check
Merge complete --- Not blocked by TBAA or TFA check
Merge complete --- Not blocked by TBAA or TFA check
Merge complete --- Not blocked by TBAA or TFA check
Merge complete --- Not blocked by TBAA or TFA check
Merge complete --- Not blocked by TBAA or TFA check
Merge complete --- Not blocked by TBAA or TFA check
Merge complete --- Not blocked by TBAA or TFA check
Merge complete --- Not blocked by TBAA or TFA check
Merge complete --- Not blocked by TBAA or TFA check
Merge complete --- Not blocked by TBAA or TFA check
Merge complete --- Not blocked by TBAA or TFA check
Merge complete --- Not blocked by TBAA or TFA check
Merge complete --- Not blocked by TBAA or TFA check
Merge complete --- Not blocked by TBAA or TFA check
Merge complete --- Not blocked by TBAA or TFA check
Merge complete --- Not blocked by TBAA or TFA check
Merge complete --- Not blocked by TBAA or TFA check
Merge complete --- Not blocked by TBAA or TFA check
Merge complete --- Not blocked by TBAA or TFA check
Merge complete --- Not blocked by TBAA or TFA check
Merge complete --- Not blocked by TBAA or TFA check
Merge complete --- Not blocked by TBAA or TFA check
Merge complete --- Not blocked by TBAA or TFA check
Merge complete --- Not blocked by TBAA or TFA check
Merge complete --- Not blocked by TBAA or TFA check
Merge complete --- Not blocked by TBAA or TFA check
Merge complete --- Not blocked by TBAA or TFA check
Merge complete --- Not blocked by TBAA or TFA check
Merge complete --- Not blocked by TBAA or TFA check
Merge complete --- Not blocked by TBAA or TFA check
Merge complete --- Not blocked by TBAA or TFA check
Merge complete --- Not blocked by TBAA or TFA check
Merge complete --- Not blocked by TBAA or TFA check
Merge complete --- Not blocked by TBAA or TFA check
Merge complete --- Not blocked by TBAA or TFA check
Merge complete --- Not blocked by TBAA or TFA check
Merge complete --- Not blocked by TBAA or TFA check
Merge complete --- Not blocked by TBAA or TFA check
Merge complete --- Not blocked by TBAA or TFA check
Merge complete --- Not blocked by TBAA or TFA check
Merge complete --- Not blocked by TBAA or TFA check
Merge complete --- Not blocked by TBAA or TFA check
Merge complete --- Not blocked by TBAA or TFA check
Merge complete --- Not blocked by TBAA or TFA check
Merge complete --- Not blocked by TBAA or TFA check
Merge complete --- Not blocked by TBAA or TFA check
Merge complete --- Not blocked by TBAA or TFA check
Merge complete --- Not blocked by TBAA or TFA check
Merge complete --- Not blocked by TBAA or TFA check
Merge complete --- Not blocked by TBAA or TFA check
Merge complete --- Not blocked by TBAA or TFA check
Merge complete --- Not blocked by TBAA or TFA check
Merge complete --- Not blocked by TBAA or TFA check
Merge complete --- Not blocked by TBAA or TFA check
Merge complete --- Not blocked by TBAA or TFA check
Merge complete --- Not blocked by TBAA or TFA check
Merge complete --- Not blocked by TBAA or TFA check
Merge complete --- Not blocked by TBAA or TFA check
Merge complete --- Not blocked by TBAA or TFA check
Merge complete --- Not blocked by TBAA or TFA check
Merge complete --- Not blocked by TBAA or TFA check
Merge complete --- Not blocked by TBAA or TFA check
Merge complete --- Not blocked by TBAA or TFA check
Merge complete --- Not blocked by TBAA or TFA check
Merge complete --- Not blocked by TBAA or TFA check
Merge complete --- Not blocked by TBAA or TFA check
Merge complete --- Not blocked by TBAA or TFA check
Merge complete --- Not blocked by TBAA or TFA check
Merge complete --- Not blocked by TBAA or TFA check
Merge complete --- Not blocked by TBAA or TFA check
Merge complete --- Not blocked by TBAA or TFA check
Merge complete --- Not blocked by TBAA or TFA check
Merge complete --- Not blocked by TBAA or TFA check
Merge complete --- Not blocked by TBAA or TFA check
Merge complete --- Not blocked by TBAA or TFA check
Merge complete --- Not blocked by TBAA or TFA check
Merge complete --- Not blocked by TBAA or TFA check
Merge complete --- Not blocked by TBAA or TFA check
Merge complete --- Not blocked by TBAA or TFA check
Merge complete --- Not blocked by TBAA or TFA check
Merge complete --- Not blocked by TBAA or TFA check
Merge complete --- Not blocked by TBAA or TFA check
Merge complete --- Not blocked by TBAA or TFA check
Merge complete --- Not blocked by TBAA or TFA check
Merge complete --- Not blocked by TBAA or TFA check
Merge complete --- Not blocked by TBAA or TFA check
Merge complete --- Not blocked by TBAA or TFA check
Merge complete --- Not blocked by TBAA or TFA check
Merge complete --- Not blocked by TBAA or TFA check
Merge complete --- Not blocked by TBAA or TFA check
Merge complete --- Not blocked by TBAA or TFA check
Merge complete --- Not blocked by TBAA or TFA check
Merge complete --- Not blocked by TBAA or TFA check
Merge complete --- Not blocked by TBAA or TFA check
Merge complete --- Not blocked by TBAA or TFA check
Merge complete --- Not blocked by TBAA or TFA check
Merge complete --- Not blocked by TBAA or TFA check
Merge complete --- Not blocked by TBAA or TFA check
Merge complete --- Not blocked by TBAA or TFA check
Merge complete --- Not blocked by TBAA or TFA check
Merge complete --- Not blocked by TBAA or TFA check
Merge complete --- Not blocked by TBAA or TFA check
Merge complete --- Not blocked by TBAA or TFA check
Merge complete --- Not blocked by TBAA or TFA check
Merge complete --- Not blocked by TBAA or TFA check
Merge complete --- Not blocked by TBAA or TFA check
Merge complete --- Not blocked by TBAA or TFA check
Merge complete --- Not blocked by TBAA or TFA check
Merge complete --- Not blocked by TBAA or TFA check
Merge complete --- Not blocked by TBAA or TFA check
Merge complete --- Not blocked by TBAA or TFA check
Merge complete --- Not blocked by TBAA or TFA check
Merge complete --- Not blocked by TBAA or TFA check
Merge complete --- Not blocked by TBAA or TFA check
Merge complete --- Not blocked by TBAA or TFA check
Merge complete --- Not blocked by TBAA or TFA check
Merge complete --- Not blocked by TBAA or TFA check
Merge complete --- Not blocked by TBAA or TFA check
Merge complete --- Not blocked by TBAA or TFA check
Merge complete --- Not blocked by TBAA or TFA check
Merge complete --- Not blocked by TBAA or TFA check
Merge complete --- Not blocked by TBAA or TFA check
Merge complete --- Not blocked by TBAA or TFA check
Merge complete --- Not blocked by TBAA or TFA check
Merge complete --- Not blocked by TBAA or TFA check
Merge complete --- Not blocked by TBAA or TFA check
Merge complete --- Not blocked by TBAA or TFA check
Merge complete --- Not blocked by TBAA or TFA check
Merge complete --- Not blocked by TBAA or TFA check
Merge complete --- Not blocked by TBAA or TFA check
Merge complete --- Not blocked by TBAA or TFA check
Merge complete --- Not blocked by TBAA or TFA check
Merge complete --- Not blocked by TBAA or TFA check
Merge complete --- Not blocked by TBAA or TFA check
Merge complete --- Not blocked by TBAA or TFA check
Merge complete --- Not blocked by TBAA or TFA check
Merge complete --- Not blocked by TBAA or TFA check
Merge complete --- Not blocked by TBAA or TFA check
Merge complete --- Not blocked by TBAA or TFA check
Merge complete --- Not blocked by TBAA or TFA check
Merge complete --- Not blocked by TBAA or TFA check
Merge complete --- Not blocked by TBAA or TFA check
Merge complete --- Not blocked by TBAA or TFA check
Merge complete --- Not blocked by TBAA or TFA check
Merge complete --- Not blocked by TBAA or TFA check
Merge complete --- Not blocked by TBAA or TFA check
Merge complete --- Not blocked by TBAA or TFA check
Merge complete --- Not blocked by TBAA or TFA check
Merge complete --- Not blocked by TBAA or TFA check
Merge complete --- Not blocked by TBAA or TFA check
Merge complete --- Not blocked by TBAA or TFA check
Merge complete --- Not blocked by TBAA or TFA check
Merge complete --- Not blocked by TBAA or TFA check
Merge complete --- Not blocked by TBAA or TFA check
Merge complete --- Not blocked by TBAA or TFA check
Merge complete --- Not blocked by TBAA or TFA check
Merge complete --- Not blocked by TBAA or TFA check
Merge complete --- Not blocked by TBAA or TFA check
Merge complete --- Not blocked by TBAA or TFA check
Merge complete --- Not blocked by TBAA or TFA check
Merge complete --- Not blocked by TBAA or TFA check
Merge complete --- Not blocked by TBAA or TFA check
Merge complete --- Not blocked by TBAA or TFA check
Merge complete --- Not blocked by TBAA or TFA check
Merge complete --- Not blocked by TBAA or TFA check
Merge complete --- Not blocked by TBAA or TFA check
Merge complete --- Not blocked by TBAA or TFA check
Merge complete --- Not blocked by TBAA or TFA check
Merge complete --- Not blocked by TBAA or TFA check
Merge complete --- Not blocked by TBAA or TFA check
Merge complete --- Not blocked by TBAA or TFA check
Merge complete --- Not blocked by TBAA or TFA check
Merge complete --- Not blocked by TBAA or TFA check
Merge complete --- Not blocked by TBAA or TFA check
Merge complete --- Not blocked by TBAA or TFA check
Merge complete --- Not blocked by TBAA or TFA check
Merge complete --- Not blocked by TBAA or TFA check
Merge complete --- Not blocked by TBAA or TFA check
Merge complete --- Not blocked by TBAA or TFA check
Merge complete --- Not blocked by TBAA or TFA check

start oneLayerHandler

start escapeHandler

related types: 2
succeed_type_num: 2
related SI_num: 2
succeed_inst_num: 2
loop num: 1
WARNING: MYSQL connect failed!
Access denied for user 'petepc'@'localhost'

############## Indirect Call Target Results Statistics ##############
# Number icalls 				42
# Number total icall targets   			0

############## Alias Info Statistics ##############
# Number succeed alias icall 			1
# Number succeed func icall  			0

  Failed reasons:
# Number F has no global definition  		0
# Number binary_operation    			0
# Number llvm_used           			0
# Number exceed_max          			1

############## Time Statistics ##############

############## Round Statistics ##############
Round: 0
reduce_num_icall: 0
reduce_num_func: 2
reduce_num_onelayer: 0
reduce_num_escape: 0
reduce_num_total: 2


# Load time            		0.008279
# Typebuilder time     		0.000728
# MLTA time            		0.000836
# Icall alias time     		0.004246
# Func alias time      		0.018959
# One layer alias time 		1e-05
# Escape alias time    		8.8e-05
# DB time              		0.002282
