Total 1 file(s)
Openmp enabled
[TypeBuilder] Initializing 1 modules .
[TypeBuilder / 1] [1 / 1] [tests/open_ssl_bc/libdefault-lib-drbg_hmac.o]

[TypeBuilder] Updated in 0 modules.
[TypeBuilder] Postprocessing ...
[TypeBuilder] Done!

[CHABuilder] Initializing 1 modules .
[CHABuilder / 1] [1 / 1] [tests/open_ssl_bc/libdefault-lib-drbg_hmac.o]

[CHABuilder] Updated in 0 modules.
[CHABuilder] Postprocessing ...
[CHABuilder] Done!

[CallGraph] Initializing 1 modules 0: Module: tests/open_ssl_bc/libdefault-lib-drbg_hmac.o
.
[CallGraph / 1] [1 / 1] [tests/open_ssl_bc/libdefault-lib-drbg_hmac.o]

[CallGraph] Updated in 0 modules.
[CallGraph] Postprocessing ...
[CallGraph] Done!


 Start Func Alias Analysis

0 Top func: drbg_hmac_free

Merge complete --- Not blocked by TBAA or TFA check
1Merge complete --- Not blocked by TBAA or TFA check
 Top func: Merge complete --- Not blocked by TBAA or TFA check
ossl_drbg_lock

2 Top func: drbg_hmac_uninstantiate

Merge complete --- Not blocked by TBAA or TFA check
3Merge complete --- Not blocked by TBAA or TFA check
 Top func: Merge complete --- Not blocked by TBAA or TFA check
drbg_hmac_set_ctx_paramsMerge complete --- Not blocked by TBAA or TFA check

Merge complete --- Not blocked by TBAA or TFA check

Merge complete --- Not blocked by TBAA or TFA check
4Merge complete --- Not blocked by TBAA or TFA check
 Top func: Merge complete --- Not blocked by TBAA or TFA check
drbg_hmac_generate_wrapperMerge complete --- Not blocked by TBAA or TFA check

Merge complete --- Not blocked by TBAA or TFA check

Merge complete --- Not blocked by TBAA or TFA check
5Merge complete --- Not blocked by TBAA or TFA check
 Top func: Merge complete --- Not blocked by TBAA or TFA check
drbg_hmac_verify_zeroizationMerge complete --- Not blocked by TBAA or TFA check

Merge complete --- Not blocked by TBAA or TFA check

Merge complete --- Not blocked by TBAA or TFA check
6Merge complete --- Not blocked by TBAA or TFA check
 Top func: Merge complete --- Not blocked by TBAA or TFA check
drbg_hmac_new
Merge complete --- Not blocked by TBAA or TFA check
     Top func: Merge complete --- Not blocked by TBAA or TFA check
Merge complete --- Not blocked by TBAA or TFA check
drbg_hmac_freeMerge complete --- Not blocked by TBAA or TFA check
Merge complete --- Not blocked by TBAA or TFA check
 FailedMerge complete --- Not blocked by TBAA or TFA check
Merge complete --- Not blocked by TBAA or TFA check

Merge complete --- Not blocked by TBAA or TFA check
     Top func: Merge complete --- Not blocked by TBAA or TFA check
ossl_drbg_lock Failed
     Top func: drbg_hmac_generate_wrapper Failed
     Top func: drbg_hmac_set_ctx_params Failed
     Top func: drbg_hmac_verify_zeroization Failed

7 Top func: drbg_hmac_instantiate_wrapper

8 Top func: ossl_drbg_unlock

9 Top func: drbg_hmac_reseed_wrapper

10 Top func: drbg_hmac_gettable_ctx_params

Analyzed func: drbg_hmac_new
DefinitionFuncSet size: 1
aliased_callset size: 0

11 Top func: ossl_drbg_get_seed

Analyzed func: drbg_hmac_uninstantiate
DefinitionFuncSet size: 1
aliased_callset size: 1

12 Top func: drbg_hmac_instantiate
     Top func: Merge complete --- Not blocked by TBAA or TFA check
drbg_hmac_instantiate_wrapperMerge complete --- Not blocked by TBAA or TFA check
 FailedMerge complete --- Not blocked by TBAA or TFA check

     Top func: ossl_drbg_unlock Failed
     Top func: drbg_hmac_reseed_wrapper Failed
     Top func: drbg_hmac_gettable_ctx_params Failed

13 Top func: drbg_hmac_reseed
     Top func: Merge complete --- Not blocked by TBAA or TFA check
ossl_drbg_get_seedMerge complete --- Not blocked by TBAA or TFA check
 FailedMerge complete --- Not blocked by TBAA or TFA check


14 Top func: drbg_hmac_uninstantiate_wrapper

15 Top func: drbg_hmac_settable_ctx_params

16 Top func: ossl_drbg_enable_locking

17 Top func: drbg_hmac_get_ctx_params

Analyzed func: drbg_hmac_instantiate
DefinitionFuncSet size: 1
aliased_callset size: 0

18 Top func: ossl_drbg_clear_seed

Analyzed func: drbg_hmac_reseed
DefinitionFuncSet size: 1
aliased_callset size: 0

19 Top func: drbg_hmac_generate
     Top func: Merge complete --- Not blocked by TBAA or TFA check
ossl_drbg_enable_lockingMerge complete --- Not blocked by TBAA or TFA check
 FailedMerge complete --- Not blocked by TBAA or TFA check

     Top func: drbg_hmac_uninstantiate_wrapper Failed
     Top func: drbg_hmac_get_ctx_params Failed
     Top func: drbg_hmac_settable_ctx_params Failed

20 Top func: drbg_hmac_new_wrapper
     Top func: ossl_drbg_clear_seed Failed

Analyzed func: drbg_hmac_generate
DefinitionFuncSet size: 1
aliased_callset size: 0
     Top func: drbg_hmac_new_wrapper Failed

Update global ICallees info

 Start ICall Alias Analysis

start oneLayerHandler

start escapeHandler

related types: 0
succeed_type_num: 0
related SI_num: 0
succeed_inst_num: 0
loop num: 1
WARNING: MYSQL connect failed!
Access denied for user 'petepc'@'localhost'

############## Indirect Call Target Results Statistics ##############
# Number icalls 				0
# Number total icall targets   			0

############## Alias Info Statistics ##############
# Number succeed alias icall 			0
# Number succeed func icall  			1

  Failed reasons:
# Number F has no global definition  		0
# Number binary_operation    			0
# Number llvm_used           			0
# Number exceed_max          			0

############## Time Statistics ##############

############## Round Statistics ##############
Round: 0
reduce_num_icall: 0
reduce_num_func: 0
reduce_num_onelayer: 0
reduce_num_escape: 0
reduce_num_total: 0


# Load time            		0.004426
# Typebuilder time     		0.000661
# MLTA time            		0.00052
# Icall alias time     		6e-06
# Func alias time      		0.00155
# One layer alias time 		5e-06
# Escape alias time    		5.9e-05
# DB time              		0.002135
