Total 1 file(s)
Openmp enabled
[TypeBuilder] Initializing 1 modules .
[TypeBuilder / 1] [1 / 1] [tests/open_ssl_bc/libdefault-lib-kdf_exch.o]

[TypeBuilder] Updated in 0 modules.
[TypeBuilder] Postprocessing ...
[TypeBuilder] Done!

[CHABuilder] Initializing 1 modules .
[CHABuilder / 1] [1 / 1] [tests/open_ssl_bc/libdefault-lib-kdf_exch.o]

[CHABuilder] Updated in 0 modules.
[CHABuilder] Postprocessing ...
[CHABuilder] Done!

[CallGraph] Initializing 1 modules 0: Module: tests/open_ssl_bc/libdefault-lib-kdf_exch.o
.
[CallGraph / 1] [1 / 1] [tests/open_ssl_bc/libdefault-lib-kdf_exch.o]

[CallGraph] Updated in 0 modules.
[CallGraph] Postprocessing ...
[CallGraph] Done!


 Start Func Alias Analysis

0 Top func: kdf_derive

1 Top func: kdf_get_ctx_params

2 Top func: kdf_dupctx

3 Top func: kdf_tls1_prf_newctx

4 Top func: kdf_tls1_prf_gettable_ctx_params

5 Top func: kdf_scrypt_newctx

6 Top func: kdf_hkdf_settable_ctx_params
     Top func: kdf_dupctx Failed
     Top func: kdf_derive Failed
     Top func: kdf_get_ctx_params Failed
     Top func: kdf_scrypt_newctx Failed
     Top func: kdf_tls1_prf_newctx Failed
     Top func: kdf_tls1_prf_gettable_ctx_params Failed

7 Top func: kdf_set_ctx_params

8Merge complete --- Not blocked by TBAA or TFA check
 Top func: Merge complete --- Not blocked by TBAA or TFA check
kdf_freectxMerge complete --- Not blocked by TBAA or TFA check

Merge complete --- Not blocked by TBAA or TFA check

Merge complete --- Not blocked by TBAA or TFA check
9Merge complete --- Not blocked by TBAA or TFA check
 Top func: Merge complete --- Not blocked by TBAA or TFA check
kdf_tls1_prf_settable_ctx_paramsMerge complete --- Not blocked by TBAA or TFA check

Merge complete --- Not blocked by TBAA or TFA check

Merge complete --- Not blocked by TBAA or TFA check
10 Top func: Merge complete --- Not blocked by TBAA or TFA check
kdf_scrypt_settable_ctx_params
Merge complete --- Not blocked by TBAA or TFA check

11 Top func: kdf_init
Merge complete --- Not blocked by TBAA or TFA check
Merge complete --- Not blocked by TBAA or TFA check
Merge complete --- Not blocked by TBAA or TFA check
Merge complete --- Not blocked by TBAA or TFA check
Merge complete --- Not blocked by TBAA or TFA check
Merge complete --- Not blocked by TBAA or TFA check
Merge complete --- Not blocked by TBAA or TFA check
Merge complete --- Not blocked by TBAA or TFA check
     Top func: kdf_hkdf_settable_ctx_params Failed

12 Top func: kdf_hkdf_newctx

13 Top func: kdf_hkdf_gettable_ctx_params
     Top func: kdf_freectx Failed
     Top func: kdf_tls1_prf_settable_ctx_params Failed
     Top func: kdf_scrypt_settable_ctx_params Failed
     Top func: kdf_set_ctx_params Failed
     Top func: kdf_init Failed

14 Top func: kdf_scrypt_gettable_ctx_params
     Top func: kdf_hkdf_newctx Failed
     Top func: kdf_hkdf_gettable_ctx_params Failed
     Top func: kdf_scrypt_gettable_ctx_params Failed

Update global ICallees info

 Start ICall Alias Analysis

start oneLayerHandler

start escapeHandler

related types: 0
succeed_type_num: 0
related SI_num: 0
succeed_inst_num: 0
loop num: 1
WARNING: MYSQL connect failed!
Access denied for user 'petepc'@'localhost'

############## Indirect Call Target Results Statistics ##############
# Number icalls 				0
# Number total icall targets   			0

############## Alias Info Statistics ##############
# Number succeed alias icall 			0
# Number succeed func icall  			0

  Failed reasons:
# Number F has no global definition  		0
# Number binary_operation    			0
# Number llvm_used           			0
# Number exceed_max          			0

############## Time Statistics ##############

############## Round Statistics ##############
Round: 0
reduce_num_icall: 0
reduce_num_func: 0
reduce_num_onelayer: 0
reduce_num_escape: 0
reduce_num_total: 0


# Load time            		0.002065
# Typebuilder time     		0.000285
# MLTA time            		0.000325
# Icall alias time     		6.8e-05
# Func alias time      		0.001193
# One layer alias time 		7e-06
# Escape alias time    		6.1e-05
# DB time              		0.0021
