Total 1 file(s)
Openmp enabled
[TypeBuilder] Initializing 1 modules .
[TypeBuilder / 1] [1 / 1] [tests/open_ssl_bc/libdefault-lib-ec_kem.o]

[TypeBuilder] Updated in 0 modules.
[TypeBuilder] Postprocessing ...
[TypeBuilder] Done!

[CHABuilder] Initializing 1 modules .
[CHABuilder / 1] [1 / 1] [tests/open_ssl_bc/libdefault-lib-ec_kem.o]

[CHABuilder] Updated in 0 modules.
[CHABuilder] Postprocessing ...
[CHABuilder] Done!

[CallGraph] Initializing 1 modules 0: Module: tests/open_ssl_bc/libdefault-lib-ec_kem.o
.
[CallGraph / 1] [1 / 1] [tests/open_ssl_bc/libdefault-lib-ec_kem.o]

[CallGraph] Updated in 0 modules.
[CallGraph] Postprocessing ...
[CallGraph] Done!


 Start Func Alias Analysis

0 Top func: eckem_newctx

1 Top func: eckem_freectx

2 Top func: eckem_encapsulate

3 Top func: eckem_decapsulate

4 Top func: eckem_auth_encapsulate_init

5 Top func: eckem_set_ctx_params

6Merge complete --- Not blocked by TBAA or TFA check
 Top func: Merge complete --- Not blocked by TBAA or TFA check
eckem_auth_decapsulate_initMerge complete --- Not blocked by TBAA or TFA check

Merge complete --- Not blocked by TBAA or TFA check

Merge complete --- Not blocked by TBAA or TFA check
7Merge complete --- Not blocked by TBAA or TFA check
 Top func: Merge complete --- Not blocked by TBAA or TFA check
eckem_settable_ctx_paramsMerge complete --- Not blocked by TBAA or TFA check

Merge complete --- Not blocked by TBAA or TFA check
Merge complete --- Not blocked by TBAA or TFA check
Merge complete --- Not blocked by TBAA or TFA check
Merge complete --- Not blocked by TBAA or TFA check
Merge complete --- Not blocked by TBAA or TFA check
Merge complete --- Not blocked by TBAA or TFA check
Merge complete --- Not blocked by TBAA or TFA check
Merge complete --- Not blocked by TBAA or TFA check
Merge complete --- Not blocked by TBAA or TFA check
Merge complete --- Not blocked by TBAA or TFA check
     Top func: Merge complete --- Not blocked by TBAA or TFA check
eckem_newctxMerge complete --- Not blocked by TBAA or TFA check
 FailedMerge complete --- Not blocked by TBAA or TFA check

Merge complete --- Not blocked by TBAA or TFA check
     Top func: Merge complete --- Not blocked by TBAA or TFA check
eckem_encapsulateMerge complete --- Not blocked by TBAA or TFA check
 FailedMerge complete --- Not blocked by TBAA or TFA check

Merge complete --- Not blocked by TBAA or TFA check
     Top func: Merge complete --- Not blocked by TBAA or TFA check
eckem_freectx FailedMerge complete --- Not blocked by TBAA or TFA check

Merge complete --- Not blocked by TBAA or TFA check
     Top func: Merge complete --- Not blocked by TBAA or TFA check
eckem_decapsulateMerge complete --- Not blocked by TBAA or TFA check
 Failed
Merge complete --- Not blocked by TBAA or TFA check
Merge complete --- Not blocked by TBAA or TFA check
     Top func: Merge complete --- Not blocked by TBAA or TFA check
eckem_auth_encapsulate_initMerge complete --- Not blocked by TBAA or TFA check
 FailedMerge complete --- Not blocked by TBAA or TFA check

Merge complete --- Not blocked by TBAA or TFA check
     Top func: Merge complete --- Not blocked by TBAA or TFA check
eckem_auth_decapsulate_init FailedMerge complete --- Not blocked by TBAA or TFA check

Merge complete --- Not blocked by TBAA or TFA check
     Top func: Merge complete --- Not blocked by TBAA or TFA check
eckem_settable_ctx_paramsMerge complete --- Not blocked by TBAA or TFA check
 FailedMerge complete --- Not blocked by TBAA or TFA check

Merge complete --- Not blocked by TBAA or TFA check

Merge complete --- Not blocked by TBAA or TFA check
8Merge complete --- Not blocked by TBAA or TFA check
 Top func: Merge complete --- Not blocked by TBAA or TFA check
eckem_encapsulate_initMerge complete --- Not blocked by TBAA or TFA check

Merge complete --- Not blocked by TBAA or TFA check

Merge complete --- Not blocked by TBAA or TFA check
9Merge complete --- Not blocked by TBAA or TFA check
 Top func: Merge complete --- Not blocked by TBAA or TFA check
eckem_decapsulate_init
Merge complete --- Not blocked by TBAA or TFA check
     Top func: Merge complete --- Not blocked by TBAA or TFA check
eckem_encapsulate_initMerge complete --- Not blocked by TBAA or TFA check
 Failed
Merge complete --- Not blocked by TBAA or TFA check
     Top func: Merge complete --- Not blocked by TBAA or TFA check
eckem_decapsulate_initMerge complete --- Not blocked by TBAA or TFA check
 FailedMerge complete --- Not blocked by TBAA or TFA check

Merge complete --- Not blocked by TBAA or TFA check
Merge complete --- Not blocked by TBAA or TFA check
Merge complete --- Not blocked by TBAA or TFA check
Merge complete --- Not blocked by TBAA or TFA check
Merge complete --- Not blocked by TBAA or TFA check
Merge complete --- Not blocked by TBAA or TFA check
Merge complete --- Not blocked by TBAA or TFA check
Merge complete --- Not blocked by TBAA or TFA check
Merge complete --- Not blocked by TBAA or TFA check
Merge complete --- Not blocked by TBAA or TFA check
Merge complete --- Not blocked by TBAA or TFA check
Merge complete --- Not blocked by TBAA or TFA check
Merge complete --- Not blocked by TBAA or TFA check
Merge complete --- Not blocked by TBAA or TFA check
Merge complete --- Not blocked by TBAA or TFA check
Merge complete --- Not blocked by TBAA or TFA check
Merge complete --- Not blocked by TBAA or TFA check
Merge complete --- Not blocked by TBAA or TFA check
Merge complete --- Not blocked by TBAA or TFA check
Merge complete --- Not blocked by TBAA or TFA check
Merge complete --- Not blocked by TBAA or TFA check
Merge complete --- Not blocked by TBAA or TFA check
Merge complete --- Not blocked by TBAA or TFA check
Merge complete --- Not blocked by TBAA or TFA check
Merge complete --- Not blocked by TBAA or TFA check
Merge complete --- Not blocked by TBAA or TFA check
Merge complete --- Not blocked by TBAA or TFA check
Merge complete --- Not blocked by TBAA or TFA check
Merge complete --- Not blocked by TBAA or TFA check
Merge complete --- Not blocked by TBAA or TFA check
Merge complete --- Not blocked by TBAA or TFA check
Merge complete --- Not blocked by TBAA or TFA check
Merge complete --- Not blocked by TBAA or TFA check
Merge complete --- Not blocked by TBAA or TFA check
Merge complete --- Not blocked by TBAA or TFA check
Merge complete --- Not blocked by TBAA or TFA check
Merge complete --- Not blocked by TBAA or TFA check
Merge complete --- Not blocked by TBAA or TFA check
Merge complete --- Not blocked by TBAA or TFA check
Merge complete --- Not blocked by TBAA or TFA check
Merge complete --- Not blocked by TBAA or TFA check
Merge complete --- Not blocked by TBAA or TFA check
     Top func: eckem_set_ctx_params Failed

Update global ICallees info

 Start ICall Alias Analysis

start oneLayerHandler

start escapeHandler

related types: 0
succeed_type_num: 0
related SI_num: 0
succeed_inst_num: 0
loop num: 1
WARNING: MYSQL connect failed!
Access denied for user 'petepc'@'localhost'

############## Indirect Call Target Results Statistics ##############
# Number icalls 				0
# Number total icall targets   			0

############## Alias Info Statistics ##############
# Number succeed alias icall 			0
# Number succeed func icall  			0

  Failed reasons:
# Number F has no global definition  		0
# Number binary_operation    			0
# Number llvm_used           			0
# Number exceed_max          			0

############## Time Statistics ##############

############## Round Statistics ##############
Round: 0
reduce_num_icall: 0
reduce_num_func: 0
reduce_num_onelayer: 0
reduce_num_escape: 0
reduce_num_total: 0


# Load time            		0.003766
# Typebuilder time     		0.000473
# MLTA time            		0.000472
# Icall alias time     		3.4e-05
# Func alias time      		0.00118
# One layer alias time 		6e-06
# Escape alias time    		6.2e-05
# DB time              		0.001714
