Total 1 file(s)
Openmp enabled
[TypeBuilder] Initializing 1 modules .
[TypeBuilder / 1] [1 / 1] [tests/open_ssl_bc/libdefault-lib-cipher_aria_gcm.o]

[TypeBuilder] Updated in 0 modules.
[TypeBuilder] Postprocessing ...
[TypeBuilder] Done!

[CHABuilder] Initializing 1 modules .
[CHABuilder / 1] [1 / 1] [tests/open_ssl_bc/libdefault-lib-cipher_aria_gcm.o]

[CHABuilder] Updated in 0 modules.
[CHABuilder] Postprocessing ...
[CHABuilder] Done!

[CallGraph] Initializing 1 modules 0: Module: tests/open_ssl_bc/libdefault-lib-cipher_aria_gcm.o
.
[CallGraph / 1] [1 / 1] [tests/open_ssl_bc/libdefault-lib-cipher_aria_gcm.o]

[CallGraph] Updated in 0 modules.
[CallGraph] Postprocessing ...
[CallGraph] Done!


 Start Func Alias Analysis

0 Top func: ossl_gcm_einit

1 Top func: aria_gcm_freectx

2 Top func: ossl_gcm_get_ctx_params

3 Top func: ossl_gcm_stream_final

4 Top func: ossl_gcm_gettable_ctx_params

5 Top func: aria_192_gcm_get_params

6 Top func: aria192gcm_newctx
     Top func: ossl_gcm_einit Failed
     Top func: ossl_gcm_get_ctx_params Failed
     Top func: ossl_gcm_gettable_ctx_params Failed
     Top func: ossl_gcm_stream_final Failed
     Top func: aria_gcm_freectx Failed
     Top func: aria_192_gcm_get_params Failed

7 Top func: ossl_gcm_dinit

8 Top func: ossl_gcm_set_ctx_params

9 Top func: ossl_gcm_settable_ctx_params

10 Top func: ossl_gcm_cipher

11 Top func: aria128gcm_newctx

12 Top func: aria256gcm_newctx
     Top func: aria192gcm_newctx Failed
     Top func: ossl_gcm_dinit Failed

13 Top func: aria192gcm_dupctx
     Top func: ossl_gcm_settable_ctx_params Failed
     Top func: ossl_gcm_set_ctx_params Failed
     Top func: ossl_gcm_cipher Failed
     Top func: aria128gcm_newctx Failed
     Top func: aria256gcm_newctx Failed

14 Top func: ossl_gcm_stream_update

15 Top func: aria256gcm_dupctx

16 Top func: ossl_cipher_generic_gettable_params

17 Top func: aria_128_gcm_get_params

18 Top func: aria128gcm_dupctx

19 Top func: aria_256_gcm_get_params
     Top func: aria192gcm_dupctx Failed
     Top func: ossl_gcm_stream_update Failed
     Top func: ossl_cipher_generic_gettable_params Failed
     Top func: aria256gcm_dupctx Failed
     Top func: aria_256_gcm_get_params Failed
     Top func: aria128gcm_dupctx Failed
     Top func: aria_128_gcm_get_params Failed

Update global ICallees info

 Start ICall Alias Analysis

start oneLayerHandler

start escapeHandler

related types: 0
succeed_type_num: 0
related SI_num: 0
succeed_inst_num: 0
loop num: 1
WARNING: MYSQL connect failed!
Access denied for user 'petepc'@'localhost'

############## Indirect Call Target Results Statistics ##############
# Number icalls 				0
# Number total icall targets   			0

############## Alias Info Statistics ##############
# Number succeed alias icall 			0
# Number succeed func icall  			0

  Failed reasons:
# Number F has no global definition  		0
# Number binary_operation    			0
# Number llvm_used           			0
# Number exceed_max          			0

############## Time Statistics ##############

############## Round Statistics ##############
Round: 0
reduce_num_icall: 0
reduce_num_func: 0
reduce_num_onelayer: 0
reduce_num_escape: 0
reduce_num_total: 0


# Load time            		0.001595
# Typebuilder time     		0.000238
# MLTA time            		0.000414
# Icall alias time     		4.7e-05
# Func alias time      		0.008205
# One layer alias time 		5e-06
# Escape alias time    		5.6e-05
# DB time              		0.001982
