Total 1 file(s)
Openmp enabled
[TypeBuilder] Initializing 1 modules .
[TypeBuilder / 1] [1 / 1] [tests/open_ssl_bc/libdefault-lib-slh_dsa_kmgmt.o]

[TypeBuilder] Updated in 0 modules.
[TypeBuilder] Postprocessing ...
[TypeBuilder] Done!

[CHABuilder] Initializing 1 modules .
[CHABuilder / 1] [1 / 1] [tests/open_ssl_bc/libdefault-lib-slh_dsa_kmgmt.o]

[CHABuilder] Updated in 0 modules.
[CHABuilder] Postprocessing ...
[CHABuilder] Done!

[CallGraph] Initializing 1 modules 0: Module: tests/open_ssl_bc/libdefault-lib-slh_dsa_kmgmt.o
.
[CallGraph / 1] [1 / 1] [tests/open_ssl_bc/libdefault-lib-slh_dsa_kmgmt.o]

[CallGraph] Updated in 0 modules.
[CallGraph] Postprocessing ...
[CallGraph] Done!


 Start Func Alias Analysis

0 Top func: slh_dsa_gen_init

1 Top func: slh_dsa_sha2_256f_new_key

2 Top func: slh_dsa_shake_128f_gen

3 Top func: slh_dsa_gen_cleanup

4 Top func: slh_dsa_sha2_192s_new_key

5 Top func: slh_dsa_export

6 Top func: slh_dsa_dup_key

7 Top func: slh_dsa_shake_256s_new_key
     Top func: slh_dsa_gen_init Failed
     Top func: slh_dsa_sha2_256f_new_key Failed
     Top func: slh_dsa_shake_128f_gen Failed
     Top func: slh_dsa_gen_cleanup Failed
     Top func: slh_dsa_sha2_192s_new_key Failed
     Top func: slh_dsa_export Failed
     Top func: slh_dsa_dup_key Failed

8 Top func: slh_dsa_sha2_128s_gen
     Top func: slh_dsa_shake_256s_new_key Failed

9 Top func: slh_dsa_sha2_256f_gen

10 Top func: slh_dsa_shake_192s_new_key

11 Top func: slh_dsa_gen_set_params

12Merge complete --- Not blocked by TBAA or TFA check
 Top func: slh_dsa_sha2_192s_gen
Merge complete --- Not blocked by TBAA or TFA check

Merge complete --- Not blocked by TBAA or TFA check
13Merge complete --- Not blocked by TBAA or TFA check
 Top func: Merge complete --- Not blocked by TBAA or TFA check
slh_dsa_loadMerge complete --- Not blocked by TBAA or TFA check

Merge complete --- Not blocked by TBAA or TFA check
Merge complete --- Not blocked by TBAA or TFA check
Merge complete --- Not blocked by TBAA or TFA check
Merge complete --- Not blocked by TBAA or TFA check
Merge complete --- Not blocked by TBAA or TFA check
Merge complete --- Not blocked by TBAA or TFA check
Merge complete --- Not blocked by TBAA or TFA check
Merge complete --- Not blocked by TBAA or TFA check
Merge complete --- Not blocked by TBAA or TFA check
Merge complete --- Not blocked by TBAA or TFA check
Merge complete --- Not blocked by TBAA or TFA check
Merge complete --- Not blocked by TBAA or TFA check
Merge complete --- Not blocked by TBAA or TFA check
Merge complete --- Not blocked by TBAA or TFA check
Merge complete --- Not blocked by TBAA or TFA check
Merge complete --- Not blocked by TBAA or TFA check
Merge complete --- Not blocked by TBAA or TFA check
Merge complete --- Not blocked by TBAA or TFA check
Merge complete --- Not blocked by TBAA or TFA check
Merge complete --- Not blocked by TBAA or TFA check
Merge complete --- Not blocked by TBAA or TFA check
Merge complete --- Not blocked by TBAA or TFA check
Merge complete --- Not blocked by TBAA or TFA check
Merge complete --- Not blocked by TBAA or TFA check
Merge complete --- Not blocked by TBAA or TFA check
Merge complete --- Not blocked by TBAA or TFA check
Merge complete --- Not blocked by TBAA or TFA check
Merge complete --- Not blocked by TBAA or TFA check
Merge complete --- Not blocked by TBAA or TFA check
Merge complete --- Not blocked by TBAA or TFA check
Merge complete --- Not blocked by TBAA or TFA check
Merge complete --- Not blocked by TBAA or TFA check
Merge complete --- Not blocked by TBAA or TFA check
Merge complete --- Not blocked by TBAA or TFA check
Merge complete --- Not blocked by TBAA or TFA check
Merge complete --- Not blocked by TBAA or TFA check
Merge complete --- Not blocked by TBAA or TFA check
Merge complete --- Not blocked by TBAA or TFA check
Merge complete --- Not blocked by TBAA or TFA check
Merge complete --- Not blocked by TBAA or TFA check
Merge complete --- Not blocked by TBAA or TFA check
Merge complete --- Not blocked by TBAA or TFA check
Merge complete --- Not blocked by TBAA or TFA check
Merge complete --- Not blocked by TBAA or TFA check
Merge complete --- Not blocked by TBAA or TFA check
Merge complete --- Not blocked by TBAA or TFA check
Merge complete --- Not blocked by TBAA or TFA check

14 Top func: slh_dsa_has

Merge complete --- Not blocked by TBAA or TFA check
15Merge complete --- Not blocked by TBAA or TFA check
 Top func: Merge complete --- Not blocked by TBAA or TFA check
slh_dsa_shake_256s_genMerge complete --- Not blocked by TBAA or TFA check

Merge complete --- Not blocked by TBAA or TFA check
     Top func: Merge complete --- Not blocked by TBAA or TFA check
slh_dsa_sha2_128s_genMerge complete --- Not blocked by TBAA or TFA check
 Failed
Merge complete --- Not blocked by TBAA or TFA check
     Top func: Merge complete --- Not blocked by TBAA or TFA check
slh_dsa_shake_192s_new_keyMerge complete --- Not blocked by TBAA or TFA check
 FailedMerge complete --- Not blocked by TBAA or TFA check

Merge complete --- Not blocked by TBAA or TFA check
     Top func: Merge complete --- Not blocked by TBAA or TFA check
slh_dsa_sha2_256f_genMerge complete --- Not blocked by TBAA or TFA check
 FailedMerge complete --- Not blocked by TBAA or TFA check

Merge complete --- Not blocked by TBAA or TFA check
     Top func: Merge complete --- Not blocked by TBAA or TFA check
slh_dsa_sha2_192s_genMerge complete --- Not blocked by TBAA or TFA check
 Failed
     Top func: slh_dsa_gen_set_params Failed
     Top func: slh_dsa_load Failed

16 Top func: slh_dsa_sha2_192f_gen

17 Top func: slh_dsa_shake_192s_gen

18 Top func: slh_dsa_shake_128s_new_key

19 Top func: slh_dsa_sha2_192f_new_key
     Top func: slh_dsa_shake_256s_gen Failed

20 Top func: slh_dsa_get_params

21 Top func: slh_dsa_gen_settable_params
     Top func: slh_dsa_has Failed

22 Top func: slh_dsa_shake_256f_new_key
     Top func: slh_dsa_shake_128s_new_key Failed
     Top func: slh_dsa_shake_192s_gen Failed
     Top func: slh_dsa_sha2_192f_gen Failed
     Top func: slh_dsa_sha2_192f_new_key Failed

23 Top func: slh_dsa_match
     Top func: slh_dsa_get_params Failed

24 Top func: slh_dsa_shake_128s_gen

25 Top func: slh_dsa_shake_192f_new_key

26 Top func: slh_dsa_sha2_256s_new_key
     Top func: slh_dsa_gen_settable_params Failed

27 Top func: slh_dsa_sha2_128s_new_key
     Top func: slh_dsa_shake_256f_new_key Failed

28 Top func: slh_dsa_gettable_params

29 Top func: slh_dsa_sha2_128f_new_key
     Top func: slh_dsa_match Failed

30 Top func: slh_dsa_shake_256f_gen
     Top func: slh_dsa_shake_192f_new_key Failed
     Top func: slh_dsa_shake_128s_gen Failed
     Top func: slh_dsa_sha2_256s_new_key Failed
     Top func: slh_dsa_sha2_128s_new_key Failed

31 Top func: slh_dsa_import

32 Top func: slh_dsa_shake_192f_gen

33 Top func: slh_dsa_shake_128f_new_key
     Top func: slh_dsa_gettable_params Failed

34 Top func: slh_dsa_sha2_256s_gen
     Top func: slh_dsa_sha2_128f_new_key Failed

35 Top func: slh_dsa_free_key
     Top func: slh_dsa_shake_256f_gen Failed

36 Top func: slh_dsa_validate

37 Top func: slh_dsa_sha2_128f_gen

38 Top func: slh_dsa_imexport_types
     Top func: slh_dsa_shake_128f_new_key Failed
     Top func: slh_dsa_shake_192f_gen Failed
     Top func: slh_dsa_import Failed
     Top func: slh_dsa_sha2_256s_gen Failed
     Top func: slh_dsa_free_key Failed
     Top func: slh_dsa_validate Failed
     Top func: slh_dsa_sha2_128f_gen Failed
     Top func: slh_dsa_imexport_types Failed

Update global ICallees info

0 Update icall:   %48 = call i32 %45(ptr noundef %46, ptr noundef %47), !dbg !272

 Start ICall Alias Analysis

0 Top func: slh_dsa_export
---icall:   %48 = call i32 %45(ptr noundef %46, ptr noundef %47), !dbg !272
Merge complete --- Not blocked by TBAA or TFA check
Merge complete --- Not blocked by TBAA or TFA check
Merge complete --- Not blocked by TBAA or TFA check
Merge complete --- Not blocked by TBAA or TFA check
Merge complete --- Not blocked by TBAA or TFA check
Merge complete --- Not blocked by TBAA or TFA check
Merge complete --- Not blocked by TBAA or TFA check
Merge complete --- Not blocked by TBAA or TFA check
Merge complete --- Not blocked by TBAA or TFA check
Merge complete --- Not blocked by TBAA or TFA check
Merge complete --- Not blocked by TBAA or TFA check
Merge complete --- Not blocked by TBAA or TFA check
Merge complete --- Not blocked by TBAA or TFA check
Merge complete --- Not blocked by TBAA or TFA check
Merge complete --- Not blocked by TBAA or TFA check
Merge complete --- Not blocked by TBAA or TFA check
Merge complete --- Not blocked by TBAA or TFA check
Merge complete --- Not blocked by TBAA or TFA check
Merge complete --- Not blocked by TBAA or TFA check
Merge complete --- Not blocked by TBAA or TFA check
Merge complete --- Not blocked by TBAA or TFA check
Merge complete --- Not blocked by TBAA or TFA check
Merge complete --- Not blocked by TBAA or TFA check
Merge complete --- Not blocked by TBAA or TFA check
Merge complete --- Not blocked by TBAA or TFA check
Merge complete --- Not blocked by TBAA or TFA check
Merge complete --- Not blocked by TBAA or TFA check
Merge complete --- Not blocked by TBAA or TFA check
Merge complete --- Not blocked by TBAA or TFA check
Merge complete --- Not blocked by TBAA or TFA check
Merge complete --- Not blocked by TBAA or TFA check
Merge complete --- Not blocked by TBAA or TFA check
Merge complete --- Not blocked by TBAA or TFA check
Merge complete --- Not blocked by TBAA or TFA check
Merge complete --- Not blocked by TBAA or TFA check
Merge complete --- Not blocked by TBAA or TFA check
Merge complete --- Not blocked by TBAA or TFA check
Merge complete --- Not blocked by TBAA or TFA check
Merge complete --- Not blocked by TBAA or TFA check
Merge complete --- Not blocked by TBAA or TFA check
Merge complete --- Not blocked by TBAA or TFA check
Merge complete --- Not blocked by TBAA or TFA check
Merge complete --- Not blocked by TBAA or TFA check
Merge complete --- Not blocked by TBAA or TFA check
Merge complete --- Not blocked by TBAA or TFA check
Merge complete --- Not blocked by TBAA or TFA check
Merge complete --- Not blocked by TBAA or TFA check
Merge complete --- Not blocked by TBAA or TFA check
Merge complete --- Not blocked by TBAA or TFA check
Merge complete --- Not blocked by TBAA or TFA check
Merge complete --- Not blocked by TBAA or TFA check
Merge complete --- Not blocked by TBAA or TFA check
Merge complete --- Not blocked by TBAA or TFA check
Merge complete --- Not blocked by TBAA or TFA check
Merge complete --- Not blocked by TBAA or TFA check
Merge complete --- Not blocked by TBAA or TFA check
Merge complete --- Not blocked by TBAA or TFA check
Merge complete --- Not blocked by TBAA or TFA check
Merge complete --- Not blocked by TBAA or TFA check
Merge complete --- Not blocked by TBAA or TFA check
Merge complete --- Not blocked by TBAA or TFA check
Merge complete --- Not blocked by TBAA or TFA check
Merge complete --- Not blocked by TBAA or TFA check
Merge complete --- Not blocked by TBAA or TFA check
Merge complete --- Not blocked by TBAA or TFA check
Merge complete --- Not blocked by TBAA or TFA check
Merge complete --- Not blocked by TBAA or TFA check
Merge complete --- Not blocked by TBAA or TFA check
Merge complete --- Not blocked by TBAA or TFA check
Merge complete --- Not blocked by TBAA or TFA check
Merge complete --- Not blocked by TBAA or TFA check
Merge complete --- Not blocked by TBAA or TFA check
Merge complete --- Not blocked by TBAA or TFA check
Merge complete --- Not blocked by TBAA or TFA check
Merge complete --- Not blocked by TBAA or TFA check
aliased_fset size: 0

start oneLayerHandler

start escapeHandler

related types: 0
succeed_type_num: 0
related SI_num: 0
succeed_inst_num: 0
loop num: 1
WARNING: MYSQL connect failed!
Access denied for user 'petepc'@'localhost'

############## Indirect Call Target Results Statistics ##############
# Number icalls 				1
# Number total icall targets   			0

############## Alias Info Statistics ##############
# Number succeed alias icall 			1
# Number succeed func icall  			0

  Failed reasons:
# Number F has no global definition  		0
# Number binary_operation    			0
# Number llvm_used           			0
# Number exceed_max          			0

############## Time Statistics ##############

############## Round Statistics ##############
Round: 0
reduce_num_icall: 2
reduce_num_func: 0
reduce_num_onelayer: 0
reduce_num_escape: 0
reduce_num_total: 2


# Load time            		0.003325
# Typebuilder time     		0.000517
# MLTA time            		0.000857
# Icall alias time     		0.000732
# Func alias time      		0.003509
# One layer alias time 		8e-06
# Escape alias time    		6.3e-05
# DB time              		0.001975
