Total 1 file(s)
Openmp enabled
[TypeBuilder] Initializing 1 modules .
[TypeBuilder / 1] [1 / 1] [tests/open_ssl_bc/libssl-lib-quic_stream_map.o]

[TypeBuilder] Updated in 0 modules.
[TypeBuilder] Postprocessing ...
[TypeBuilder] Done!

[CHABuilder] Initializing 1 modules .
[CHABuilder / 1] [1 / 1] [tests/open_ssl_bc/libssl-lib-quic_stream_map.o]

[CHABuilder] Updated in 0 modules.
[CHABuilder] Postprocessing ...
[CHABuilder] Done!

[CallGraph] Initializing 1 modules 0: Module: tests/open_ssl_bc/libssl-lib-quic_stream_map.o
.
[CallGraph / 1] [1 / 1] [tests/open_ssl_bc/libssl-lib-quic_stream_map.o]

[CallGraph] Updated in 0 modules.
[CallGraph] Postprocessing ...
[CallGraph] Done!


 Start Func Alias Analysis

0 Top func: hash_stream

1 Top func: release_each

Merge complete --- Not blocked by TBAA or TFA check
2Merge complete --- Not blocked by TBAA or TFA check
 Top func: Merge complete --- Not blocked by TBAA or TFA check
lh_QUIC_STREAM_hfn_thunkMerge complete --- Not blocked by TBAA or TFA check

Merge complete --- Not blocked by TBAA or TFA check

Merge complete --- Not blocked by TBAA or TFA check
Merge complete --- Not blocked by TBAA or TFA check
3Merge complete --- Not blocked by TBAA or TFA check
Merge complete --- Not blocked by TBAA or TFA check
 Top func: cmp_streamMerge complete --- Not blocked by TBAA or TFA check

Merge complete --- Not blocked by TBAA or TFA check

Merge complete --- Not blocked by TBAA or TFA check
Merge complete --- Not blocked by TBAA or TFA check
4Merge complete --- Not blocked by TBAA or TFA check
Merge complete --- Not blocked by TBAA or TFA check
 Top func: Merge complete --- Not blocked by TBAA or TFA check
Merge complete --- Not blocked by TBAA or TFA check
lh_QUIC_STREAM_cfn_thunkMerge complete --- Not blocked by TBAA or TFA check
Merge complete --- Not blocked by TBAA or TFA check

Merge complete --- Not blocked by TBAA or TFA check

Merge complete --- Not blocked by TBAA or TFA check
Merge complete --- Not blocked by TBAA or TFA check
Merge complete --- Not blocked by TBAA or TFA check
5Merge complete --- Not blocked by TBAA or TFA check
Merge complete --- Not blocked by TBAA or TFA check
Merge complete --- Not blocked by TBAA or TFA check
 Top func: Merge complete --- Not blocked by TBAA or TFA check
Merge complete --- Not blocked by TBAA or TFA check
begin_shutdown_flush_eachMerge complete --- Not blocked by TBAA or TFA check

Merge complete --- Not blocked by TBAA or TFA check
Merge complete --- Not blocked by TBAA or TFA check

Merge complete --- Not blocked by TBAA or TFA check
Merge complete --- Not blocked by TBAA or TFA check
Merge complete --- Not blocked by TBAA or TFA check
6Merge complete --- Not blocked by TBAA or TFA check
Merge complete --- Not blocked by TBAA or TFA check
Merge complete --- Not blocked by TBAA or TFA check
 Top func: Merge complete --- Not blocked by TBAA or TFA check
Merge complete --- Not blocked by TBAA or TFA check
Merge complete --- Not blocked by TBAA or TFA check
lh_QUIC_STREAM_doall_thunkMerge complete --- Not blocked by TBAA or TFA check
Merge complete --- Not blocked by TBAA or TFA check
Merge complete --- Not blocked by TBAA or TFA check

Merge complete --- Not blocked by TBAA or TFA check
Merge complete --- Not blocked by TBAA or TFA check
Merge complete --- Not blocked by TBAA or TFA check

Merge complete --- Not blocked by TBAA or TFA check
Merge complete --- Not blocked by TBAA or TFA check
Merge complete --- Not blocked by TBAA or TFA check
7Merge complete --- Not blocked by TBAA or TFA check
Merge complete --- Not blocked by TBAA or TFA check
 Top func: Merge complete --- Not blocked by TBAA or TFA check
Merge complete --- Not blocked by TBAA or TFA check
lh_QUIC_STREAM_doall_arg_thunkMerge complete --- Not blocked by TBAA or TFA check
Merge complete --- Not blocked by TBAA or TFA check

Merge complete --- Not blocked by TBAA or TFA check
Merge complete --- Not blocked by TBAA or TFA check

Analyzed func: Merge complete --- Not blocked by TBAA or TFA check
Merge complete --- Not blocked by TBAA or TFA check
Merge complete --- Not blocked by TBAA or TFA check
lh_QUIC_STREAM_hfn_thunkMerge complete --- Not blocked by TBAA or TFA check
Merge complete --- Not blocked by TBAA or TFA check
Merge complete --- Not blocked by TBAA or TFA check

Merge complete --- Not blocked by TBAA or TFA check
Merge complete --- Not blocked by TBAA or TFA check
DefinitionFuncSet size: Merge complete --- Not blocked by TBAA or TFA check
Merge complete --- Not blocked by TBAA or TFA check
1Merge complete --- Not blocked by TBAA or TFA check
Merge complete --- Not blocked by TBAA or TFA check

Merge complete --- Not blocked by TBAA or TFA check
aliased_callset size: Merge complete --- Not blocked by TBAA or TFA check
Merge complete --- Not blocked by TBAA or TFA check
0Merge complete --- Not blocked by TBAA or TFA check
Merge complete --- Not blocked by TBAA or TFA check

Merge complete --- Not blocked by TBAA or TFA check
Merge complete --- Not blocked by TBAA or TFA check
Merge complete --- Not blocked by TBAA or TFA check

Analyzed func: Merge complete --- Not blocked by TBAA or TFA check
Merge complete --- Not blocked by TBAA or TFA check
lh_QUIC_STREAM_cfn_thunkMerge complete --- Not blocked by TBAA or TFA check
Merge complete --- Not blocked by TBAA or TFA check

Merge complete --- Not blocked by TBAA or TFA check
DefinitionFuncSet size: Merge complete --- Not blocked by TBAA or TFA check
1Merge complete --- Not blocked by TBAA or TFA check

Merge complete --- Not blocked by TBAA or TFA check
aliased_callset size: Merge complete --- Not blocked by TBAA or TFA check
0Merge complete --- Not blocked by TBAA or TFA check

Merge complete --- Not blocked by TBAA or TFA check

Analyzed func: Merge complete --- Not blocked by TBAA or TFA check
release_eachMerge complete --- Not blocked by TBAA or TFA check

DefinitionFuncSet size: 1
aliased_callset size: 0

Analyzed func: lh_QUIC_STREAM_doall_thunk
DefinitionFuncSet size: 1
aliased_callset size: 0

Analyzed func: lh_QUIC_STREAM_doall_arg_thunk
DefinitionFuncSet size: 1
aliased_callset size: 0

Analyzed func: begin_shutdown_flush_each
DefinitionFuncSet size: 1
aliased_callset size: 0

Analyzed func: cmp_stream
DefinitionFuncSet size: 1
aliased_callset size: 0
Merge complete --- Not blocked by TBAA or TFA check
Merge complete --- Not blocked by TBAA or TFA check
Merge complete --- Not blocked by TBAA or TFA check
Merge complete --- Not blocked by TBAA or TFA check
Merge complete --- Not blocked by TBAA or TFA check
Merge complete --- Not blocked by TBAA or TFA check
Merge complete --- Not blocked by TBAA or TFA check
Merge complete --- Not blocked by TBAA or TFA check
Merge complete --- Not blocked by TBAA or TFA check
Merge complete --- Not blocked by TBAA or TFA check
Merge complete --- Not blocked by TBAA or TFA check
Merge complete --- Not blocked by TBAA or TFA check
Merge complete --- Not blocked by TBAA or TFA check
Merge complete --- Not blocked by TBAA or TFA check
Merge complete --- Not blocked by TBAA or TFA check
Merge complete --- Not blocked by TBAA or TFA check
Merge complete --- Not blocked by TBAA or TFA check
Merge complete --- Not blocked by TBAA or TFA check
Merge complete --- Not blocked by TBAA or TFA check
Merge complete --- Not blocked by TBAA or TFA check
Merge complete --- Not blocked by TBAA or TFA check
Merge complete --- Not blocked by TBAA or TFA check
Merge complete --- Not blocked by TBAA or TFA check
Merge complete --- Not blocked by TBAA or TFA check
Merge complete --- Not blocked by TBAA or TFA check
Merge complete --- Not blocked by TBAA or TFA check
Merge complete --- Not blocked by TBAA or TFA check
Merge complete --- Not blocked by TBAA or TFA check
Merge complete --- Not blocked by TBAA or TFA check
Merge complete --- Not blocked by TBAA or TFA check
Merge complete --- Not blocked by TBAA or TFA check
Merge complete --- Not blocked by TBAA or TFA check
Merge complete --- Not blocked by TBAA or TFA check
Merge complete --- Not blocked by TBAA or TFA check
Merge complete --- Not blocked by TBAA or TFA check
Merge complete --- Not blocked by TBAA or TFA check
Merge complete --- Not blocked by TBAA or TFA check
Merge complete --- Not blocked by TBAA or TFA check
Merge complete --- Not blocked by TBAA or TFA check
Merge complete --- Not blocked by TBAA or TFA check

Analyzed func: hash_stream
DefinitionFuncSet size: 1
aliased_callset size: 0

Update global ICallees info

0 Update icall:   call void %7(ptr noundef %8), !dbg !165

1 Update icall:   %22 = call i64 %17(i32 noundef %18, ptr noundef %21), !dbg !200

2 Update icall:   %12 = call i32 %9(ptr noundef %10, ptr noundef %11), !dbg !161

3 Update icall:   call void %9(ptr noundef %10, ptr noundef %11), !dbg !161

4 Update icall:   %9 = call i64 %7(ptr noundef %8), !dbg !161

 Start ICall Alias Analysis

0 Top func: lh_QUIC_STREAM_doall_arg_thunk
---icall:   call void %9(ptr noundef %10, ptr noundef %11), !dbg !161

1Merge complete --- Not blocked by TBAA or TFA check
 Top func: Merge complete --- Not blocked by TBAA or TFA check
lh_QUIC_STREAM_cfn_thunkMerge complete --- Not blocked by TBAA or TFA check

Merge complete --- Not blocked by TBAA or TFA check
---icall: Merge complete --- Not blocked by TBAA or TFA check
  Merge complete --- Not blocked by TBAA or TFA check
Merge complete --- Not blocked by TBAA or TFA check
%Merge complete --- Not blocked by TBAA or TFA check
12Merge complete --- Not blocked by TBAA or TFA check
 = callMerge complete --- Not blocked by TBAA or TFA check
 Merge complete --- Not blocked by TBAA or TFA check
iMerge complete --- Not blocked by TBAA or TFA check
32Merge complete --- Not blocked by TBAA or TFA check
 %Merge complete --- Not blocked by TBAA or TFA check
9Merge complete --- Not blocked by TBAA or TFA check
(Merge complete --- Not blocked by TBAA or TFA check
ptrMerge complete --- Not blocked by TBAA or TFA check
 Merge complete --- Not blocked by TBAA or TFA check
noundefMerge complete --- Not blocked by TBAA or TFA check
 Merge complete --- Not blocked by TBAA or TFA check
%Merge complete --- Not blocked by TBAA or TFA check
10Merge complete --- Not blocked by TBAA or TFA check
, ptrMerge complete --- Not blocked by TBAA or TFA check
 Merge complete --- Not blocked by TBAA or TFA check
noundefMerge complete --- Not blocked by TBAA or TFA check
 Merge complete --- Not blocked by TBAA or TFA check
%11Merge complete --- Not blocked by TBAA or TFA check
)Merge complete --- Not blocked by TBAA or TFA check
, Merge complete --- Not blocked by TBAA or TFA check
!Merge complete --- Not blocked by TBAA or TFA check
dbMerge complete --- Not blocked by TBAA or TFA check
gMerge complete --- Not blocked by TBAA or TFA check
 !Merge complete --- Not blocked by TBAA or TFA check
161Merge complete --- Not blocked by TBAA or TFA check


Merge complete --- Not blocked by TBAA or TFA check
2Merge complete --- Not blocked by TBAA or TFA check
 Top func: Merge complete --- Not blocked by TBAA or TFA check
lh_QUIC_STREAM_hfn_thunkMerge complete --- Not blocked by TBAA or TFA check

Merge complete --- Not blocked by TBAA or TFA check
---icall:   Merge complete --- Not blocked by TBAA or TFA check
Merge complete --- Not blocked by TBAA or TFA check
%Merge complete --- Not blocked by TBAA or TFA check
9Merge complete --- Not blocked by TBAA or TFA check
 = Merge complete --- Not blocked by TBAA or TFA check
callMerge complete --- Not blocked by TBAA or TFA check
 iMerge complete --- Not blocked by TBAA or TFA check
64 %7Merge complete --- Not blocked by TBAA or TFA check
(Merge complete --- Not blocked by TBAA or TFA check
ptrMerge complete --- Not blocked by TBAA or TFA check
 noundef %8), !dbg !161
aliased_fset size: Merge complete --- Not blocked by TBAA or TFA check
0Merge complete --- Not blocked by TBAA or TFA check

Merge complete --- Not blocked by TBAA or TFA check
Merge complete --- Not blocked by TBAA or TFA check
aliased_fset size: 0Merge complete --- Not blocked by TBAA or TFA check

Merge complete --- Not blocked by TBAA or TFA check
Merge complete --- Not blocked by TBAA or TFA check
aliased_fset size: 0

start oneLayerHandler

start escapeHandler

related types: 0
succeed_type_num: 0
related SI_num: 0
succeed_inst_num: 0
loop num: 1
WARNING: MYSQL connect failed!
Access denied for user 'petepc'@'localhost'

############## Indirect Call Target Results Statistics ##############
# Number icalls 				5
# Number total icall targets   			0

############## Alias Info Statistics ##############
# Number succeed alias icall 			3
# Number succeed func icall  			0

  Failed reasons:
# Number F has no global definition  		0
# Number binary_operation    			0
# Number llvm_used           			0
# Number exceed_max          			0

############## Time Statistics ##############

############## Round Statistics ##############
Round: 0
reduce_num_icall: 0
reduce_num_func: 5
reduce_num_onelayer: 0
reduce_num_escape: 0
reduce_num_total: 5


# Load time            		0.004343
# Typebuilder time     		0.000414
# MLTA time            		0.000419
# Icall alias time     		0.000908
# Func alias time      		0.008258
# One layer alias time 		7.7e-05
# Escape alias time    		0.000801
# DB time              		0.002474
