Total 1 file(s)
Openmp enabled
[TypeBuilder] Initializing 1 modules .
[TypeBuilder / 1] [1 / 1] [tests/open_ssl_bc/openssl-bin-progs.o]

[TypeBuilder] Updated in 0 modules.
[TypeBuilder] Postprocessing ...
[TypeBuilder] Done!

[CHABuilder] Initializing 1 modules .
[CHABuilder / 1] [1 / 1] [tests/open_ssl_bc/openssl-bin-progs.o]

[CHABuilder] Updated in 0 modules.
[CHABuilder] Postprocessing ...
[CHABuilder] Done!

[CallGraph] Initializing 1 modules 0: Module: tests/open_ssl_bc/openssl-bin-progs.o
.
[CallGraph / 1] [1 / 1] [tests/open_ssl_bc/openssl-bin-progs.o]

[CallGraph] Updated in 0 modules.
[CallGraph] Postprocessing ...
[CallGraph] Done!


 Start Func Alias Analysis

0 Top func: skeyutl_main

1 Top func: dsa_main

2 Top func: asn1parse_main

3 Top func: verify_main

4 Top func: gendsa_main
     Top func: skeyutl_main Failed
     Top func: dsa_main Failed
     Top func: verify_main Failed
     Top func: asn1parse_main Failed

5 Top func: smime_main

6 Top func: dsaparam_main
     Top func: gendsa_main Failed

7 Top func: version_main

8 Top func: ca_main

9 Top func: genpkey_main
     Top func: smime_main Failed
     Top func: dsaparam_main Failed
     Top func: version_main Failed

10 Top func: speed_main

11 Top func: ec_main
     Top func: ca_main Failed

12 Top func: x509_main
     Top func: genpkey_main Failed

13 Top func: ciphers_main
     Top func: speed_main Failed
     Top func: ec_main Failed

14 Top func: genrsa_main
     Top func: x509_main Failed

15 Top func: spkac_main

16 Top func: ecparam_main

17 Top func: crl_main
     Top func: ciphers_main Failed
     Top func: genrsa_main Failed
     Top func: spkac_main Failed

18 Top func: cmp_main
     Top func: ecparam_main Failed
     Top func: crl_main Failed

19 Top func: help_main

20 Top func: srp_main

21 Top func: enc_main

22 Top func: crl2pkcs7_main
     Top func: cmp_main Failed
     Top func: help_main Failed
     Top func: srp_main Failed

23 Top func: cms_main
     Top func: crl2pkcs7_main Failed
     Top func: enc_main Failed

24 Top func: info_main

25 Top func: storeutl_main

26 Top func: dgst_main

27 Top func: errstr_main
     Top func: cms_main Failed
     Top func: info_main Failed
     Top func: storeutl_main Failed
     Top func: dgst_main Failed

28 Top func: configutl_main

29 Top func: kdf_main
     Top func: errstr_main Failed

30 Top func: ts_main

31 Top func: dhparam_main

32 Top func: fipsinstall_main
     Top func: configutl_main Failed
     Top func: kdf_main Failed
     Top func: ts_main Failed
     Top func: dhparam_main Failed

33 Top func: sess_id_main

34 Top func: list_main

35 Top func: mac_main
     Top func: fipsinstall_main Failed

36 Top func: pkey_main

37 Top func: req_main
     Top func: sess_id_main Failed
     Top func: list_main Failed
     Top func: mac_main Failed
     Top func: pkey_main Failed

38 Top func: pkcs8_main

39 Top func: pkcs7_main

40 Top func: nseq_main
     Top func: req_main Failed

41 Top func: pkeyparam_main

42 Top func: rsa_main
     Top func: pkcs8_main Failed
     Top func: pkcs7_main Failed
     Top func: nseq_main Failed
     Top func: pkeyparam_main Failed

43 Top func: pkcs12_main

44 Top func: passwd_main

45 Top func: ocsp_main
     Top func: rsa_main Failed

46 Top func: pkeyutl_main

47 Top func: rsautl_main
     Top func: pkcs12_main Failed
     Top func: passwd_main Failed
     Top func: ocsp_main Failed
     Top func: pkeyutl_main Failed

48 Top func: rehash_main

49 Top func: rand_main

50 Top func: prime_main
     Top func: rsautl_main Failed

51 Top func: s_time_main

52 Top func: s_client_main
     Top func: rehash_main Failed
     Top func: rand_main Failed
     Top func: prime_main Failed
     Top func: s_time_main Failed

53 Top func: s_server_main
     Top func: s_client_main Failed
     Top func: s_server_main Failed

Update global ICallees info

 Start ICall Alias Analysis

start oneLayerHandler

start escapeHandler

related types: 0
succeed_type_num: 0
related SI_num: 0
succeed_inst_num: 0
loop num: 1
WARNING: MYSQL connect failed!
Access denied for user 'petepc'@'localhost'

############## Indirect Call Target Results Statistics ##############
# Number icalls 				0
# Number total icall targets   			0

############## Alias Info Statistics ##############
# Number succeed alias icall 			0
# Number succeed func icall  			0

  Failed reasons:
# Number F has no global definition  		0
# Number binary_operation    			0
# Number llvm_used           			0
# Number exceed_max          			0

############## Time Statistics ##############

############## Round Statistics ##############
Round: 0
reduce_num_icall: 0
reduce_num_func: 0
reduce_num_onelayer: 0
reduce_num_escape: 0
reduce_num_total: 0


# Load time            		0.036767
# Typebuilder time     		0.000495
# MLTA time            		0.001097
# Icall alias time     		8.1e-05
# Func alias time      		0.004341
# One layer alias time 		1.1e-05
# Escape alias time    		7e-05
# DB time              		0.00249
