Total 1 file(s)
Openmp enabled
[TypeBuilder] Initializing 1 modules .
[TypeBuilder / 1] [1 / 1] [tests/open_ssl_bc/libcrypto-shlib-ctr128.o]

[TypeBuilder] Updated in 0 modules.
[TypeBuilder] Postprocessing ...
[TypeBuilder] Done!

[CHABuilder] Initializing 1 modules .
[CHABuilder / 1] [1 / 1] [tests/open_ssl_bc/libcrypto-shlib-ctr128.o]

[CHABuilder] Updated in 0 modules.
[CHABuilder] Postprocessing ...
[CHABuilder] Done!

[CallGraph] Initializing 1 modules 0: Module: tests/open_ssl_bc/libcrypto-shlib-ctr128.o
.
[CallGraph / 1] [1 / 1] [tests/open_ssl_bc/libcrypto-shlib-ctr128.o]

[CallGraph] Updated in 0 modules.
[CallGraph] Postprocessing ...
[CallGraph] Done!


 Start Func Alias Analysis

Update global ICallees info

0 Update icall:   call void %95(ptr noundef %96, ptr noundef %97, ptr noundef %98), !dbg !132

1 Update icall:   call void %101(ptr noundef %102, ptr noundef %103, i64 noundef %104, ptr noundef %105, ptr noundef %106), !dbg !113

2 Update icall:   call void %151(ptr noundef %152, ptr noundef %153, i64 noundef 1, ptr noundef %154, ptr noundef %155), !dbg !139

3 Update icall:   call void %138(ptr noundef %139, ptr noundef %140, ptr noundef %141), !dbg !167

4 Update icall:   call void %55(ptr noundef %56, ptr noundef %57, ptr noundef %58), !dbg !91

 Start ICall Alias Analysis

start oneLayerHandler

start escapeHandler

related types: 0
succeed_type_num: 0
related SI_num: 0
succeed_inst_num: 0
loop num: 1
WARNING: MYSQL connect failed!
Access denied for user 'petepc'@'localhost'

############## Indirect Call Target Results Statistics ##############
# Number icalls 				5
# Number total icall targets   			0

############## Alias Info Statistics ##############
# Number succeed alias icall 			0
# Number succeed func icall  			0

  Failed reasons:
# Number F has no global definition  		0
# Number binary_operation    			0
# Number llvm_used           			0
# Number exceed_max          			0

############## Time Statistics ##############

############## Round Statistics ##############
Round: 0
reduce_num_icall: 0
reduce_num_func: 0
reduce_num_onelayer: 0
reduce_num_escape: 0
reduce_num_total: 0


# Load time            		0.002052
# Typebuilder time     		0.00021
# MLTA time            		0.000249
# Icall alias time     		7.8e-05
# Func alias time      		0.001477
# One layer alias time 		9e-06
# Escape alias time    		5.6e-05
# DB time              		0.002105
