Total 1 file(s)
Openmp enabled
[TypeBuilder] Initializing 1 modules .
[TypeBuilder / 1] [1 / 1] [tests/open_ssl_bc/libcrypto-shlib-ccm128.o]

[TypeBuilder] Updated in 0 modules.
[TypeBuilder] Postprocessing ...
[TypeBuilder] Done!

[CHABuilder] Initializing 1 modules .
[CHABuilder / 1] [1 / 1] [tests/open_ssl_bc/libcrypto-shlib-ccm128.o]

[CHABuilder] Updated in 0 modules.
[CHABuilder] Postprocessing ...
[CHABuilder] Done!

[CallGraph] Initializing 1 modules 0: Module: tests/open_ssl_bc/libcrypto-shlib-ccm128.o
.
[CallGraph / 1] [1 / 1] [tests/open_ssl_bc/libcrypto-shlib-ccm128.o]

[CallGraph] Updated in 0 modules.
[CallGraph] Postprocessing ...
[CallGraph] Done!


 Start Func Alias Analysis

Update global ICallees info

0 Update icall:   call void %197(ptr noundef %200, ptr noundef %201, ptr noundef %202), !dbg !244

1 Update icall:   call void %32(ptr noundef %35, ptr noundef %38, ptr noundef %39), !dbg !98

2 Update icall:   call void %181(ptr noundef %184, ptr noundef %185, ptr noundef %186), !dbg !228

3 Update icall:   call void %256(ptr noundef %259, ptr noundef %262, ptr noundef %265), !dbg !224

4 Update icall:   call void %23(ptr noundef %26, ptr noundef %29, ptr noundef %32), !dbg !81

5 Update icall:   call void %173(ptr noundef %176, ptr noundef %179, ptr noundef %180), !dbg !222

6 Update icall:   call void %93(ptr noundef %96, ptr noundef %97, ptr noundef %98), !dbg !152

7 Update icall:   call void %230(ptr noundef %233, ptr noundef %234, ptr noundef %235), !dbg !272

8 Update icall:   call void %195(ptr noundef %198, ptr noundef %201, ptr noundef %202), !dbg !234

9 Update icall:   call void %146(ptr noundef %149, ptr noundef %150, ptr noundef %151), !dbg !196

10 Update icall:   call void %32(ptr noundef %35, ptr noundef %38, ptr noundef %39), !dbg !98

11 Update icall:   call void %34(ptr noundef %37, ptr noundef %40, ptr noundef %41), !dbg !104

12 Update icall:   call void %252(ptr noundef %255, ptr noundef %256, ptr noundef %257), !dbg !284

13 Update icall:   call void %113(ptr noundef %114, ptr noundef %115, i64 noundef %116, ptr noundef %117, ptr noundef %120, ptr noundef %123), !dbg !179

14 Update icall:   call void %95(ptr noundef %96, ptr noundef %97, i64 noundef %98, ptr noundef %99, ptr noundef %102, ptr noundef %105), !dbg !164

15 Update icall:   call void %189(ptr noundef %192, ptr noundef %195, ptr noundef %196), !dbg !228

16 Update icall:   call void %135(ptr noundef %138, ptr noundef %139, ptr noundef %140), !dbg !184

17 Update icall:   call void %213(ptr noundef %216, ptr noundef %217, ptr noundef %218), !dbg !252

18 Update icall:   call void %173(ptr noundef %176, ptr noundef %179, ptr noundef %180), !dbg !220

19 Update icall:   call void %34(ptr noundef %37, ptr noundef %40, ptr noundef %41), !dbg !104

20 Update icall:   call void %128(ptr noundef %131, ptr noundef %134, ptr noundef %135), !dbg !182

21 Update icall:   call void %127(ptr noundef %130, ptr noundef %133, ptr noundef %134), !dbg !178

22 Update icall:   call void %203(ptr noundef %206, ptr noundef %207, ptr noundef %208), !dbg !240

23 Update icall:   call void %130(ptr noundef %133, ptr noundef %134, ptr noundef %135), !dbg !188

 Start ICall Alias Analysis

start oneLayerHandler

start escapeHandler

related types: 0
succeed_type_num: 0
related SI_num: 0
succeed_inst_num: 0
loop num: 1
WARNING: MYSQL connect failed!
Access denied for user 'petepc'@'localhost'

############## Indirect Call Target Results Statistics ##############
# Number icalls 				24
# Number total icall targets   			0

############## Alias Info Statistics ##############
# Number succeed alias icall 			0
# Number succeed func icall  			0

  Failed reasons:
# Number F has no global definition  		0
# Number binary_operation    			0
# Number llvm_used           			0
# Number exceed_max          			0

############## Time Statistics ##############

############## Round Statistics ##############
Round: 0
reduce_num_icall: 0
reduce_num_func: 0
reduce_num_onelayer: 0
reduce_num_escape: 0
reduce_num_total: 0


# Load time            		0.00462
# Typebuilder time     		0.000316
# MLTA time            		0.000383
# Icall alias time     		0.000105
# Func alias time      		0.014509
# One layer alias time 		1.3e-05
# Escape alias time    		6.3e-05
# DB time              		0.002093
