Total 1 file(s)
Openmp enabled
[TypeBuilder] Initializing 1 modules .
[TypeBuilder / 1] [1 / 1] [tests/open_ssl_bc/libcrypto-shlib-slh_xmss.o]

[TypeBuilder] Updated in 0 modules.
[TypeBuilder] Postprocessing ...
[TypeBuilder] Done!

[CHABuilder] Initializing 1 modules .
[CHABuilder / 1] [1 / 1] [tests/open_ssl_bc/libcrypto-shlib-slh_xmss.o]

[CHABuilder] Updated in 0 modules.
[CHABuilder] Postprocessing ...
[CHABuilder] Done!

[CallGraph] Initializing 1 modules 0: Module: tests/open_ssl_bc/libcrypto-shlib-slh_xmss.o
.
[CallGraph / 1] [1 / 1] [tests/open_ssl_bc/libcrypto-shlib-slh_xmss.o]

[CallGraph] Updated in 0 modules.
[CallGraph] Postprocessing ...
[CallGraph] Done!


 Start Func Alias Analysis

Update global ICallees info

0 Update icall:   call void %88(ptr noundef %89, i32 noundef %90), !dbg !296

1 Update icall:   call void %33(ptr noundef %34, i32 noundef 0), !dbg !238

2 Update icall:   call void %55(ptr noundef %56, i32 noundef %57), !dbg !265

3 Update icall:   call void %83(ptr noundef %84, i32 noundef %85), !dbg !292

4 Update icall:   call void %104(ptr noundef %105, i32 noundef %106), !dbg !314

5 Update icall:   call void %37(ptr noundef %38, i32 noundef %39), !dbg !242

6 Update icall:   call void %94(ptr noundef %95, i32 noundef %97), !dbg !304

7 Update icall:   call void %61(ptr noundef %62, i32 noundef 0), !dbg !268

8 Update icall:   call void %123(ptr noundef %124, i32 noundef %125), !dbg !334

9 Update icall:   call void %81(ptr noundef %82, i32 noundef 2), !dbg !286

10 Update icall:   %103 = call i32 %95(ptr noundef %96, ptr noundef %97, ptr noundef %98, ptr noundef %99, ptr noundef %100, ptr noundef %101, i64 noundef %102), !dbg !300

11 Update icall:   call void %70(ptr noundef %71, ptr noundef %72), !dbg !279

12 Update icall:   %115 = call i32 %107(ptr noundef %108, ptr noundef %109, ptr noundef %110, ptr noundef %111, ptr noundef %112, ptr noundef %113, i64 noundef %114), !dbg !317

13 Update icall:   call void %79(ptr noundef %80, i32 noundef 2), !dbg !289

14 Update icall:   call void %65(ptr noundef %66, i32 noundef %67), !dbg !271

15 Update icall:   %134 = call i32 %126(ptr noundef %127, ptr noundef %128, ptr noundef %129, ptr noundef %130, ptr noundef %131, ptr noundef %132, i64 noundef %133), !dbg !337

16 Update icall:   call void %46(ptr noundef %47, ptr noundef %48), !dbg !258

17 Update icall:   call void %51(ptr noundef %52, i32 noundef 0), !dbg !262

 Start ICall Alias Analysis

start oneLayerHandler

start escapeHandler

related types: 0
succeed_type_num: 0
related SI_num: 0
succeed_inst_num: 0
loop num: 1
WARNING: MYSQL connect failed!
Access denied for user 'petepc'@'localhost'

############## Indirect Call Target Results Statistics ##############
# Number icalls 				18
# Number total icall targets   			0

############## Alias Info Statistics ##############
# Number succeed alias icall 			0
# Number succeed func icall  			0

  Failed reasons:
# Number F has no global definition  		0
# Number binary_operation    			0
# Number llvm_used           			0
# Number exceed_max          			0

############## Time Statistics ##############

############## Round Statistics ##############
Round: 0
reduce_num_icall: 0
reduce_num_func: 0
reduce_num_onelayer: 0
reduce_num_escape: 0
reduce_num_total: 0


# Load time            		0.00206
# Typebuilder time     		0.000208
# MLTA time            		0.00025
# Icall alias time     		0.000103
# Func alias time      		0.031662
# One layer alias time 		8.7e-05
# Escape alias time    		0.001018
# DB time              		0.002381
