Total 1 file(s)
Openmp enabled
[TypeBuilder] Initializing 1 modules .
[TypeBuilder / 1] [1 / 1] [tests/open_ssl_bc/libcrypto-lib-stack.o]

[TypeBuilder] Updated in 0 modules.
[TypeBuilder] Postprocessing ...
[TypeBuilder] Done!

[CHABuilder] Initializing 1 modules .
[CHABuilder / 1] [1 / 1] [tests/open_ssl_bc/libcrypto-lib-stack.o]

[CHABuilder] Updated in 0 modules.
[CHABuilder] Postprocessing ...
[CHABuilder] Done!

[CallGraph] Initializing 1 modules 0: Module: tests/open_ssl_bc/libcrypto-lib-stack.o
.
[CallGraph / 1] [1 / 1] [tests/open_ssl_bc/libcrypto-lib-stack.o]

[CallGraph] Updated in 0 modules.
[CallGraph] Postprocessing ...
[CallGraph] Done!


 Start Func Alias Analysis

Update global ICallees info

0 Update icall:   call void %119(ptr noundef %126), !dbg !185

1 Update icall:   %155 = call i32 %153(ptr noundef %7, ptr noundef %154), !dbg !236

2 Update icall:   %96 = call ptr %88(ptr noundef %95), !dbg !166

3 Update icall:   %109 = call i32 %95(ptr noundef %102, ptr noundef %108), !dbg !162

4 Update icall:   %86 = call i32 %79(ptr noundef %7, ptr noundef %85), !dbg !165

5 Update icall:   call void %43(ptr noundef %50), !dbg !116

6 Update icall:   %138 = call i32 %124(ptr noundef %131, ptr noundef %137), !dbg !182

7 Update icall:   call void %33(ptr noundef %34, ptr noundef %41), !dbg !110

 Start ICall Alias Analysis

start oneLayerHandler

start escapeHandler

related types: 0
succeed_type_num: 0
related SI_num: 0
succeed_inst_num: 0
loop num: 1
WARNING: MYSQL connect failed!
Access denied for user 'petepc'@'localhost'

############## Indirect Call Target Results Statistics ##############
# Number icalls 				8
# Number total icall targets   			0

############## Alias Info Statistics ##############
# Number succeed alias icall 			0
# Number succeed func icall  			0

  Failed reasons:
# Number F has no global definition  		0
# Number binary_operation    			0
# Number llvm_used           			0
# Number exceed_max          			0

############## Time Statistics ##############

############## Round Statistics ##############
Round: 0
reduce_num_icall: 0
reduce_num_func: 0
reduce_num_onelayer: 0
reduce_num_escape: 0
reduce_num_total: 0


# Load time            		0.003629
# Typebuilder time     		0.000739
# MLTA time            		0.000363
# Icall alias time     		1.7e-05
# Func alias time      		0.003186
# One layer alias time 		8e-06
# Escape alias time    		5.5e-05
# DB time              		0.002351
