Total 1 file(s)
Openmp enabled
[TypeBuilder] Initializing 1 modules .
[TypeBuilder / 1] [1 / 1] [tests/open_ssl_bc/libcrypto-lib-tasn_prn.o]

[TypeBuilder] Updated in 0 modules.
[TypeBuilder] Postprocessing ...
[TypeBuilder] Done!

[CHABuilder] Initializing 1 modules .
[CHABuilder / 1] [1 / 1] [tests/open_ssl_bc/libcrypto-lib-tasn_prn.o]

[CHABuilder] Updated in 0 modules.
[CHABuilder] Postprocessing ...
[CHABuilder] Done!

[CallGraph] Initializing 1 modules 0: Module: tests/open_ssl_bc/libcrypto-lib-tasn_prn.o
.
[CallGraph / 1] [1 / 1] [tests/open_ssl_bc/libcrypto-lib-tasn_prn.o]

[CallGraph] Updated in 0 modules.
[CallGraph] Postprocessing ...
[CallGraph] Done!


 Start Func Alias Analysis

Update global ICallees info

0 Update icall:   %266 = call i32 %263(i32 noundef 8, ptr noundef %264, ptr noundef %265, ptr noundef %23), !dbg !606

1 Update icall:   %333 = call i32 %330(i32 noundef 9, ptr noundef %331, ptr noundef %332, ptr noundef %23), !dbg !679

2 Update icall:   %119 = call ptr %118(), !dbg !402

3 Update icall:   %33 = call ptr %32(), !dbg !309

4 Update icall:   %159 = call i32 %154(ptr noundef %155, ptr noundef %156, i32 noundef %157, ptr noundef @.str.2, ptr noundef %158), !dbg !502

5 Update icall:   %52 = call i32 %46(ptr noundef %47, ptr noundef %48, ptr noundef %49, i32 noundef %50, ptr noundef %51), !dbg !359

6 Update icall:   %163 = call ptr %162(), !dbg !441

 Start ICall Alias Analysis

start oneLayerHandler

start escapeHandler

related types: 0
succeed_type_num: 0
related SI_num: 0
succeed_inst_num: 0
loop num: 1
WARNING: MYSQL connect failed!
Access denied for user 'petepc'@'localhost'

############## Indirect Call Target Results Statistics ##############
# Number icalls 				7
# Number total icall targets   			0

############## Alias Info Statistics ##############
# Number succeed alias icall 			0
# Number succeed func icall  			0

  Failed reasons:
# Number F has no global definition  		0
# Number binary_operation    			0
# Number llvm_used           			0
# Number exceed_max          			0

############## Time Statistics ##############

############## Round Statistics ##############
Round: 0
reduce_num_icall: 0
reduce_num_func: 0
reduce_num_onelayer: 0
reduce_num_escape: 0
reduce_num_total: 0


# Load time            		0.003392
# Typebuilder time     		0.000305
# MLTA time            		0.000254
# Icall alias time     		8.3e-05
# Func alias time      		0.002073
# One layer alias time 		1e-05
# Escape alias time    		5.6e-05
# DB time              		0.002085
