Total 1 file(s)
Openmp enabled
[TypeBuilder] Initializing 1 modules .
[TypeBuilder / 1] [1 / 1] [tests/open_ssl_bc/libcrypto-lib-rsa_crpt.o]

[TypeBuilder] Updated in 0 modules.
[TypeBuilder] Postprocessing ...
[TypeBuilder] Done!

[CHABuilder] Initializing 1 modules .
[CHABuilder / 1] [1 / 1] [tests/open_ssl_bc/libcrypto-lib-rsa_crpt.o]

[CHABuilder] Updated in 0 modules.
[CHABuilder] Postprocessing ...
[CHABuilder] Done!

[CallGraph] Initializing 1 modules 0: Module: tests/open_ssl_bc/libcrypto-lib-rsa_crpt.o
.
[CallGraph / 1] [1 / 1] [tests/open_ssl_bc/libcrypto-lib-rsa_crpt.o]

[CallGraph] Updated in 0 modules.
[CallGraph] Postprocessing ...
[CallGraph] Done!


 Start Func Alias Analysis

Update global ICallees info

0 Update icall:   %21 = call i32 %15(i32 noundef %16, ptr noundef %17, ptr noundef %18, ptr noundef %19, i32 noundef %20), !dbg !194

1 Update icall:   %21 = call i32 %15(i32 noundef %16, ptr noundef %17, ptr noundef %18, ptr noundef %19, i32 noundef %20), !dbg !194

2 Update icall:   %21 = call i32 %15(i32 noundef %16, ptr noundef %17, ptr noundef %18, ptr noundef %19, i32 noundef %20), !dbg !194

3 Update icall:   %21 = call i32 %15(i32 noundef %16, ptr noundef %17, ptr noundef %18, ptr noundef %19, i32 noundef %20), !dbg !194

 Start ICall Alias Analysis

start oneLayerHandler

start escapeHandler

related types: 0
succeed_type_num: 0
related SI_num: 0
succeed_inst_num: 0
loop num: 1
WARNING: MYSQL connect failed!
Access denied for user 'petepc'@'localhost'

############## Indirect Call Target Results Statistics ##############
# Number icalls 				4
# Number total icall targets   			0

############## Alias Info Statistics ##############
# Number succeed alias icall 			0
# Number succeed func icall  			0

  Failed reasons:
# Number F has no global definition  		0
# Number binary_operation    			0
# Number llvm_used           			0
# Number exceed_max          			0

############## Time Statistics ##############

############## Round Statistics ##############
Round: 0
reduce_num_icall: 0
reduce_num_func: 0
reduce_num_onelayer: 0
reduce_num_escape: 0
reduce_num_total: 0


# Load time            		0.001874
# Typebuilder time     		0.000236
# MLTA time            		0.000247
# Icall alias time     		0.000112
# Func alias time      		0.001749
# One layer alias time 		9e-06
# Escape alias time    		5.7e-05
# DB time              		0.002135
