Total 1 file(s)
Openmp enabled
[TypeBuilder] Initializing 1 modules .
[TypeBuilder / 1] [1 / 1] [tests/open_ssl_bc/libdefault-lib-cipher_aes_siv.o]

[TypeBuilder] Updated in 0 modules.
[TypeBuilder] Postprocessing ...
[TypeBuilder] Done!

[CHABuilder] Initializing 1 modules .
[CHABuilder / 1] [1 / 1] [tests/open_ssl_bc/libdefault-lib-cipher_aes_siv.o]

[CHABuilder] Updated in 0 modules.
[CHABuilder] Postprocessing ...
[CHABuilder] Done!

[CallGraph] Initializing 1 modules 0: Module: tests/open_ssl_bc/libdefault-lib-cipher_aes_siv.o
.
[CallGraph / 1] [1 / 1] [tests/open_ssl_bc/libdefault-lib-cipher_aes_siv.o]

[CallGraph] Updated in 0 modules.
[CallGraph] Postprocessing ...
[CallGraph] Done!


 Start Func Alias Analysis

0 Top func: aes128siv_newctx

1 Top func: siv_einit

2 Top func: aes_128_siv_get_params

3 Top func: siv_cipher

4 Top func: aes192siv_newctx

5 Top func: aes_siv_get_ctx_params

6 Top func: aes_siv_set_ctx_params

7 Top func: aes256siv_newctx
     Top func: aes128siv_newctx Failed
     Top func: siv_einit Failed
     Top func: siv_cipher Failed
     Top func: aes192siv_newctx Failed
     Top func: aes_128_siv_get_params Failed
     Top func: aes_siv_get_ctx_params Failed

8 Top func: aes_siv_freectx
     Top func: aes256siv_newctx Failed

9 Top func: siv_dinit

10 Top func: siv_stream_final

11 Top func: aes_192_siv_get_params

12 Top func: ossl_cipher_generic_gettable_params

13 Top func: aes_siv_gettable_ctx_params

14 Top func: aes_256_siv_get_params
     Top func: aes_siv_freectx Failed
     Top func: siv_dinit Failed
     Top func: siv_stream_final Failed
     Top func: aes_192_siv_get_params Failed
     Top func: ossl_cipher_generic_gettable_params Failed
     Top func: aes_siv_gettable_ctx_params Failed

15 Top func: siv_dupctx

16 Top func: aes_siv_settable_ctx_params
     Top func: aes_256_siv_get_params Failed
     Top func: siv_dupctx Failed
     Top func: aes_siv_settable_ctx_params Failed
Merge complete --- Not blocked by TBAA or TFA check
Merge complete --- Not blocked by TBAA or TFA check
Merge complete --- Not blocked by TBAA or TFA check
Merge complete --- Not blocked by TBAA or TFA check
Merge complete --- Not blocked by TBAA or TFA check
Merge complete --- Not blocked by TBAA or TFA check
Merge complete --- Not blocked by TBAA or TFA check
Merge complete --- Not blocked by TBAA or TFA check
Merge complete --- Not blocked by TBAA or TFA check
Merge complete --- Not blocked by TBAA or TFA check
Merge complete --- Not blocked by TBAA or TFA check
Merge complete --- Not blocked by TBAA or TFA check
Merge complete --- Not blocked by TBAA or TFA check
Merge complete --- Not blocked by TBAA or TFA check
Merge complete --- Not blocked by TBAA or TFA check
Merge complete --- Not blocked by TBAA or TFA check
Merge complete --- Not blocked by TBAA or TFA check
Merge complete --- Not blocked by TBAA or TFA check
Merge complete --- Not blocked by TBAA or TFA check
Merge complete --- Not blocked by TBAA or TFA check
Merge complete --- Not blocked by TBAA or TFA check
Merge complete --- Not blocked by TBAA or TFA check
Merge complete --- Not blocked by TBAA or TFA check
Merge complete --- Not blocked by TBAA or TFA check
Merge complete --- Not blocked by TBAA or TFA check
Merge complete --- Not blocked by TBAA or TFA check
Merge complete --- Not blocked by TBAA or TFA check
Merge complete --- Not blocked by TBAA or TFA check
Merge complete --- Not blocked by TBAA or TFA check
Merge complete --- Not blocked by TBAA or TFA check
Merge complete --- Not blocked by TBAA or TFA check
Merge complete --- Not blocked by TBAA or TFA check
Merge complete --- Not blocked by TBAA or TFA check
Merge complete --- Not blocked by TBAA or TFA check
Merge complete --- Not blocked by TBAA or TFA check
Merge complete --- Not blocked by TBAA or TFA check
Merge complete --- Not blocked by TBAA or TFA check
Merge complete --- Not blocked by TBAA or TFA check
Merge complete --- Not blocked by TBAA or TFA check
Merge complete --- Not blocked by TBAA or TFA check
Merge complete --- Not blocked by TBAA or TFA check
Merge complete --- Not blocked by TBAA or TFA check
Merge complete --- Not blocked by TBAA or TFA check
Merge complete --- Not blocked by TBAA or TFA check
Merge complete --- Not blocked by TBAA or TFA check
Merge complete --- Not blocked by TBAA or TFA check
Merge complete --- Not blocked by TBAA or TFA check
Merge complete --- Not blocked by TBAA or TFA check
Merge complete --- Not blocked by TBAA or TFA check
Merge complete --- Not blocked by TBAA or TFA check
Merge complete --- Not blocked by TBAA or TFA check
Merge complete --- Not blocked by TBAA or TFA check
Merge complete --- Not blocked by TBAA or TFA check
Merge complete --- Not blocked by TBAA or TFA check
Merge complete --- Not blocked by TBAA or TFA check
Merge complete --- Not blocked by TBAA or TFA check
Merge complete --- Not blocked by TBAA or TFA check
Merge complete --- Not blocked by TBAA or TFA check
Merge complete --- Not blocked by TBAA or TFA check
Merge complete --- Not blocked by TBAA or TFA check
Merge complete --- Not blocked by TBAA or TFA check
Merge complete --- Not blocked by TBAA or TFA check
Merge complete --- Not blocked by TBAA or TFA check
Merge complete --- Not blocked by TBAA or TFA check
Merge complete --- Not blocked by TBAA or TFA check
Merge complete --- Not blocked by TBAA or TFA check
Merge complete --- Not blocked by TBAA or TFA check
Merge complete --- Not blocked by TBAA or TFA check
Merge complete --- Not blocked by TBAA or TFA check
Merge complete --- Not blocked by TBAA or TFA check
Merge complete --- Not blocked by TBAA or TFA check
Merge complete --- Not blocked by TBAA or TFA check
Merge complete --- Not blocked by TBAA or TFA check
     Top func: aes_siv_set_ctx_params Failed

Update global ICallees info

0 Update icall:   %23 = call i32 %20(ptr noundef %21, ptr noundef %22), !dbg !240

1 Update icall:   call void %70(ptr noundef %71, i32 noundef %72), !dbg !283

2 Update icall:   call void %12(ptr noundef %13), !dbg !229

3 Update icall:   %37 = call i32 %32(ptr noundef %33, ptr noundef %34, ptr noundef %35, i64 noundef %36), !dbg !253

4 Update icall:   %51 = call i32 %45(ptr noundef %46, ptr noundef %47, i64 noundef %50), !dbg !261

5 Update icall:   %23 = call i32 %20(ptr noundef %21, ptr noundef %22, ptr noundef null, i64 noundef 0), !dbg !239

6 Update icall:   %51 = call i32 %41(ptr noundef %42, ptr noundef %46, i64 noundef %50), !dbg !260

 Start ICall Alias Analysis

0 Top func: siv_cipher
---icall:   %37 = call i32 %32(ptr noundef %33, ptr noundef %34, ptr noundef %35, i64 noundef %36), !dbg !253
Merge complete --- Not blocked by TBAA or TFA check
Merge complete --- Not blocked by TBAA or TFA check
Merge complete --- Not blocked by TBAA or TFA check
Merge complete --- Not blocked by TBAA or TFA check
Merge complete --- Not blocked by TBAA or TFA check
Merge complete --- Not blocked by TBAA or TFA check
Merge complete --- Not blocked by TBAA or TFA check
Merge complete --- Not blocked by TBAA or TFA check
Merge complete --- Not blocked by TBAA or TFA check
Merge complete --- Not blocked by TBAA or TFA check
Merge complete --- Not blocked by TBAA or TFA check
Merge complete --- Not blocked by TBAA or TFA check
Merge complete --- Not blocked by TBAA or TFA check
Merge complete --- Not blocked by TBAA or TFA check
Merge complete --- Not blocked by TBAA or TFA check
Merge complete --- Not blocked by TBAA or TFA check
Merge complete --- Not blocked by TBAA or TFA check
Merge complete --- Not blocked by TBAA or TFA check
Merge complete --- Not blocked by TBAA or TFA check
Merge complete --- Not blocked by TBAA or TFA check
Merge complete --- Not blocked by TBAA or TFA check
Merge complete --- Not blocked by TBAA or TFA check
Merge complete --- Not blocked by TBAA or TFA check
Merge complete --- Not blocked by TBAA or TFA check
Merge complete --- Not blocked by TBAA or TFA check
Merge complete --- Not blocked by TBAA or TFA check
Merge complete --- Not blocked by TBAA or TFA check
Merge complete --- Not blocked by TBAA or TFA check
Merge complete --- Not blocked by TBAA or TFA check
Merge complete --- Not blocked by TBAA or TFA check
Merge complete --- Not blocked by TBAA or TFA check
Merge complete --- Not blocked by TBAA or TFA check
Merge complete --- Not blocked by TBAA or TFA check
Merge complete --- Not blocked by TBAA or TFA check

1 Top func: aes_siv_freectx
---icall:   call void %12(ptr noundef %13), !dbg !229

Merge complete --- Not blocked by TBAA or TFA check
2Merge complete --- Not blocked by TBAA or TFA check
 Top func: Merge complete --- Not blocked by TBAA or TFA check
siv_dupctxMerge complete --- Not blocked by TBAA or TFA check

Merge complete --- Not blocked by TBAA or TFA check
---icall: Merge complete --- Not blocked by TBAA or TFA check
  %23 = call i32 %20(ptr noundef %21, ptr noundef %22), !dbg !240

Merge complete --- Not blocked by TBAA or TFA check
3Merge complete --- Not blocked by TBAA or TFA check
 Top func: siv_stream_finalMerge complete --- Not blocked by TBAA or TFA check

Merge complete --- Not blocked by TBAA or TFA check
---icall: Merge complete --- Not blocked by TBAA or TFA check
  Merge complete --- Not blocked by TBAA or TFA check
Merge complete --- Not blocked by TBAA or TFA check
Merge complete --- Not blocked by TBAA or TFA check
Merge complete --- Not blocked by TBAA or TFA check
%Merge complete --- Not blocked by TBAA or TFA check
23 = call iMerge complete --- Not blocked by TBAA or TFA check
32Merge complete --- Not blocked by TBAA or TFA check
 Merge complete --- Not blocked by TBAA or TFA check
%Merge complete --- Not blocked by TBAA or TFA check
20Merge complete --- Not blocked by TBAA or TFA check
(Merge complete --- Not blocked by TBAA or TFA check
ptrMerge complete --- Not blocked by TBAA or TFA check
 Merge complete --- Not blocked by TBAA or TFA check
noundefMerge complete --- Not blocked by TBAA or TFA check
 Merge complete --- Not blocked by TBAA or TFA check
%Merge complete --- Not blocked by TBAA or TFA check
21Merge complete --- Not blocked by TBAA or TFA check
, Merge complete --- Not blocked by TBAA or TFA check
ptrMerge complete --- Not blocked by TBAA or TFA check
 Merge complete --- Not blocked by TBAA or TFA check
noundefMerge complete --- Not blocked by TBAA or TFA check
 %Merge complete --- Not blocked by TBAA or TFA check
22Merge complete --- Not blocked by TBAA or TFA check
, Merge complete --- Not blocked by TBAA or TFA check
ptrMerge complete --- Not blocked by TBAA or TFA check
 noundef Merge complete --- Not blocked by TBAA or TFA check
nullMerge complete --- Not blocked by TBAA or TFA check
, Merge complete --- Not blocked by TBAA or TFA check
iMerge complete --- Not blocked by TBAA or TFA check
64 noundefMerge complete --- Not blocked by TBAA or TFA check
 Merge complete --- Not blocked by TBAA or TFA check
0Merge complete --- Not blocked by TBAA or TFA check
)Merge complete --- Not blocked by TBAA or TFA check
, Merge complete --- Not blocked by TBAA or TFA check
!dbg !Merge complete --- Not blocked by TBAA or TFA check
239Merge complete --- Not blocked by TBAA or TFA check

Merge complete --- Not blocked by TBAA or TFA check
aliased_fset size: Merge complete --- Not blocked by TBAA or TFA check
Merge complete --- Not blocked by TBAA or TFA check
0Merge complete --- Not blocked by TBAA or TFA check
Merge complete --- Not blocked by TBAA or TFA check

Merge complete --- Not blocked by TBAA or TFA check
Merge complete --- Not blocked by TBAA or TFA check
Merge complete --- Not blocked by TBAA or TFA check
Merge complete --- Not blocked by TBAA or TFA check
Merge complete --- Not blocked by TBAA or TFA check
aliased_fset size: Merge complete --- Not blocked by TBAA or TFA check
Merge complete --- Not blocked by TBAA or TFA check
0Merge complete --- Not blocked by TBAA or TFA check
Merge complete --- Not blocked by TBAA or TFA check

Merge complete --- Not blocked by TBAA or TFA check
Merge complete --- Not blocked by TBAA or TFA check
Merge complete --- Not blocked by TBAA or TFA check
Merge complete --- Not blocked by TBAA or TFA check
Merge complete --- Not blocked by TBAA or TFA check
Merge complete --- Not blocked by TBAA or TFA check
Merge complete --- Not blocked by TBAA or TFA check
Merge complete --- Not blocked by TBAA or TFA check
Merge complete --- Not blocked by TBAA or TFA check
Merge complete --- Not blocked by TBAA or TFA check
Merge complete --- Not blocked by TBAA or TFA check
Merge complete --- Not blocked by TBAA or TFA check
Merge complete --- Not blocked by TBAA or TFA check
Merge complete --- Not blocked by TBAA or TFA check
Merge complete --- Not blocked by TBAA or TFA check
Merge complete --- Not blocked by TBAA or TFA check
Merge complete --- Not blocked by TBAA or TFA check
Merge complete --- Not blocked by TBAA or TFA check
Merge complete --- Not blocked by TBAA or TFA check
Merge complete --- Not blocked by TBAA or TFA check
Merge complete --- Not blocked by TBAA or TFA check
Merge complete --- Not blocked by TBAA or TFA check
Merge complete --- Not blocked by TBAA or TFA check
Merge complete --- Not blocked by TBAA or TFA check
Merge complete --- Not blocked by TBAA or TFA check
Merge complete --- Not blocked by TBAA or TFA check
Merge complete --- Not blocked by TBAA or TFA check
Merge complete --- Not blocked by TBAA or TFA check
Merge complete --- Not blocked by TBAA or TFA check
Merge complete --- Not blocked by TBAA or TFA check
Merge complete --- Not blocked by TBAA or TFA check
Merge complete --- Not blocked by TBAA or TFA check
Merge complete --- Not blocked by TBAA or TFA check
Merge complete --- Not blocked by TBAA or TFA check
Merge complete --- Not blocked by TBAA or TFA check
Merge complete --- Not blocked by TBAA or TFA check
Merge complete --- Not blocked by TBAA or TFA check
Merge complete --- Not blocked by TBAA or TFA check
Merge complete --- Not blocked by TBAA or TFA check
Merge complete --- Not blocked by TBAA or TFA check
Merge complete --- Not blocked by TBAA or TFA check
Merge complete --- Not blocked by TBAA or TFA check
Merge complete --- Not blocked by TBAA or TFA check
Merge complete --- Not blocked by TBAA or TFA check
Merge complete --- Not blocked by TBAA or TFA check
aliased_fset size: 0

start oneLayerHandler

start escapeHandler

related types: 0
succeed_type_num: 0
related SI_num: 0
succeed_inst_num: 0
loop num: 1
WARNING: MYSQL connect failed!
Access denied for user 'petepc'@'localhost'

############## Indirect Call Target Results Statistics ##############
# Number icalls 				7
# Number total icall targets   			2

############## Alias Info Statistics ##############
# Number succeed alias icall 			3
# Number succeed func icall  			0

  Failed reasons:
# Number F has no global definition  		0
# Number binary_operation    			1
# Number llvm_used           			0
# Number exceed_max          			0

############## Time Statistics ##############

############## Round Statistics ##############
Round: 0
reduce_num_icall: 3
reduce_num_func: 0
reduce_num_onelayer: 0
reduce_num_escape: 0
reduce_num_total: 3


# Load time            		0.002967
# Typebuilder time     		0.000402
# MLTA time            		0.00048
# Icall alias time     		0.001702
# Func alias time      		0.009266
# One layer alias time 		7e-06
# Escape alias time    		5.5e-05
# DB time              		0.001978
