Total 1 file(s)
Openmp enabled
[TypeBuilder] Initializing 1 modules .
[TypeBuilder / 1] [1 / 1] [tests/open_ssl_bc/libdefault-lib-ecx_exch.o]

[TypeBuilder] Updated in 0 modules.
[TypeBuilder] Postprocessing ...
[TypeBuilder] Done!

[CHABuilder] Initializing 1 modules .
[CHABuilder / 1] [1 / 1] [tests/open_ssl_bc/libdefault-lib-ecx_exch.o]

[CHABuilder] Updated in 0 modules.
[CHABuilder] Postprocessing ...
[CHABuilder] Done!

[CallGraph] Initializing 1 modules 0: Module: tests/open_ssl_bc/libdefault-lib-ecx_exch.o
.
[CallGraph / 1] [1 / 1] [tests/open_ssl_bc/libdefault-lib-ecx_exch.o]

[CallGraph] Updated in 0 modules.
[CallGraph] Postprocessing ...
[CallGraph] Done!


 Start Func Alias Analysis

0 Top func: ecx_derive

1 Top func: ecx_freectx

2 Top func: x25519_newctx

3 Top func: ecx_dupctx

4 Top func: x448_newctx

5 Top func: x448_init

6 Top func: ecx_gettable_ctx_params

7 Top func: ecx_get_ctx_params
     Top func: ecx_derive Failed
     Top func: ecx_dupctx Failed
     Top func: ecx_freectx Failed
     Top func: x448_newctx Failed
     Top func: x25519_newctx Failed
     Top func: x448_init Failed

8 Top func: ecx_set_peer
     Top func: ecx_gettable_ctx_params Failed

9 Top func: x25519_init
     Top func: ecx_get_ctx_params Failed
     Top func: ecx_set_peer Failed
     Top func: x25519_init Failed

Update global ICallees info

 Start ICall Alias Analysis

start oneLayerHandler

start escapeHandler

related types: 0
succeed_type_num: 0
related SI_num: 0
succeed_inst_num: 0
loop num: 1
WARNING: MYSQL connect failed!
Access denied for user 'petepc'@'localhost'

############## Indirect Call Target Results Statistics ##############
# Number icalls 				0
# Number total icall targets   			0

############## Alias Info Statistics ##############
# Number succeed alias icall 			0
# Number succeed func icall  			0

  Failed reasons:
# Number F has no global definition  		0
# Number binary_operation    			0
# Number llvm_used           			0
# Number exceed_max          			0

############## Time Statistics ##############

############## Round Statistics ##############
Round: 0
reduce_num_icall: 0
reduce_num_func: 0
reduce_num_onelayer: 0
reduce_num_escape: 0
reduce_num_total: 0


# Load time            		0.001691
# Typebuilder time     		0.000319
# MLTA time            		0.000325
# Icall alias time     		3.7e-05
# Func alias time      		0.000763
# One layer alias time 		5e-06
# Escape alias time    		6.2e-05
# DB time              		0.001658
