Total 1 file(s)
Openmp enabled
[TypeBuilder] Initializing 1 modules .
[TypeBuilder / 1] [1 / 1] [tests/open_ssl_bc/libdefault-lib-cipher_camellia.o]

[TypeBuilder] Updated in 0 modules.
[TypeBuilder] Postprocessing ...
[TypeBuilder] Done!

[CHABuilder] Initializing 1 modules .
[CHABuilder / 1] [1 / 1] [tests/open_ssl_bc/libdefault-lib-cipher_camellia.o]

[CHABuilder] Updated in 0 modules.
[CHABuilder] Postprocessing ...
[CHABuilder] Done!

[CallGraph] Initializing 1 modules 0: Module: tests/open_ssl_bc/libdefault-lib-cipher_camellia.o
.
[CallGraph / 1] [1 / 1] [tests/open_ssl_bc/libdefault-lib-cipher_camellia.o]

[CallGraph] Updated in 0 modules.
[CallGraph] Postprocessing ...
[CallGraph] Done!


 Start Func Alias Analysis

0 Top func: ossl_cipher_generic_stream_final

1 Top func: camellia_freectx

2 Top func: camellia_cbc_cts_get_ctx_params

3 Top func: ossl_cipher_generic_set_ctx_params

Merge complete --- Not blocked by TBAA or TFA check
4Merge complete --- Not blocked by TBAA or TFA check
 Top func: Merge complete --- Not blocked by TBAA or TFA check
camellia_128_ecb_newctxMerge complete --- Not blocked by TBAA or TFA check

Merge complete --- Not blocked by TBAA or TFA check

5 Top func: Merge complete --- Not blocked by TBAA or TFA check
camellia_128_cfb8_get_paramsMerge complete --- Not blocked by TBAA or TFA check

Merge complete --- Not blocked by TBAA or TFA check

Merge complete --- Not blocked by TBAA or TFA check
6Merge complete --- Not blocked by TBAA or TFA check
 Top func: Merge complete --- Not blocked by TBAA or TFA check
ossl_cipher_generic_stream_updateMerge complete --- Not blocked by TBAA or TFA check

Merge complete --- Not blocked by TBAA or TFA check
Merge complete --- Not blocked by TBAA or TFA check
     Top func: ossl_cipher_generic_stream_final Failed
     Top func: camellia_freectx Failed
     Top func: camellia_cbc_cts_get_ctx_params Failed
     Top func: camellia_128_ecb_newctx Failed
     Top func: camellia_128_cfb8_get_params Failed

7 Top func: camellia_256_ofb_get_params

8 Top func: camellia_dupctx

9 Top func: camellia_cbc_cts_set_ctx_params
Merge complete --- Not blocked by TBAA or TFA check
     Top func: Merge complete --- Not blocked by TBAA or TFA check
ossl_cipher_generic_stream_updateMerge complete --- Not blocked by TBAA or TFA check
 FailedMerge complete --- Not blocked by TBAA or TFA check

Merge complete --- Not blocked by TBAA or TFA check
     Top func: ossl_cipher_generic_set_ctx_paramsMerge complete --- Not blocked by TBAA or TFA check
 FailedMerge complete --- Not blocked by TBAA or TFA check

Merge complete --- Not blocked by TBAA or TFA check

10Merge complete --- Not blocked by TBAA or TFA check
 Top func: Merge complete --- Not blocked by TBAA or TFA check
camellia_128_ecb_get_paramsMerge complete --- Not blocked by TBAA or TFA check


Merge complete --- Not blocked by TBAA or TFA check
11Merge complete --- Not blocked by TBAA or TFA check
 Top func: Merge complete --- Not blocked by TBAA or TFA check
camellia_256_ctr_newctxMerge complete --- Not blocked by TBAA or TFA check

Merge complete --- Not blocked by TBAA or TFA check

Merge complete --- Not blocked by TBAA or TFA check
12Merge complete --- Not blocked by TBAA or TFA check
 Top func: Merge complete --- Not blocked by TBAA or TFA check
camellia_192_cfb_newctxMerge complete --- Not blocked by TBAA or TFA check

Merge complete --- Not blocked by TBAA or TFA check

13 Top func: Merge complete --- Not blocked by TBAA or TFA check
camellia_cbc_cts_dinitMerge complete --- Not blocked by TBAA or TFA check

Merge complete --- Not blocked by TBAA or TFA check
     Top func: Merge complete --- Not blocked by TBAA or TFA check
camellia_dupctxMerge complete --- Not blocked by TBAA or TFA check
 FailedMerge complete --- Not blocked by TBAA or TFA check

     Top func: camellia_256_ofb_get_paramsMerge complete --- Not blocked by TBAA or TFA check
 FailedMerge complete --- Not blocked by TBAA or TFA check

Merge complete --- Not blocked by TBAA or TFA check
Merge complete --- Not blocked by TBAA or TFA check
Merge complete --- Not blocked by TBAA or TFA check
Merge complete --- Not blocked by TBAA or TFA check
     Top func: Merge complete --- Not blocked by TBAA or TFA check
camellia_128_ecb_get_paramsMerge complete --- Not blocked by TBAA or TFA check
 Failed
Merge complete --- Not blocked by TBAA or TFA check

Merge complete --- Not blocked by TBAA or TFA check
14Merge complete --- Not blocked by TBAA or TFA check
 Top func: Merge complete --- Not blocked by TBAA or TFA check
ossl_cipher_generic_einitMerge complete --- Not blocked by TBAA or TFA check

Merge complete --- Not blocked by TBAA or TFA check
     Top func: camellia_192_cfb_newctxMerge complete --- Not blocked by TBAA or TFA check
 FailedMerge complete --- Not blocked by TBAA or TFA check

Merge complete --- Not blocked by TBAA or TFA check
     Top func: Merge complete --- Not blocked by TBAA or TFA check
camellia_256_ctr_newctxMerge complete --- Not blocked by TBAA or TFA check
 FailedMerge complete --- Not blocked by TBAA or TFA check

Merge complete --- Not blocked by TBAA or TFA check

Merge complete --- Not blocked by TBAA or TFA check
15 Top func: camellia_192_ofb_newctx

16 Top func: camellia_256_cbc_newctx
     Top func: camellia_cbc_cts_dinit Failed

17 Top func: camellia_192_cfb_get_params

18 Top func: camellia_256_ctr_get_params

19 Top func: camellia_cbc_cts_settable_ctx_params
     Top func: camellia_cbc_cts_set_ctx_params Failed
     Top func: ossl_cipher_generic_einit Failed
     Top func: camellia_192_ofb_newctx Failed
     Top func: camellia_256_cbc_newctx Failed
     Top func: camellia_192_cfb_get_params Failed

20 Top func: camellia_cbc_cts_gettable_ctx_params
     Top func: camellia_256_ctr_get_params Failed

21 Top func: ossl_cipher_generic_dinit

22Merge complete --- Not blocked by TBAA or TFA check
 Top func: Merge complete --- Not blocked by TBAA or TFA check
camellia_192_ofb_get_paramsMerge complete --- Not blocked by TBAA or TFA check

Merge complete --- Not blocked by TBAA or TFA check

Merge complete --- Not blocked by TBAA or TFA check
23Merge complete --- Not blocked by TBAA or TFA check
 Top func: Merge complete --- Not blocked by TBAA or TFA check
camellia_256_cbc_get_paramsMerge complete --- Not blocked by TBAA or TFA check

     Top func: camellia_cbc_cts_settable_ctx_params Failed

24 Top func: camellia_128_cfb_newctx

25 Top func: camellia_192_ctr_newctx

26 Top func: camellia_cts_192_cbc_get_params
     Top func: camellia_cbc_cts_gettable_ctx_params Failed
     Top func: camellia_192_ofb_get_params Failed
     Top func: ossl_cipher_generic_dinit Failed
     Top func: camellia_256_cbc_get_params Failed

27 Top func: ossl_cipher_generic_gettable_ctx_params
     Top func: camellia_128_cfb_newctx Failed
     Top func: camellia_192_ctr_newctx Failed

28 Top func: camellia_128_ofb_newctx

29 Top func: ossl_cipher_generic_block_update

30 Top func: camellia_192_cbc_newctx
     Top func: camellia_cts_192_cbc_get_params Failed

31 Top func: camellia_128_cfb_get_params

32 Top func: camellia_192_ctr_get_params
     Top func: ossl_cipher_generic_gettable_ctx_params Failed

33 Top func: camellia_cts_128_cbc_get_params
     Top func: ossl_cipher_generic_block_update Failed
     Top func: camellia_128_ofb_newctx Failed
     Top func: camellia_192_cbc_newctx Failed

34 Top func: ossl_cipher_generic_settable_ctx_params
     Top func: camellia_128_cfb_get_params Failed

35 Top func: ossl_cipher_generic_block_final
     Top func: camellia_192_ctr_get_params Failed

36 Top func: camellia_128_ofb_get_params

37 Top func: camellia_192_cbc_get_params
     Top func: camellia_cts_128_cbc_get_params Failed

38 Top func: camellia_256_cfb1_newctx

39 Top func: camellia_128_ctr_newctx
     Top func: ossl_cipher_generic_settable_ctx_params Failed

40 Top func: ossl_cipher_generic_gettable_params
     Top func: ossl_cipher_generic_block_final Failed
     Top func: camellia_128_ofb_get_params Failed
     Top func: camellia_192_cbc_get_params Failed

41 Top func: ossl_cipher_generic_skey_einit

42 Top func: ossl_cipher_generic_cipher
     Top func: camellia_256_cfb1_newctx Failed

43 Top func: camellia_256_cfb_newctx
     Top func: camellia_128_ctr_newctx Failed

44 Top func: camellia_128_cbc_newctx
     Top func: ossl_cipher_generic_gettable_params Failed

45 Top func: camellia_256_cfb1_get_params

46 Top func: camellia_128_ctr_get_params
     Top func: ossl_cipher_generic_skey_einit Failed

47 Top func: ossl_cipher_cbc_cts_block_update
     Top func: ossl_cipher_generic_cipher Failed
     Top func: camellia_256_cfb_newctx Failed
     Top func: camellia_128_cbc_newctx Failed

48 Top func: ossl_cipher_generic_skey_dinit

49 Top func: camellia_256_ecb_get_params

50 Top func: camellia_256_cfb_get_params
     Top func: camellia_256_cfb1_get_params Failed
     Top func: camellia_128_ctr_get_params Failed

51 Top func: camellia_128_cbc_get_params
     Top func: ossl_cipher_cbc_cts_block_update Failed

52 Top func: camellia_192_cfb1_newctx

53 Top func: camellia_cbc_cts_einit
     Top func: ossl_cipher_generic_skey_dinit Failed

54 Top func: ossl_cipher_cbc_cts_block_final
     Top func: camellia_256_cfb_get_params Failed
     Top func: camellia_256_ecb_get_params Failed
     Top func: camellia_128_cbc_get_params Failed

55 Top func: camellia_192_ecb_newctx

56 Top func: camellia_256_ecb_newctx

57 Top func: ossl_cipher_generic_get_ctx_params
     Top func: Merge complete --- Not blocked by TBAA or TFA check
camellia_cbc_cts_einitMerge complete --- Not blocked by TBAA or TFA check
 FailedMerge complete --- Not blocked by TBAA or TFA check

Merge complete --- Not blocked by TBAA or TFA check
Merge complete --- Not blocked by TBAA or TFA check
Merge complete --- Not blocked by TBAA or TFA check
Merge complete --- Not blocked by TBAA or TFA check
Merge complete --- Not blocked by TBAA or TFA check
     Top func: Merge complete --- Not blocked by TBAA or TFA check
camellia_192_cfb1_newctxMerge complete --- Not blocked by TBAA or TFA check
 FailedMerge complete --- Not blocked by TBAA or TFA check


58 Top func: camellia_256_ofb_newctx
     Top func: ossl_cipher_cbc_cts_block_final Failed

59 Top func: camellia_cts_256_cbc_get_params

60 Top func: camellia_192_cfb1_get_params
     Top func: camellia_192_ecb_newctx Failed
     Top func: camellia_256_ecb_newctx Failed

61 Top func: camellia_192_ecb_get_params
     Top func: ossl_cipher_generic_get_ctx_params Failed
     Top func: camellia_256_ofb_newctx Failed

62 Top func: camellia_128_cfb8_newctx

63 Top func: camellia_192_cfb8_get_params
     Top func: camellia_cts_256_cbc_get_params Failed
     Top func: camellia_192_cfb1_get_params Failed

64 Top func: camellia_192_cfb8_newctx

65 Top func: camellia_256_cfb8_get_params
     Top func: camellia_192_ecb_get_params Failed

66 Top func: camellia_256_cfb8_newctx

67 Top func: camellia_128_cfb1_newctx
     Top func: camellia_128_cfb8_newctx Failed
     Top func: camellia_192_cfb8_get_params Failed

68 Top func: camellia_128_cfb1_get_params
     Top func: camellia_192_cfb8_newctx Failed
     Top func: camellia_256_cfb8_get_params Failed
     Top func: camellia_256_cfb8_newctx Failed
     Top func: camellia_128_cfb1_newctx Failed
     Top func: camellia_128_cfb1_get_params Failed

Update global ICallees info

0 Update icall:   call void %21(ptr noundef %23, ptr noundef %25), !dbg !301

 Start ICall Alias Analysis

start oneLayerHandler

start escapeHandler

related types: 0
succeed_type_num: 0
related SI_num: 0
succeed_inst_num: 0
loop num: 1
WARNING: MYSQL connect failed!
Access denied for user 'petepc'@'localhost'

############## Indirect Call Target Results Statistics ##############
# Number icalls 				1
# Number total icall targets   			0

############## Alias Info Statistics ##############
# Number succeed alias icall 			0
# Number succeed func icall  			0

  Failed reasons:
# Number F has no global definition  		0
# Number binary_operation    			0
# Number llvm_used           			0
# Number exceed_max          			0

############## Time Statistics ##############

############## Round Statistics ##############
Round: 0
reduce_num_icall: 0
reduce_num_func: 0
reduce_num_onelayer: 0
reduce_num_escape: 0
reduce_num_total: 0


# Load time            		0.010807
# Typebuilder time     		0.000509
# MLTA time            		0.0016
# Icall alias time     		6.5e-05
# Func alias time      		0.008557
# One layer alias time 		6e-06
# Escape alias time    		5.7e-05
# DB time              		0.001997
