Total 1 file(s)
Openmp enabled
[TypeBuilder] Initializing 1 modules .
[TypeBuilder / 1] [1 / 1] [tests/open_ssl_bc/libdefault-lib-drbg.o]

[TypeBuilder] Updated in 0 modules.
[TypeBuilder] Postprocessing ...
[TypeBuilder] Done!

[CHABuilder] Initializing 1 modules .
[CHABuilder / 1] [1 / 1] [tests/open_ssl_bc/libdefault-lib-drbg.o]

[CHABuilder] Updated in 0 modules.
[CHABuilder] Postprocessing ...
[CHABuilder] Done!

[CallGraph] Initializing 1 modules 0: Module: tests/open_ssl_bc/libdefault-lib-drbg.o
.
[CallGraph / 1] [1 / 1] [tests/open_ssl_bc/libdefault-lib-drbg.o]

[CallGraph] Updated in 0 modules.
[CallGraph] Postprocessing ...
[CallGraph] Done!


 Start Func Alias Analysis

Update global ICallees info

0 Update icall:   call void %30(ptr noundef %33, ptr noundef %34, i64 noundef %35), !dbg !276

1 Update icall:   %73 = call i64 %55(ptr noundef %58, ptr noundef %59, i32 noundef %69, i64 noundef %70, i64 noundef %71, i32 noundef %72, ptr noundef %8, i64 noundef 8), !dbg !302

2 Update icall:   %20 = call i32 %18(ptr noundef %19), !dbg !261

3 Update icall:   %12 = call i32 %10(ptr noundef %11), !dbg !253

4 Update icall:   %134 = call i32 %132(ptr noundef %133), !dbg !416

5 Update icall:   %116 = call i64 %102(ptr noundef %105, ptr noundef %106, i32 noundef %109, i64 noundef %112, i64 noundef %115), !dbg !357

6 Update icall:   %25 = call i32 %21(ptr noundef %24), !dbg !264

7 Update icall:   call void %17(ptr noundef %18), !dbg !262

8 Update icall:   %23 = call i32 %20(ptr noundef %21, ptr noundef %22), !dbg !271

9 Update icall:   %113 = call i32 %107(ptr noundef %108, ptr noundef %109, i64 noundef %110, ptr noundef %111, i64 noundef %112), !dbg !357

10 Update icall:   %48 = call i64 %38(ptr noundef %41, ptr noundef null, i32 noundef 0, i64 noundef %44, i64 noundef %47), !dbg !296

11 Update icall:   call void %156(ptr noundef %157), !dbg !443

12 Update icall:   %69 = call i64 %58(ptr noundef %61, ptr noundef %62, i32 noundef 0, i64 noundef %65, i64 noundef %68), !dbg !313

13 Update icall:   %216 = call i32 %208(ptr noundef %209, ptr noundef %210, i64 noundef %211, ptr noundef %212, i64 noundef %213, ptr noundef %214, i64 noundef %215), !dbg !448

14 Update icall:   %151 = call i32 %145(ptr noundef %146, ptr noundef %147, i64 noundef %148, ptr noundef %149, i64 noundef %150), !dbg !396

15 Update icall:   %31 = call i32 %28(ptr noundef %29, ptr noundef %30), !dbg !282

16 Update icall:   %167 = call i32 %161(ptr noundef %162, ptr noundef %163, i64 noundef %164, ptr noundef %165, i64 noundef %166), !dbg !417

17 Update icall:   %88 = call i64 %75(ptr noundef %78, ptr noundef null, i32 noundef %81, i64 noundef %84, i64 noundef %87), !dbg !329

 Start ICall Alias Analysis

start oneLayerHandler

start escapeHandler

related types: 0
succeed_type_num: 0
related SI_num: 0
succeed_inst_num: 0
loop num: 1
WARNING: MYSQL connect failed!
Access denied for user 'petepc'@'localhost'

############## Indirect Call Target Results Statistics ##############
# Number icalls 				18
# Number total icall targets   			0

############## Alias Info Statistics ##############
# Number succeed alias icall 			0
# Number succeed func icall  			0

  Failed reasons:
# Number F has no global definition  		0
# Number binary_operation    			0
# Number llvm_used           			0
# Number exceed_max          			0

############## Time Statistics ##############

############## Round Statistics ##############
Round: 0
reduce_num_icall: 0
reduce_num_func: 0
reduce_num_onelayer: 0
reduce_num_escape: 0
reduce_num_total: 0


# Load time            		0.003905
# Typebuilder time     		0.00036
# MLTA time            		0.000398
# Icall alias time     		0.000151
# Func alias time      		0.00835
# One layer alias time 		1.2e-05
# Escape alias time    		5.6e-05
# DB time              		0.001972
