Total 1 file(s)
Openmp enabled
[TypeBuilder] Initializing 1 modules .
[TypeBuilder / 1] [1 / 1] [tests/open_ssl_bc/libdefault-lib-drbg_hash.o]

[TypeBuilder] Updated in 0 modules.
[TypeBuilder] Postprocessing ...
[TypeBuilder] Done!

[CHABuilder] Initializing 1 modules .
[CHABuilder / 1] [1 / 1] [tests/open_ssl_bc/libdefault-lib-drbg_hash.o]

[CHABuilder] Updated in 0 modules.
[CHABuilder] Postprocessing ...
[CHABuilder] Done!

[CallGraph] Initializing 1 modules 0: Module: tests/open_ssl_bc/libdefault-lib-drbg_hash.o
.
[CallGraph / 1] [1 / 1] [tests/open_ssl_bc/libdefault-lib-drbg_hash.o]

[CallGraph] Updated in 0 modules.
[CallGraph] Postprocessing ...
[CallGraph] Done!


 Start Func Alias Analysis

0 Top func: drbg_hash_new_wrapper

1 Top func: drbg_hash_uninstantiate_wrapper

2 Top func: ossl_drbg_enable_locking

3 Top func: drbg_hash_settable_ctx_params

4 Top func: drbg_hash_instantiate

Merge complete --- Not blocked by TBAA or TFA check
Merge complete --- Not blocked by TBAA or TFA check
5Merge complete --- Not blocked by TBAA or TFA check
 Top func: drbg_hash_get_ctx_params

6 Top func: ossl_drbg_clear_seed

7 Top func: drbg_hash_reseed
Merge complete --- Not blocked by TBAA or TFA check
Merge complete --- Not blocked by TBAA or TFA check
Merge complete --- Not blocked by TBAA or TFA check
     Top func: drbg_hash_uninstantiate_wrapper Failed
     Top func: drbg_hash_new_wrapper Failed
     Top func: ossl_drbg_enable_locking Failed

Analyzed func: drbg_hash_instantiate
DefinitionFuncSet size: 1
aliased_callset size: 0
     Top func: drbg_hash_settable_ctx_params Failed
     Top func: ossl_drbg_clear_seed Failed
     Top func: drbg_hash_get_ctx_params Failed

8 Top func: drbg_hash_generate_wrapper

9 Top func: drbg_hash_free

Merge complete --- Not blocked by TBAA or TFA check
10Merge complete --- Not blocked by TBAA or TFA check
 Top func: Merge complete --- Not blocked by TBAA or TFA check
ossl_drbg_lock

11 Top func: drbg_hash_uninstantiate

Analyzed func: Merge complete --- Not blocked by TBAA or TFA check
drbg_hash_reseedMerge complete --- Not blocked by TBAA or TFA check

Merge complete --- Not blocked by TBAA or TFA check
DefinitionFuncSet size: Merge complete --- Not blocked by TBAA or TFA check
1Merge complete --- Not blocked by TBAA or TFA check

Merge complete --- Not blocked by TBAA or TFA check
aliased_callset size: Merge complete --- Not blocked by TBAA or TFA check
0Merge complete --- Not blocked by TBAA or TFA check

Merge complete --- Not blocked by TBAA or TFA check

Merge complete --- Not blocked by TBAA or TFA check
12Merge complete --- Not blocked by TBAA or TFA check
 Top func: Merge complete --- Not blocked by TBAA or TFA check
drbg_hash_set_ctx_paramsMerge complete --- Not blocked by TBAA or TFA check

Merge complete --- Not blocked by TBAA or TFA check

Merge complete --- Not blocked by TBAA or TFA check
13Merge complete --- Not blocked by TBAA or TFA check
 Top func: Merge complete --- Not blocked by TBAA or TFA check
drbg_hash_newMerge complete --- Not blocked by TBAA or TFA check

Merge complete --- Not blocked by TBAA or TFA check
Merge complete --- Not blocked by TBAA or TFA check
Merge complete --- Not blocked by TBAA or TFA check
Merge complete --- Not blocked by TBAA or TFA check
Merge complete --- Not blocked by TBAA or TFA check
Merge complete --- Not blocked by TBAA or TFA check
Merge complete --- Not blocked by TBAA or TFA check
Merge complete --- Not blocked by TBAA or TFA check
Merge complete --- Not blocked by TBAA or TFA check
Merge complete --- Not blocked by TBAA or TFA check

14 Top func: drbg_hash_verify_zeroization

15 Top func: drbg_hash_generate
     Top func: Merge complete --- Not blocked by TBAA or TFA check
drbg_hash_freeMerge complete --- Not blocked by TBAA or TFA check
 FailedMerge complete --- Not blocked by TBAA or TFA check

     Top func: drbg_hash_generate_wrapper Failed
     Top func: ossl_drbg_lock Failed
     Top func: drbg_hash_set_ctx_params Failed

Analyzed func: drbg_hash_uninstantiate
DefinitionFuncSet size: 1
aliased_callset size: 1

Analyzed func: drbg_hash_new
DefinitionFuncSet size: 1
aliased_callset size: 0

16 Top func: drbg_hash_instantiate_wrapper

17 Top func: drbg_hash_reseed_wrapper

18 Top func: ossl_drbg_unlock
     Top func: drbg_hash_verify_zeroization Failed

19 Top func: drbg_hash_gettable_ctx_params

20 Top func: ossl_drbg_get_seed

Analyzed func: drbg_hash_generate
DefinitionFuncSet size: 1
aliased_callset size: 0
     Top func: drbg_hash_instantiate_wrapper Failed
     Top func: drbg_hash_reseed_wrapper Failed
     Top func: ossl_drbg_unlock Failed
     Top func: ossl_drbg_get_seed Failed
     Top func: drbg_hash_gettable_ctx_params Failed

Update global ICallees info

 Start ICall Alias Analysis

start oneLayerHandler

start escapeHandler

related types: 0
succeed_type_num: 0
related SI_num: 0
succeed_inst_num: 0
loop num: 1
WARNING: MYSQL connect failed!
Access denied for user 'petepc'@'localhost'

############## Indirect Call Target Results Statistics ##############
# Number icalls 				0
# Number total icall targets   			0

############## Alias Info Statistics ##############
# Number succeed alias icall 			0
# Number succeed func icall  			1

  Failed reasons:
# Number F has no global definition  		0
# Number binary_operation    			0
# Number llvm_used           			0
# Number exceed_max          			0

############## Time Statistics ##############

############## Round Statistics ##############
Round: 0
reduce_num_icall: 0
reduce_num_func: 0
reduce_num_onelayer: 0
reduce_num_escape: 0
reduce_num_total: 0


# Load time            		0.00574
# Typebuilder time     		0.000598
# MLTA time            		0.000442
# Icall alias time     		7.3e-05
# Func alias time      		0.003826
# One layer alias time 		7e-06
# Escape alias time    		5.5e-05
# DB time              		0.001966
