Total 1 file(s)
Openmp enabled
[TypeBuilder] Initializing 1 modules .
[TypeBuilder / 1] [1 / 1] [tests/open_ssl_bc/liblegacy-lib-cipher_seed.o]

[TypeBuilder] Updated in 0 modules.
[TypeBuilder] Postprocessing ...
[TypeBuilder] Done!

[CHABuilder] Initializing 1 modules .
[CHABuilder / 1] [1 / 1] [tests/open_ssl_bc/liblegacy-lib-cipher_seed.o]

[CHABuilder] Updated in 0 modules.
[CHABuilder] Postprocessing ...
[CHABuilder] Done!

[CallGraph] Initializing 1 modules 0: Module: tests/open_ssl_bc/liblegacy-lib-cipher_seed.o
.
[CallGraph / 1] [1 / 1] [tests/open_ssl_bc/liblegacy-lib-cipher_seed.o]

[CallGraph] Updated in 0 modules.
[CallGraph] Postprocessing ...
[CallGraph] Done!


 Start Func Alias Analysis

0 Top func: seed_128_ecb_newctx

1 Top func: ossl_cipher_generic_einit

2 Top func: ossl_cipher_generic_block_final

3 Top func: ossl_cipher_generic_get_ctx_params

4 Top func: ossl_cipher_generic_gettable_ctx_params

5 Top func: seed_128_ofb128_newctx

6 Top func: ossl_cipher_generic_skey_dinit
     Top func: ossl_cipher_generic_einit Failed
     Top func: seed_128_ecb_newctx Failed
     Top func: ossl_cipher_generic_block_final Failed
     Top func: ossl_cipher_generic_get_ctx_params Failed
     Top func: ossl_cipher_generic_gettable_ctx_params Failed
     Top func: seed_128_ofb128_newctx Failed

7 Top func: ossl_cipher_generic_dinit

8 Top func: seed_freectx

9 Top func: ossl_cipher_generic_cipher

10 Top func: ossl_cipher_generic_set_ctx_params

11 Top func: ossl_cipher_generic_settable_ctx_params
     Top func: ossl_cipher_generic_skey_dinit Failed

12 Top func: ossl_cipher_generic_stream_update

13 Top func: seed_128_cbc_newctx
     Top func: ossl_cipher_generic_dinit Failed
     Top func: seed_freectx Failed
     Top func: ossl_cipher_generic_cipher Failed
     Top func: ossl_cipher_generic_set_ctx_params Failed
     Top func: ossl_cipher_generic_settable_ctx_params Failed

14 Top func: ossl_cipher_generic_block_update

15 Top func: seed_dupctx

16 Top func: seed_128_ecb_get_params
     Top func: ossl_cipher_generic_stream_update Failed

17 Top func: ossl_cipher_generic_gettable_params

18 Top func: ossl_cipher_generic_skey_einit
     Top func: seed_128_cbc_newctx Failed

19 Top func: ossl_cipher_generic_stream_final
     Top func: ossl_cipher_generic_block_update Failed

20 Top func: seed_128_cbc_get_params
     Top func: seed_dupctx Failed
     Top func: seed_128_ecb_get_params Failed
     Top func: ossl_cipher_generic_gettable_params Failed
     Top func: ossl_cipher_generic_skey_einit Failed

21 Top func: seed_128_ofb128_get_params

22 Top func: seed_128_cfb128_get_params

23 Top func: seed_128_cfb128_newctx
     Top func: ossl_cipher_generic_stream_final Failed
     Top func: seed_128_cbc_get_params Failed
     Top func: seed_128_cfb128_get_params Failed
     Top func: seed_128_ofb128_get_params Failed
     Top func: seed_128_cfb128_newctx Failed

Update global ICallees info

 Start ICall Alias Analysis

start oneLayerHandler

start escapeHandler

related types: 0
succeed_type_num: 0
related SI_num: 0
succeed_inst_num: 0
loop num: 1
WARNING: MYSQL connect failed!
Access denied for user 'petepc'@'localhost'

############## Indirect Call Target Results Statistics ##############
# Number icalls 				0
# Number total icall targets   			0

############## Alias Info Statistics ##############
# Number succeed alias icall 			0
# Number succeed func icall  			0

  Failed reasons:
# Number F has no global definition  		0
# Number binary_operation    			0
# Number llvm_used           			0
# Number exceed_max          			0

############## Time Statistics ##############

############## Round Statistics ##############
Round: 0
reduce_num_icall: 0
reduce_num_func: 0
reduce_num_onelayer: 0
reduce_num_escape: 0
reduce_num_total: 0


# Load time            		0.001652
# Typebuilder time     		0.000271
# MLTA time            		0.000436
# Icall alias time     		7.2e-05
# Func alias time      		0.001386
# One layer alias time 		7e-06
# Escape alias time    		5.5e-05
# DB time              		0.002069
