Total 1 file(s)
Openmp enabled
[TypeBuilder] Initializing 1 modules .
[TypeBuilder / 1] [1 / 1] [tests/open_ssl_bc/liblegacy-lib-cipher_blowfish_hw.o]

[TypeBuilder] Updated in 0 modules.
[TypeBuilder] Postprocessing ...
[TypeBuilder] Done!

[CHABuilder] Initializing 1 modules .
[CHABuilder / 1] [1 / 1] [tests/open_ssl_bc/liblegacy-lib-cipher_blowfish_hw.o]

[CHABuilder] Updated in 0 modules.
[CHABuilder] Postprocessing ...
[CHABuilder] Done!

[CallGraph] Initializing 1 modules 0: Module: tests/open_ssl_bc/liblegacy-lib-cipher_blowfish_hw.o
.
[CallGraph / 1] [1 / 1] [tests/open_ssl_bc/liblegacy-lib-cipher_blowfish_hw.o]

[CallGraph] Updated in 0 modules.
[CallGraph] Postprocessing ...
[CallGraph] Done!


 Start Func Alias Analysis

0 Top func: cipher_hw_blowfish_initkey

1Merge complete --- Not blocked by TBAA or TFA check
 Top func: cipher_hw_blowfish_ofb64_cipher
Merge complete --- Not blocked by TBAA or TFA check

Merge complete --- Not blocked by TBAA or TFA check
Merge complete --- Not blocked by TBAA or TFA check
2 Top func: cipher_hw_blowfish_cbc_cipherMerge complete --- Not blocked by TBAA or TFA check

Merge complete --- Not blocked by TBAA or TFA check

Merge complete --- Not blocked by TBAA or TFA check
3Merge complete --- Not blocked by TBAA or TFA check
 Top func: Merge complete --- Not blocked by TBAA or TFA check
cipher_hw_blowfish_ecb_cipher

Merge complete --- Not blocked by TBAA or TFA check
4 Top func: cipher_hw_blowfish_cfb64_cipher

Analyzed func: cipher_hw_blowfish_ofb64_cipherMerge complete --- Not blocked by TBAA or TFA check

DefinitionFuncSet size: 1
aliased_callset size: 0

Analyzed func: cipher_hw_blowfish_initkey
DefinitionFuncSet size: 1
aliased_callset size: 0

Analyzed func: cipher_hw_blowfish_ecb_cipher
DefinitionFuncSet size: 1
aliased_callset size: 0

Analyzed func: cipher_hw_blowfish_cbc_cipher
DefinitionFuncSet size: 1
aliased_callset size: 0

Analyzed func: cipher_hw_blowfish_cfb64_cipher
DefinitionFuncSet size: 1
aliased_callset size: 0

Update global ICallees info

 Start ICall Alias Analysis

start oneLayerHandler

start escapeHandler

related types: 0
succeed_type_num: 0
related SI_num: 0
succeed_inst_num: 0
loop num: 1
WARNING: MYSQL connect failed!
Access denied for user 'petepc'@'localhost'

############## Indirect Call Target Results Statistics ##############
# Number icalls 				0
# Number total icall targets   			0

############## Alias Info Statistics ##############
# Number succeed alias icall 			0
# Number succeed func icall  			0

  Failed reasons:
# Number F has no global definition  		0
# Number binary_operation    			0
# Number llvm_used           			0
# Number exceed_max          			0

############## Time Statistics ##############

############## Round Statistics ##############
Round: 0
reduce_num_icall: 0
reduce_num_func: 0
reduce_num_onelayer: 0
reduce_num_escape: 0
reduce_num_total: 0


# Load time            		0.001819
# Typebuilder time     		0.000283
# MLTA time            		0.00028
# Icall alias time     		8.4e-05
# Func alias time      		0.000926
# One layer alias time 		9e-06
# Escape alias time    		6.3e-05
# DB time              		0.002437
