Total 1 file(s)
Openmp enabled
[TypeBuilder] Initializing 1 modules .
[TypeBuilder / 1] [1 / 1] [tests/open_ssl_bc/liblegacy-lib-cipher_idea.o]

[TypeBuilder] Updated in 0 modules.
[TypeBuilder] Postprocessing ...
[TypeBuilder] Done!

[CHABuilder] Initializing 1 modules .
[CHABuilder / 1] [1 / 1] [tests/open_ssl_bc/liblegacy-lib-cipher_idea.o]

[CHABuilder] Updated in 0 modules.
[CHABuilder] Postprocessing ...
[CHABuilder] Done!

[CallGraph] Initializing 1 modules 0: Module: tests/open_ssl_bc/liblegacy-lib-cipher_idea.o
.
[CallGraph / 1] [1 / 1] [tests/open_ssl_bc/liblegacy-lib-cipher_idea.o]

[CallGraph] Updated in 0 modules.
[CallGraph] Postprocessing ...
[CallGraph] Done!


 Start Func Alias Analysis

0 Top func: idea_128_ecb_newctx

1 Top func: ossl_cipher_generic_einit

2 Top func: ossl_cipher_generic_get_ctx_params

3 Top func: ossl_cipher_generic_block_final

4 Top func: idea_128_ofb64_newctx

5 Top func: ossl_cipher_generic_gettable_ctx_params

6 Top func: idea_128_ofb64_get_params

7 Top func: ossl_cipher_generic_skey_dinit
     Top func: ossl_cipher_generic_einit Failed
     Top func: idea_128_ecb_newctx Failed
     Top func: ossl_cipher_generic_block_final Failed
     Top func: ossl_cipher_generic_get_ctx_params Failed
     Top func: ossl_cipher_generic_gettable_ctx_params Failed
     Top func: idea_128_ofb64_newctx Failed
     Top func: idea_128_ofb64_get_params Failed

8 Top func: ossl_cipher_generic_dinit

9 Top func: idea_freectx

10 Top func: ossl_cipher_generic_cipher

11 Top func: ossl_cipher_generic_set_ctx_params
     Top func: ossl_cipher_generic_skey_dinit Failed

12 Top func: ossl_cipher_generic_settable_ctx_params

13 Top func: ossl_cipher_generic_stream_update

14 Top func: idea_128_cfb64_newctx

15 Top func: idea_128_cbc_newctx
     Top func: ossl_cipher_generic_dinit Failed
     Top func: ossl_cipher_generic_cipher Failed
     Top func: idea_freectx Failed
     Top func: ossl_cipher_generic_set_ctx_params Failed
     Top func: ossl_cipher_generic_settable_ctx_params Failed
     Top func: ossl_cipher_generic_stream_update Failed

16 Top func: ossl_cipher_generic_block_update

17 Top func: idea_128_ecb_get_params

18 Top func: idea_dupctx

19 Top func: ossl_cipher_generic_gettable_params
     Top func: idea_128_cfb64_newctx Failed

20 Top func: ossl_cipher_generic_skey_einit
     Top func: idea_128_cbc_newctx Failed

21 Top func: ossl_cipher_generic_stream_final

22 Top func: idea_128_cfb64_get_params

23 Top func: idea_128_cbc_get_params
     Top func: ossl_cipher_generic_block_update Failed
     Top func: idea_128_ecb_get_params Failed
     Top func: ossl_cipher_generic_gettable_params Failed
     Top func: idea_dupctx Failed
     Top func: ossl_cipher_generic_skey_einit Failed
     Top func: ossl_cipher_generic_stream_final Failed
     Top func: idea_128_cfb64_get_params Failed
     Top func: idea_128_cbc_get_params Failed

Update global ICallees info

 Start ICall Alias Analysis

start oneLayerHandler

start escapeHandler

related types: 0
succeed_type_num: 0
related SI_num: 0
succeed_inst_num: 0
loop num: 1
WARNING: MYSQL connect failed!
Access denied for user 'petepc'@'localhost'

############## Indirect Call Target Results Statistics ##############
# Number icalls 				0
# Number total icall targets   			0

############## Alias Info Statistics ##############
# Number succeed alias icall 			0
# Number succeed func icall  			0

  Failed reasons:
# Number F has no global definition  		0
# Number binary_operation    			0
# Number llvm_used           			0
# Number exceed_max          			0

############## Time Statistics ##############

############## Round Statistics ##############
Round: 0
reduce_num_icall: 0
reduce_num_func: 0
reduce_num_onelayer: 0
reduce_num_escape: 0
reduce_num_total: 0


# Load time            		0.001851
# Typebuilder time     		0.000262
# MLTA time            		0.000435
# Icall alias time     		3.3e-05
# Func alias time      		0.001494
# One layer alias time 		5e-06
# Escape alias time    		5.5e-05
# DB time              		0.002178
