Total 1 file(s)
Openmp enabled
[TypeBuilder] Initializing 1 modules .
[TypeBuilder / 1] [1 / 1] [tests/open_ssl_bc/liblegacy-lib-cipher_cast5.o]

[TypeBuilder] Updated in 0 modules.
[TypeBuilder] Postprocessing ...
[TypeBuilder] Done!

[CHABuilder] Initializing 1 modules .
[CHABuilder / 1] [1 / 1] [tests/open_ssl_bc/liblegacy-lib-cipher_cast5.o]

[CHABuilder] Updated in 0 modules.
[CHABuilder] Postprocessing ...
[CHABuilder] Done!

[CallGraph] Initializing 1 modules 0: Module: tests/open_ssl_bc/liblegacy-lib-cipher_cast5.o
.
[CallGraph / 1] [1 / 1] [tests/open_ssl_bc/liblegacy-lib-cipher_cast5.o]

[CallGraph] Updated in 0 modules.
[CallGraph] Postprocessing ...
[CallGraph] Done!


 Start Func Alias Analysis

0 Top func: ossl_cipher_generic_gettable_ctx_params

1 Top func: cast5_128_ecb_newctx

2 Top func: ossl_cipher_generic_einit

3 Top func: ossl_cipher_generic_block_final

4 Top func: ossl_cipher_generic_get_ctx_params

5 Top func: ossl_cipher_generic_skey_dinit
     Top func: ossl_cipher_generic_einit Failed
     Top func: ossl_cipher_generic_block_final Failed
     Top func: ossl_cipher_generic_gettable_ctx_params Failed
     Top func: cast5_128_ecb_newctx Failed
     Top func: ossl_cipher_generic_get_ctx_params Failed

6 Top func: ossl_cipher_generic_dinit

7 Top func: ossl_cipher_generic_cipher

8 Top func: ossl_cipher_var_keylen_settable_ctx_params

9 Top func: cast5_freectx
     Top func: ossl_cipher_generic_skey_dinit Failed

10 Top func: ossl_cipher_var_keylen_set_ctx_params

11 Top func: cast5_128_ofb64_newctx

12 Top func: cast5_128_cbc_newctx

13 Top func: cast5_128_ofb64_get_params
     Top func: ossl_cipher_generic_dinit Failed
     Top func: ossl_cipher_var_keylen_settable_ctx_params Failed
     Top func: cast5_freectx Failed
     Top func: ossl_cipher_generic_cipher Failed

14 Top func: ossl_cipher_generic_block_update

15 Top func: ossl_cipher_generic_skey_einit
     Top func: ossl_cipher_var_keylen_set_ctx_params Failed

16 Top func: cast5_dupctx
     Top func: cast5_128_ofb64_newctx Failed

17 Top func: cast5_128_ecb_get_params
     Top func: cast5_128_cbc_newctx Failed
     Top func: cast5_128_ofb64_get_params Failed

18 Top func: ossl_cipher_generic_gettable_params

19 Top func: ossl_cipher_generic_stream_update

20 Top func: cast5_128_cbc_get_params
     Top func: ossl_cipher_generic_block_update Failed
     Top func: ossl_cipher_generic_skey_einit Failed

21 Top func: cast5_128_cfb64_newctx
     Top func: cast5_dupctx Failed
     Top func: cast5_128_ecb_get_params Failed

22 Top func: ossl_cipher_generic_stream_final

23 Top func: cast5_128_cfb64_get_params
     Top func: ossl_cipher_generic_gettable_params Failed
     Top func: ossl_cipher_generic_stream_update Failed
     Top func: cast5_128_cbc_get_params Failed
     Top func: cast5_128_cfb64_newctx Failed
     Top func: ossl_cipher_generic_stream_final Failed
     Top func: cast5_128_cfb64_get_params Failed

Update global ICallees info

 Start ICall Alias Analysis

start oneLayerHandler

start escapeHandler

related types: 0
succeed_type_num: 0
related SI_num: 0
succeed_inst_num: 0
loop num: 1
WARNING: MYSQL connect failed!
Access denied for user 'petepc'@'localhost'

############## Indirect Call Target Results Statistics ##############
# Number icalls 				0
# Number total icall targets   			0

############## Alias Info Statistics ##############
# Number succeed alias icall 			0
# Number succeed func icall  			0

  Failed reasons:
# Number F has no global definition  		0
# Number binary_operation    			0
# Number llvm_used           			0
# Number exceed_max          			0

############## Time Statistics ##############

############## Round Statistics ##############
Round: 0
reduce_num_icall: 0
reduce_num_func: 0
reduce_num_onelayer: 0
reduce_num_escape: 0
reduce_num_total: 0


# Load time            		0.001546
# Typebuilder time     		0.000229
# MLTA time            		0.000535
# Icall alias time     		7.4e-05
# Func alias time      		0.003633
# One layer alias time 		8e-06
# Escape alias time    		6.3e-05
# DB time              		0.002006
