Total 1 file(s)
Openmp enabled
[TypeBuilder] Initializing 1 modules .
[TypeBuilder / 1] [1 / 1] [tests/open_ssl_bc/libcrypto-shlib-dh_ameth.o]

[TypeBuilder] Updated in 0 modules.
[TypeBuilder] Postprocessing ...
[TypeBuilder] Done!

[CHABuilder] Initializing 1 modules .
[CHABuilder / 1] [1 / 1] [tests/open_ssl_bc/libcrypto-shlib-dh_ameth.o]

[CHABuilder] Updated in 0 modules.
[CHABuilder] Postprocessing ...
[CHABuilder] Done!

[CallGraph] Initializing 1 modules 0: Module: tests/open_ssl_bc/libcrypto-shlib-dh_ameth.o
.
[CallGraph / 1] [1 / 1] [tests/open_ssl_bc/libcrypto-shlib-dh_ameth.o]

[CallGraph] Updated in 0 modules.
[CallGraph] Postprocessing ...
[CallGraph] Done!


 Start Func Alias Analysis

0 Top func: dh_pub_decode

1 Top func: dh_priv_decode

2 Top func: dh_bits

3 Top func: dh_param_encode

4 Top func: dh_cmp_parameters

Merge complete --- Not blocked by TBAA or TFA check
5Merge complete --- Not blocked by TBAA or TFA check
 Top func: Merge complete --- Not blocked by TBAA or TFA check
dh_pkey_ctrlMerge complete --- Not blocked by TBAA or TFA check


Merge complete --- Not blocked by TBAA or TFA check
6Merge complete --- Not blocked by TBAA or TFA check
 Top func: Merge complete --- Not blocked by TBAA or TFA check
dh_pkey_copyMerge complete --- Not blocked by TBAA or TFA check

Merge complete --- Not blocked by TBAA or TFA check
     Top func: Merge complete --- Not blocked by TBAA or TFA check
dh_pub_decodeMerge complete --- Not blocked by TBAA or TFA check
 Failed
Merge complete --- Not blocked by TBAA or TFA check
     Top func: Merge complete --- Not blocked by TBAA or TFA check
dh_bitsMerge complete --- Not blocked by TBAA or TFA check
 Failed
     Top func: dh_priv_decode Failed
     Top func: dh_pkey_ctrl Failed
     Top func: dh_param_encode Failed

7 Top func: dh_pub_encode

8 Top func: dh_security_bits

9 Top func: dh_priv_encode

10 Top func: dh_pkey_public_check

11 Top func: dh_missing_parameters
     Top func: dh_pkey_copy Failed
     Top func: dh_cmp_parameters Failed
     Top func: dh_pub_encode Failed

12 Top func: dhx_pkey_ctrl
     Top func: dh_priv_encode Failed
     Top func: dh_security_bits Failed
     Top func: dh_pkey_public_check Failed
     Top func: dh_missing_parameters Failed

13 Top func: dh_param_print

14 Top func: dh_pub_cmp

15 Top func: dh_private_print

16 Top func: dh_param_decode

17 Top func: dh_pkey_param_check

18 Top func: dh_copy_parameters
     Top func: dhx_pkey_ctrl Failed
     Top func: dh_param_print Failed
     Top func: dh_pub_cmp Failed

19 Top func: dhx_pkey_import_from
     Top func: dh_private_print Failed
     Top func: dh_param_decode Failed
     Top func: dh_pkey_param_check Failed

20 Top func: int_dh_free
     Top func: dh_copy_parameters Failed

21 Top func: dh_public_print

22 Top func: int_dh_size

23 Top func: dh_pkey_dirty_cnt

24 Top func: dh_pkey_import_from

25 Top func: dh_pkey_export_to
     Top func: dhx_pkey_import_from Failed
     Top func: int_dh_free Failed
     Top func: dh_public_print Failed
     Top func: int_dh_size Failed
     Top func: dh_pkey_dirty_cnt Failed
     Top func: dh_pkey_import_from Failed
     Top func: dh_pkey_export_to Failed

Update global ICallees info

0 Update icall:   %118 = call i32 %114(ptr noundef %115, i32 noundef %116, ptr noundef %117), !dbg !694

 Start ICall Alias Analysis

start oneLayerHandler

start escapeHandler

related types: 0
succeed_type_num: 0
related SI_num: 0
succeed_inst_num: 0
loop num: 1
WARNING: MYSQL connect failed!
Access denied for user 'petepc'@'localhost'

############## Indirect Call Target Results Statistics ##############
# Number icalls 				1
# Number total icall targets   			0

############## Alias Info Statistics ##############
# Number succeed alias icall 			0
# Number succeed func icall  			0

  Failed reasons:
# Number F has no global definition  		0
# Number binary_operation    			0
# Number llvm_used           			0
# Number exceed_max          			0

############## Time Statistics ##############

############## Round Statistics ##############
Round: 0
reduce_num_icall: 0
reduce_num_func: 0
reduce_num_onelayer: 0
reduce_num_escape: 0
reduce_num_total: 0


# Load time            		0.00328
# Typebuilder time     		0.000371
# MLTA time            		0.000665
# Icall alias time     		6.9e-05
# Func alias time      		0.007906
# One layer alias time 		8e-06
# Escape alias time    		5.7e-05
# DB time              		0.001971
