Total 1 file(s)
Openmp enabled
[TypeBuilder] Initializing 1 modules .
[TypeBuilder / 1] [1 / 1] [tests/open_ssl_bc/libcrypto-lib-legacy_sha.o]
error in updateQueues
Unexpected case!
Unexpected case!
Unexpected case!
Unexpected case!
Unexpected case!
Unexpected case!
Unexpected case!
Unexpected case!
WARNING: matchStructTypes problem!
error in updateQueues
Unexpected case!
Unexpected case!
Unexpected case!
Unexpected case!
Unexpected case!
Unexpected case!
Unexpected case!
Unexpected case!
WARNING: matchStructTypes problem!
error in updateQueues
Unexpected case!
Unexpected case!
Unexpected case!
Unexpected case!
Unexpected case!
Unexpected case!
Unexpected case!
Unexpected case!
WARNING: matchStructTypes problem!
error in updateQueues
Unexpected case!
Unexpected case!
Unexpected case!
Unexpected case!
Unexpected case!
Unexpected case!
Unexpected case!
Unexpected case!
WARNING: matchStructTypes problem!
error in updateQueues
Unexpected case!
Unexpected case!
Unexpected case!
Unexpected case!
Unexpected case!
Unexpected case!
Unexpected case!
Unexpected case!
WARNING: matchStructTypes problem!
error in updateQueues
Unexpected case!
Unexpected case!
Unexpected case!
Unexpected case!
Unexpected case!
Unexpected case!
Unexpected case!
Unexpected case!
WARNING: matchStructTypes problem!
error in updateQueues
Unexpected case!
Unexpected case!
Unexpected case!
Unexpected case!
Unexpected case!
Unexpected case!
Unexpected case!
Unexpected case!
WARNING: matchStructTypes problem!
error in updateQueues
Unexpected case!
Unexpected case!
Unexpected case!
Unexpected case!
Unexpected case!
Unexpected case!
Unexpected case!
Unexpected case!
WARNING: matchStructTypes problem!
error in updateQueues
Unexpected case!
Unexpected case!
Unexpected case!
Unexpected case!
Unexpected case!
Unexpected case!
Unexpected case!
Unexpected case!
WARNING: matchStructTypes problem!
error in updateQueues
Unexpected case!
Unexpected case!
Unexpected case!
Unexpected case!
Unexpected case!
Unexpected case!
Unexpected case!
Unexpected case!
WARNING: matchStructTypes problem!
error in updateQueues
Unexpected case!
Unexpected case!
Unexpected case!
Unexpected case!
Unexpected case!
Unexpected case!
Unexpected case!
Unexpected case!
WARNING: matchStructTypes problem!
error in updateQueues
Unexpected case!
Unexpected case!
Unexpected case!
Unexpected case!
Unexpected case!
Unexpected case!
Unexpected case!
Unexpected case!
WARNING: matchStructTypes problem!
error in updateQueues
Unexpected case!
Unexpected case!
Unexpected case!
Unexpected case!
Unexpected case!
Unexpected case!
Unexpected case!
Unexpected case!
WARNING: matchStructTypes problem!

[TypeBuilder] Updated in 0 modules.
[TypeBuilder] Postprocessing ...
[TypeBuilder] Done!

[CHABuilder] Initializing 1 modules .
[CHABuilder / 1] [1 / 1] [tests/open_ssl_bc/libcrypto-lib-legacy_sha.o]

[CHABuilder] Updated in 0 modules.
[CHABuilder] Postprocessing ...
[CHABuilder] Done!

[CallGraph] Initializing 1 modules 0: Module: tests/open_ssl_bc/libcrypto-lib-legacy_sha.o
.
[CallGraph / 1] [1 / 1] [tests/open_ssl_bc/libcrypto-lib-legacy_sha.o]

[CallGraph] Updated in 0 modules.
[CallGraph] Postprocessing ...
[CallGraph] Done!


 Start Func Alias Analysis

0 Top func: sha3_int_init

Merge complete --- Not blocked by TBAA or TFA check
1Merge complete --- Not blocked by TBAA or TFA check
 Top func: shake_ctrl
Merge complete --- Not blocked by TBAA or TFA check

Merge complete --- Not blocked by TBAA or TFA check
2Merge complete --- Not blocked by TBAA or TFA check
Merge complete --- Not blocked by TBAA or TFA check
 Top func: Merge complete --- Not blocked by TBAA or TFA check
sha224_init
Merge complete --- Not blocked by TBAA or TFA check
Merge complete --- Not blocked by TBAA or TFA check

Merge complete --- Not blocked by TBAA or TFA check
3Merge complete --- Not blocked by TBAA or TFA check
 Top func: sha512_update

Merge complete --- Not blocked by TBAA or TFA check
4Merge complete --- Not blocked by TBAA or TFA check
 Top func: sha256_init

Merge complete --- Not blocked by TBAA or TFA check
5Merge complete --- Not blocked by TBAA or TFA check
 Top func: sha512_256_int_init

Merge complete --- Not blocked by TBAA or TFA check
6Merge complete --- Not blocked by TBAA or TFA check
 Top func: sha384_init
Merge complete --- Not blocked by TBAA or TFA check
Merge complete --- Not blocked by TBAA or TFA check

7 Top func: sha512_224_int_init
Merge complete --- Not blocked by TBAA or TFA check
Merge complete --- Not blocked by TBAA or TFA check

Analyzed func: sha3_int_init
DefinitionFuncSet size: 1
aliased_callset size: 0

Analyzed func: shake_ctrl
DefinitionFuncSet size: 1
aliased_callset size: 0

Analyzed func: sha256_init
DefinitionFuncSet size: 1
aliased_callset size: 0

Analyzed func: sha224_init
DefinitionFuncSet size: 1
aliased_callset size: 0

Analyzed func: sha512_update
DefinitionFuncSet size: 1
aliased_callset size: 0

Analyzed func: sha384_init
DefinitionFuncSet size: 1
aliased_callset size: 0

Analyzed func: sha512_256_int_init
DefinitionFuncSet size: 1
aliased_callset size: 0

8 Top func: sha3_int_update

9Merge complete --- Not blocked by TBAA or TFA check
 Top func: Merge complete --- Not blocked by TBAA or TFA check
sha1_initMerge complete --- Not blocked by TBAA or TFA check


Merge complete --- Not blocked by TBAA or TFA check
10Merge complete --- Not blocked by TBAA or TFA check
Merge complete --- Not blocked by TBAA or TFA check
 Top func: Merge complete --- Not blocked by TBAA or TFA check
sha256_update

Merge complete --- Not blocked by TBAA or TFA check
Merge complete --- Not blocked by TBAA or TFA check
11Merge complete --- Not blocked by TBAA or TFA check
Merge complete --- Not blocked by TBAA or TFA check
 Top func: sha224_update
Merge complete --- Not blocked by TBAA or TFA check
Merge complete --- Not blocked by TBAA or TFA check
Merge complete --- Not blocked by TBAA or TFA check

Analyzed func: sha512_224_int_initMerge complete --- Not blocked by TBAA or TFA check

DefinitionFuncSet size: 1
Merge complete --- Not blocked by TBAA or TFA check
aliased_callset size: 0

12 Top func: sha512_final

Merge complete --- Not blocked by TBAA or TFA check
13Merge complete --- Not blocked by TBAA or TFA check
 Top func: sha384_update
Merge complete --- Not blocked by TBAA or TFA check

Merge complete --- Not blocked by TBAA or TFA check
14 Top func: sha512_256_int_update
Merge complete --- Not blocked by TBAA or TFA check
Merge complete --- Not blocked by TBAA or TFA check

15 Top func: sha512_224_int_update

Analyzed func: Merge complete --- Not blocked by TBAA or TFA check
sha1_initMerge complete --- Not blocked by TBAA or TFA check

DefinitionFuncSet size: 1
aliased_callset size: 0

Analyzed func: sha256_update
DefinitionFuncSet size: 1
aliased_callset size: 0

Analyzed func: sha224_update
DefinitionFuncSet size: 1
aliased_callset size: 0

Analyzed func: sha3_int_update
DefinitionFuncSet size: 1
aliased_callset size: 0

Analyzed func: sha384_update
DefinitionFuncSet size: 1
aliased_callset size: 0

Analyzed func: sha512_final
DefinitionFuncSet size: 1
aliased_callset size: 0

16 Top func: sha1_update

Merge complete --- Not blocked by TBAA or TFA check
17Merge complete --- Not blocked by TBAA or TFA check
 Top func: Merge complete --- Not blocked by TBAA or TFA check
sha256_final

Merge complete --- Not blocked by TBAA or TFA check
18Merge complete --- Not blocked by TBAA or TFA check
 Top func: sha224_final
Merge complete --- Not blocked by TBAA or TFA check
Merge complete --- Not blocked by TBAA or TFA check

Analyzed func: sha512_256_int_update
DefinitionFuncSet size: 1
aliased_callset size: 0

19 Top func: sha3_int_final

Merge complete --- Not blocked by TBAA or TFA check
20Merge complete --- Not blocked by TBAA or TFA check
 Top func: Merge complete --- Not blocked by TBAA or TFA check
sha384_final

Merge complete --- Not blocked by TBAA or TFA check
Merge complete --- Not blocked by TBAA or TFA check
21Merge complete --- Not blocked by TBAA or TFA check
 Top func: Merge complete --- Not blocked by TBAA or TFA check
sha1_finalMerge complete --- Not blocked by TBAA or TFA check

Merge complete --- Not blocked by TBAA or TFA check
Merge complete --- Not blocked by TBAA or TFA check

Analyzed func: Merge complete --- Not blocked by TBAA or TFA check
sha512_224_int_updateMerge complete --- Not blocked by TBAA or TFA check
Merge complete --- Not blocked by TBAA or TFA check

DefinitionFuncSet size: 1Merge complete --- Not blocked by TBAA or TFA check

aliased_callset size: 0

22 Top func: sha512_256_int_final
Merge complete --- Not blocked by TBAA or TFA check
Merge complete --- Not blocked by TBAA or TFA check

23 Top func: sha512_224_int_final

Analyzed func: Merge complete --- Not blocked by TBAA or TFA check
sha1_updateMerge complete --- Not blocked by TBAA or TFA check

DefinitionFuncSet size: 1
aliased_callset size: 0

Analyzed func: sha256_final
DefinitionFuncSet size: 1
aliased_callset size: 0

Analyzed func: sha224_final
DefinitionFuncSet size: 1
aliased_callset size: 0

Analyzed func: sha384_final
DefinitionFuncSet size: 1
aliased_callset size: 0

Analyzed func: sha1_final
DefinitionFuncSet size: 1
aliased_callset size: 0

24 Top func: sha512_init

Merge complete --- Not blocked by TBAA or TFA check
25Merge complete --- Not blocked by TBAA or TFA check
 Top func: shake_init

Analyzed func: Merge complete --- Not blocked by TBAA or TFA check
sha3_int_finalMerge complete --- Not blocked by TBAA or TFA check

Merge complete --- Not blocked by TBAA or TFA check
DefinitionFuncSet size: 1
Merge complete --- Not blocked by TBAA or TFA check
aliased_callset size: 0

26 Top func: sha1_int_ctrl

Analyzed func: Merge complete --- Not blocked by TBAA or TFA check
sha512_256_int_finalMerge complete --- Not blocked by TBAA or TFA check

Merge complete --- Not blocked by TBAA or TFA check
DefinitionFuncSet size: 1
aliased_callset size: 0

Analyzed func: sha512_224_int_final
DefinitionFuncSet size: 1
aliased_callset size: 0

Analyzed func: sha512_init
DefinitionFuncSet size: 1
aliased_callset size: 0

Analyzed func: shake_init
DefinitionFuncSet size: 1
aliased_callset size: 0

Analyzed func: sha1_int_ctrl
DefinitionFuncSet size: 1
aliased_callset size: 0

Update global ICallees info

 Start ICall Alias Analysis

start oneLayerHandler

start escapeHandler

related types: 0
succeed_type_num: 0
related SI_num: 0
succeed_inst_num: 0
loop num: 1
WARNING: MYSQL connect failed!
Access denied for user 'petepc'@'localhost'

############## Indirect Call Target Results Statistics ##############
# Number icalls 				0
# Number total icall targets   			0

############## Alias Info Statistics ##############
# Number succeed alias icall 			0
# Number succeed func icall  			0

  Failed reasons:
# Number F has no global definition  		0
# Number binary_operation    			0
# Number llvm_used           			0
# Number exceed_max          			0

############## Time Statistics ##############

############## Round Statistics ##############
Round: 0
reduce_num_icall: 0
reduce_num_func: 0
reduce_num_onelayer: 0
reduce_num_escape: 0
reduce_num_total: 0


# Load time            		0.002645
# Typebuilder time     		0.001219
# MLTA time            		0.000936
# Icall alias time     		3.3e-05
# Func alias time      		0.00249
# One layer alias time 		5e-06
# Escape alias time    		5.5e-05
# DB time              		0.001967
