Total 1 file(s)
Openmp enabled
[TypeBuilder] Initializing 1 modules .
[TypeBuilder / 1] [1 / 1] [tests/open_ssl_bc/libcrypto-lib-slh_wots.o]

[TypeBuilder] Updated in 0 modules.
[TypeBuilder] Postprocessing ...
[TypeBuilder] Done!

[CHABuilder] Initializing 1 modules .
[CHABuilder / 1] [1 / 1] [tests/open_ssl_bc/libcrypto-lib-slh_wots.o]

[CHABuilder] Updated in 0 modules.
[CHABuilder] Postprocessing ...
[CHABuilder] Done!

[CallGraph] Initializing 1 modules 0: Module: tests/open_ssl_bc/libcrypto-lib-slh_wots.o
.
[CallGraph / 1] [1 / 1] [tests/open_ssl_bc/libcrypto-lib-slh_wots.o]

[CallGraph] Updated in 0 modules.
[CallGraph] Postprocessing ...
[CallGraph] Done!


 Start Func Alias Analysis

Update global ICallees info

0 Update icall:   call void %71(ptr noundef %72, ptr noundef %73), !dbg !286

1 Update icall:   call void %67(ptr noundef %68, i32 noundef 5), !dbg !283

2 Update icall:   call void %62(ptr noundef %63, ptr noundef %64), !dbg !279

3 Update icall:   call void %61(ptr noundef %62, ptr noundef %63), !dbg !279

4 Update icall:   call void %111(ptr noundef %112, i32 noundef 1), !dbg !345

5 Update icall:   call void %73(ptr noundef %74, i32 noundef %76), !dbg !312

6 Update icall:   call void %122(ptr noundef %123, i32 noundef 1), !dbg !340

7 Update icall:   call void %79(ptr noundef %80, i32 noundef %82), !dbg !298

8 Update icall:   call void %78(ptr noundef %79, i32 noundef %81), !dbg !298

9 Update icall:   %88 = call i32 %82(ptr noundef %83, ptr noundef %84, ptr noundef %85, ptr noundef %86, ptr noundef %87, i64 noundef 32), !dbg !303

10 Update icall:   %78 = call i32 %70(ptr noundef %71, ptr noundef %72, ptr noundef %73, ptr noundef %74, i64 noundef %75, ptr noundef %76, i64 noundef %77), !dbg !276

11 Update icall:   call void %92(ptr noundef %93, i32 noundef %95), !dbg !312

12 Update icall:   %133 = call i32 %125(ptr noundef %126, ptr noundef %127, ptr noundef %128, ptr noundef %129, i64 noundef %130, ptr noundef %131, i64 noundef %132), !dbg !357

13 Update icall:   %89 = call i32 %83(ptr noundef %84, ptr noundef %85, ptr noundef %86, ptr noundef %87, ptr noundef %88, i64 noundef 32), !dbg !303

14 Update icall:   call void %70(ptr noundef %71, ptr noundef %72), !dbg !286

15 Update icall:   %139 = call i32 %131(ptr noundef %132, ptr noundef %133, ptr noundef %134, ptr noundef %135, i64 noundef %136, ptr noundef %137, i64 noundef %138), !dbg !347

16 Update icall:   call void %126(ptr noundef %127, ptr noundef %128), !dbg !343

17 Update icall:   call void %93(ptr noundef %94, i32 noundef %96), !dbg !312

18 Update icall:   %105 = call i32 %97(ptr noundef %98, ptr noundef %99, ptr noundef %100, ptr noundef %101, i64 noundef %102, ptr noundef %103, i64 noundef %104), !dbg !303

19 Update icall:   call void %115(ptr noundef %116, ptr noundef %117), !dbg !348

20 Update icall:   call void %93(ptr noundef %94, i32 noundef %96), !dbg !298

21 Update icall:   call void %106(ptr noundef %107, ptr noundef %108), !dbg !341

22 Update icall:   call void %66(ptr noundef %67, i32 noundef 5), !dbg !283

23 Update icall:   call void %65(ptr noundef %66, i32 noundef %69), !dbg !272

24 Update icall:   call void %117(ptr noundef %118, ptr noundef %119), !dbg !336

 Start ICall Alias Analysis

start oneLayerHandler

start escapeHandler

related types: 0
succeed_type_num: 0
related SI_num: 0
succeed_inst_num: 0
loop num: 1
WARNING: MYSQL connect failed!
Access denied for user 'petepc'@'localhost'

############## Indirect Call Target Results Statistics ##############
# Number icalls 				25
# Number total icall targets   			0

############## Alias Info Statistics ##############
# Number succeed alias icall 			0
# Number succeed func icall  			0

  Failed reasons:
# Number F has no global definition  		0
# Number binary_operation    			0
# Number llvm_used           			0
# Number exceed_max          			0

############## Time Statistics ##############

############## Round Statistics ##############
Round: 0
reduce_num_icall: 0
reduce_num_func: 0
reduce_num_onelayer: 0
reduce_num_escape: 0
reduce_num_total: 0


# Load time            		0.002435
# Typebuilder time     		0.00023
# MLTA time            		0.000285
# Icall alias time     		7.8e-05
# Func alias time      		0.013798
# One layer alias time 		1.1e-05
# Escape alias time    		5.7e-05
# DB time              		0.001975
