Total 1 file(s)
Openmp enabled
[TypeBuilder] Initializing 1 modules .
[TypeBuilder / 1] [1 / 1] [tests/open_ssl_bc/libcommon-lib-ciphercommon_ccm.o]

[TypeBuilder] Updated in 0 modules.
[TypeBuilder] Postprocessing ...
[TypeBuilder] Done!

[CHABuilder] Initializing 1 modules .
[CHABuilder / 1] [1 / 1] [tests/open_ssl_bc/libcommon-lib-ciphercommon_ccm.o]

[CHABuilder] Updated in 0 modules.
[CHABuilder] Postprocessing ...
[CHABuilder] Done!

[CallGraph] Initializing 1 modules 0: Module: tests/open_ssl_bc/libcommon-lib-ciphercommon_ccm.o
.
[CallGraph / 1] [1 / 1] [tests/open_ssl_bc/libcommon-lib-ciphercommon_ccm.o]

[CallGraph] Updated in 0 modules.
[CallGraph] Postprocessing ...
[CallGraph] Done!


 Start Func Alias Analysis

Update global ICallees info

0 Update icall:   %161 = call i32 %151(ptr noundef %152, ptr noundef %156, i64 noundef %160), !dbg !375

1 Update icall:   %127 = call i32 %116(ptr noundef %117, ptr noundef %118, ptr noundef %119, i64 noundef %120, ptr noundef %123, i64 noundef %126), !dbg !330

2 Update icall:   %67 = call i32 %63(ptr noundef %64, ptr noundef %65, i64 noundef %66), !dbg !293

3 Update icall:   %101 = call i32 %90(ptr noundef %91, ptr noundef %92, ptr noundef %93, i64 noundef %94, ptr noundef %97, i64 noundef %100), !dbg !307

4 Update icall:   %83 = call i32 %79(ptr noundef %80, ptr noundef %81, i64 noundef %82), !dbg !305

5 Update icall:   %115 = call i32 %110(ptr noundef %111, ptr noundef %112, ptr noundef %113, i64 noundef %114, ptr noundef null, i64 noundef 0), !dbg !326

6 Update icall:   %145 = call i32 %134(ptr noundef %135, ptr noundef %136, ptr noundef %137, i64 noundef %138, ptr noundef %141, i64 noundef %144), !dbg !347

7 Update icall:   %72 = call i32 %64(ptr noundef %65, ptr noundef %68, i64 noundef %71), !dbg !291

8 Update icall:   %20 = call i32 %12(ptr noundef %13, ptr noundef %16, i64 noundef %18, i64 noundef %19), !dbg !244

 Start ICall Alias Analysis

start oneLayerHandler

start escapeHandler

related types: 0
succeed_type_num: 0
related SI_num: 0
succeed_inst_num: 0
loop num: 1
WARNING: MYSQL connect failed!
Access denied for user 'petepc'@'localhost'

############## Indirect Call Target Results Statistics ##############
# Number icalls 				9
# Number total icall targets   			0

############## Alias Info Statistics ##############
# Number succeed alias icall 			0
# Number succeed func icall  			0

  Failed reasons:
# Number F has no global definition  		0
# Number binary_operation    			0
# Number llvm_used           			0
# Number exceed_max          			0

############## Time Statistics ##############

############## Round Statistics ##############
Round: 0
reduce_num_icall: 0
reduce_num_func: 0
reduce_num_onelayer: 0
reduce_num_escape: 0
reduce_num_total: 0


# Load time            		0.003991
# Typebuilder time     		0.000427
# MLTA time            		0.000403
# Icall alias time     		9.5e-05
# Func alias time      		0.004382
# One layer alias time 		1e-05
# Escape alias time    		5.7e-05
# DB time              		0.001963
