Total 1 file(s)
Openmp enabled
[TypeBuilder] Initializing 1 modules .
[TypeBuilder / 1] [1 / 1] [tests/open_ssl_bc/libcrypto-shlib-mac_lib.o]

[TypeBuilder] Updated in 0 modules.
[TypeBuilder] Postprocessing ...
[TypeBuilder] Done!

[CHABuilder] Initializing 1 modules .
[CHABuilder / 1] [1 / 1] [tests/open_ssl_bc/libcrypto-shlib-mac_lib.o]

[CHABuilder] Updated in 0 modules.
[CHABuilder] Postprocessing ...
[CHABuilder] Done!

[CallGraph] Initializing 1 modules 0: Module: tests/open_ssl_bc/libcrypto-shlib-mac_lib.o
.
[CallGraph / 1] [1 / 1] [tests/open_ssl_bc/libcrypto-shlib-mac_lib.o]

[CallGraph] Updated in 0 modules.
[CallGraph] Postprocessing ...
[CallGraph] Done!


 Start Func Alias Analysis

Update global ICallees info

0 Update icall:   %74 = call i32 %68(ptr noundef %71, ptr noundef %72, ptr noundef %12, i64 noundef %73), !dbg !266

1 Update icall:   call void %11(ptr noundef %14), !dbg !193

2 Update icall:   %22 = call i32 %17(ptr noundef %20, ptr noundef %21), !dbg !196

3 Update icall:   %15 = call i32 %13(ptr noundef %14), !dbg !188

4 Update icall:   %17 = call i32 %11(ptr noundef %14, ptr noundef %15, i64 noundef %16), !dbg !193

5 Update icall:   %34 = call ptr %30(ptr noundef %33), !dbg !216

6 Update icall:   %32 = call i32 %27(ptr noundef %30, ptr noundef %31), !dbg !211

7 Update icall:   %51 = call i32 %49(ptr noundef %50), !dbg !227

8 Update icall:   %29 = call i32 %22(ptr noundef %25, ptr noundef %26, i64 noundef %27, ptr noundef %28), !dbg !203

9 Update icall:   %47 = call i32 %39(ptr noundef %42, ptr noundef %45, ptr noundef %46), !dbg !267

10 Update icall:   %22 = call i32 %17(ptr noundef %20, ptr noundef %21), !dbg !196

11 Update icall:   %18 = call ptr %13(ptr noundef %17), !dbg !200

12 Update icall:   call void %29(ptr noundef %32), !dbg !213

 Start ICall Alias Analysis

start oneLayerHandler

start escapeHandler

related types: 0
succeed_type_num: 0
related SI_num: 0
succeed_inst_num: 0
loop num: 1
WARNING: MYSQL connect failed!
Access denied for user 'petepc'@'localhost'

############## Indirect Call Target Results Statistics ##############
# Number icalls 				13
# Number total icall targets   			0

############## Alias Info Statistics ##############
# Number succeed alias icall 			0
# Number succeed func icall  			0

  Failed reasons:
# Number F has no global definition  		0
# Number binary_operation    			0
# Number llvm_used           			0
# Number exceed_max          			0

############## Time Statistics ##############

############## Round Statistics ##############
Round: 0
reduce_num_icall: 0
reduce_num_func: 0
reduce_num_onelayer: 0
reduce_num_escape: 0
reduce_num_total: 0


# Load time            		0.0027
# Typebuilder time     		0.000333
# MLTA time            		0.000368
# Icall alias time     		7.6e-05
# Func alias time      		0.002819
# One layer alias time 		6e-05
# Escape alias time    		0.0007
# DB time              		0.002267
