Total 1 file(s)
Openmp enabled
[TypeBuilder] Initializing 1 modules .
[TypeBuilder / 1] [1 / 1] [tests/open_ssl_bc/libcrypto-lib-slh_hypertree.o]

[TypeBuilder] Updated in 0 modules.
[TypeBuilder] Postprocessing ...
[TypeBuilder] Done!

[CHABuilder] Initializing 1 modules .
[CHABuilder / 1] [1 / 1] [tests/open_ssl_bc/libcrypto-lib-slh_hypertree.o]

[CHABuilder] Updated in 0 modules.
[CHABuilder] Postprocessing ...
[CHABuilder] Done!

[CallGraph] Initializing 1 modules 0: Module: tests/open_ssl_bc/libcrypto-lib-slh_hypertree.o
.
[CallGraph / 1] [1 / 1] [tests/open_ssl_bc/libcrypto-lib-slh_hypertree.o]

[CallGraph] Updated in 0 modules.
[CallGraph] Postprocessing ...
[CallGraph] Done!


 Start Func Alias Analysis

Update global ICallees info

0 Update icall:   call void %62(ptr noundef %63, i32 noundef %64), !dbg !286

1 Update icall:   call void %65(ptr noundef %66, i32 noundef %67), !dbg !293

2 Update icall:   call void %52(ptr noundef %53), !dbg !279

3 Update icall:   call void %67(ptr noundef %68, i64 noundef %69), !dbg !291

4 Update icall:   call void %49(ptr noundef %50), !dbg !272

5 Update icall:   call void %70(ptr noundef %71, i64 noundef %72), !dbg !298

 Start ICall Alias Analysis

start oneLayerHandler

start escapeHandler

related types: 0
succeed_type_num: 0
related SI_num: 0
succeed_inst_num: 0
loop num: 1
WARNING: MYSQL connect failed!
Access denied for user 'petepc'@'localhost'

############## Indirect Call Target Results Statistics ##############
# Number icalls 				6
# Number total icall targets   			0

############## Alias Info Statistics ##############
# Number succeed alias icall 			0
# Number succeed func icall  			0

  Failed reasons:
# Number F has no global definition  		0
# Number binary_operation    			0
# Number llvm_used           			0
# Number exceed_max          			0

############## Time Statistics ##############

############## Round Statistics ##############
Round: 0
reduce_num_icall: 0
reduce_num_func: 0
reduce_num_onelayer: 0
reduce_num_escape: 0
reduce_num_total: 0


# Load time            		0.001755
# Typebuilder time     		0.000262
# MLTA time            		0.000275
# Icall alias time     		6.2e-05
# Func alias time      		0.003566
# One layer alias time 		1.2e-05
# Escape alias time    		6.5e-05
# DB time              		0.00203
