Total 1 file(s)
Openmp enabled
[TypeBuilder] Initializing 1 modules .
[TypeBuilder / 1] [1 / 1] [tests/open_ssl_bc/libdefault-lib-cipher_aes.o]

[TypeBuilder] Updated in 0 modules.
[TypeBuilder] Postprocessing ...
[TypeBuilder] Done!

[CHABuilder] Initializing 1 modules .
[CHABuilder / 1] [1 / 1] [tests/open_ssl_bc/libdefault-lib-cipher_aes.o]

[CHABuilder] Updated in 0 modules.
[CHABuilder] Postprocessing ...
[CHABuilder] Done!

[CallGraph] Initializing 1 modules 0: Module: tests/open_ssl_bc/libdefault-lib-cipher_aes.o
.
[CallGraph / 1] [1 / 1] [tests/open_ssl_bc/libdefault-lib-cipher_aes.o]

[CallGraph] Updated in 0 modules.
[CallGraph] Postprocessing ...
[CallGraph] Done!


 Start Func Alias Analysis

0 Top func: ossl_cipher_generic_stream_final

1 Top func: aes_cbc_cts_get_ctx_params

2 Top func: aes_freectx

3 Top func: ossl_cipher_generic_set_ctx_params

Merge complete --- Not blocked by TBAA or TFA check
4Merge complete --- Not blocked by TBAA or TFA check
 Top func: Merge complete --- Not blocked by TBAA or TFA check
aes_128_ecb_newctxMerge complete --- Not blocked by TBAA or TFA check

Merge complete --- Not blocked by TBAA or TFA check

Merge complete --- Not blocked by TBAA or TFA check
5Merge complete --- Not blocked by TBAA or TFA check
 Top func: Merge complete --- Not blocked by TBAA or TFA check
ossl_cipher_generic_stream_updateMerge complete --- Not blocked by TBAA or TFA check

Merge complete --- Not blocked by TBAA or TFA check

Merge complete --- Not blocked by TBAA or TFA check
6Merge complete --- Not blocked by TBAA or TFA check
 Top func: Merge complete --- Not blocked by TBAA or TFA check
aes_128_cfb8_get_params
Merge complete --- Not blocked by TBAA or TFA check
     Top func: ossl_cipher_generic_stream_final Failed
     Top func: ossl_cipher_generic_stream_update Failed
     Top func: aes_128_ecb_newctx Failed
     Top func: aes_cbc_cts_get_ctx_params Failed
     Top func: aes_freectx Failed

7 Top func: aes_256_ofb_get_params
     Top func: aes_128_cfb8_get_params Failed

8 Top func: aes_192_cfb_newctx

9 Top func: aes_128_ecb_get_params

10 Top func: aes_cbc_cts_set_ctx_params
     Top func: ossl_cipher_generic_set_ctx_paramsMerge complete --- Not blocked by TBAA or TFA check
 FailedMerge complete --- Not blocked by TBAA or TFA check

Merge complete --- Not blocked by TBAA or TFA check

Merge complete --- Not blocked by TBAA or TFA check
11Merge complete --- Not blocked by TBAA or TFA check
 Top func: aes_dupctxMerge complete --- Not blocked by TBAA or TFA check

Merge complete --- Not blocked by TBAA or TFA check

Merge complete --- Not blocked by TBAA or TFA check
12 Top func: Merge complete --- Not blocked by TBAA or TFA check
aes_256_ctr_newctxMerge complete --- Not blocked by TBAA or TFA check

Merge complete --- Not blocked by TBAA or TFA check

13Merge complete --- Not blocked by TBAA or TFA check
 Top func: Merge complete --- Not blocked by TBAA or TFA check
aes_cbc_cts_dinitMerge complete --- Not blocked by TBAA or TFA check

Merge complete --- Not blocked by TBAA or TFA check
     Top func: Merge complete --- Not blocked by TBAA or TFA check
aes_256_ofb_get_paramsMerge complete --- Not blocked by TBAA or TFA check
 FailedMerge complete --- Not blocked by TBAA or TFA check

Merge complete --- Not blocked by TBAA or TFA check
     Top func: Merge complete --- Not blocked by TBAA or TFA check
aes_192_cfb_newctxMerge complete --- Not blocked by TBAA or TFA check
 Failed
     Top func: Merge complete --- Not blocked by TBAA or TFA check
aes_128_ecb_get_paramsMerge complete --- Not blocked by TBAA or TFA check
 Failed
Merge complete --- Not blocked by TBAA or TFA check
     Top func: Merge complete --- Not blocked by TBAA or TFA check
aes_dupctxMerge complete --- Not blocked by TBAA or TFA check
 FailedMerge complete --- Not blocked by TBAA or TFA check


14Merge complete --- Not blocked by TBAA or TFA check
 Top func: Merge complete --- Not blocked by TBAA or TFA check
aes_192_ofb_newctxMerge complete --- Not blocked by TBAA or TFA check

Merge complete --- Not blocked by TBAA or TFA check

Merge complete --- Not blocked by TBAA or TFA check
15Merge complete --- Not blocked by TBAA or TFA check
 Top func: Merge complete --- Not blocked by TBAA or TFA check
aes_192_cfb_get_paramsMerge complete --- Not blocked by TBAA or TFA check

     Top func: Merge complete --- Not blocked by TBAA or TFA check
aes_256_ctr_newctxMerge complete --- Not blocked by TBAA or TFA check
 FailedMerge complete --- Not blocked by TBAA or TFA check

Merge complete --- Not blocked by TBAA or TFA check

Merge complete --- Not blocked by TBAA or TFA check
16Merge complete --- Not blocked by TBAA or TFA check
 Top func: aes_256_cbc_newctx
     Top func: aes_cbc_cts_dinit Failed

17 Top func: ossl_cipher_generic_einit

18Merge complete --- Not blocked by TBAA or TFA check
 Top func: Merge complete --- Not blocked by TBAA or TFA check
aes_256_ctr_get_paramsMerge complete --- Not blocked by TBAA or TFA check

Merge complete --- Not blocked by TBAA or TFA check

Merge complete --- Not blocked by TBAA or TFA check
19Merge complete --- Not blocked by TBAA or TFA check
 Top func: Merge complete --- Not blocked by TBAA or TFA check
aes_cbc_cts_settable_ctx_paramsMerge complete --- Not blocked by TBAA or TFA check

     Top func: aes_192_ofb_newctx Failed
     Top func: aes_192_cfb_get_params Failed
     Top func: aes_256_cbc_newctx Failed
     Top func: aes_cbc_cts_set_ctx_params Failed

20 Top func: aes_192_ofb_get_params

21 Top func: aes_128_cfb_newctx
     Top func: aes_256_ctr_get_params Failed

22 Top func: aes_256_cbc_get_params
     Top func: ossl_cipher_generic_einit Failed
     Top func: aes_cbc_cts_settable_ctx_params Failed

23 Top func: aes_cbc_cts_gettable_ctx_params

24 Top func: aes_192_ctr_newctx

25 Top func: ossl_cipher_generic_dinit

26Merge complete --- Not blocked by TBAA or TFA check
 Top func: Merge complete --- Not blocked by TBAA or TFA check
aes_cts_192_cbc_get_paramsMerge complete --- Not blocked by TBAA or TFA check

Merge complete --- Not blocked by TBAA or TFA check
     Top func: Merge complete --- Not blocked by TBAA or TFA check
aes_128_cfb_newctxMerge complete --- Not blocked by TBAA or TFA check
 FailedMerge complete --- Not blocked by TBAA or TFA check

Merge complete --- Not blocked by TBAA or TFA check
     Top func: aes_192_ofb_get_params Failed
     Top func: aes_256_cbc_get_params Failed

27 Top func: aes_128_cfb_get_params

28 Top func: aes_128_ofb_newctx
     Top func: aes_cbc_cts_gettable_ctx_params Failed
     Top func: aes_192_ctr_newctx Failed

29 Top func: aes_192_cbc_newctx
     Top func: aes_cts_192_cbc_get_params Failed
     Top func: ossl_cipher_generic_dinit Failed

30 Top func: ossl_cipher_generic_gettable_ctx_params

31 Top func: aes_192_ctr_get_params

32 Top func: aes_cts_128_cbc_get_params
     Top func: aes_128_cfb_get_params Failed
     Top func: aes_128_ofb_newctx Failed

33 Top func: ossl_cipher_generic_block_update
     Top func: aes_192_cbc_newctx Failed

34 Top func: aes_256_cfb1_newctx

35 Top func: aes_128_ofb_get_params
     Top func: ossl_cipher_generic_gettable_ctx_params Failed
     Top func: aes_192_ctr_get_params Failed

36 Top func: aes_192_cbc_get_params
     Top func: aes_cts_128_cbc_get_params Failed

37 Top func: ossl_cipher_generic_settable_ctx_params
     Top func: ossl_cipher_generic_block_update Failed

38 Top func: aes_128_ctr_newctx
     Top func: aes_256_cfb1_newctx Failed
     Top func: aes_128_ofb_get_params Failed

39 Top func: ossl_cipher_generic_gettable_params

40 Top func: ossl_cipher_generic_block_final
     Top func: aes_192_cbc_get_params Failed

41 Top func: aes_256_cfb1_get_params

42 Top func: aes_256_cfb_newctx
     Top func: ossl_cipher_generic_settable_ctx_params Failed
     Top func: aes_128_ctr_newctx Failed

43 Top func: aes_128_cbc_newctx
     Top func: ossl_cipher_generic_gettable_params Failed
     Top func: ossl_cipher_generic_block_final Failed

44 Top func: ossl_cipher_generic_skey_einit

45 Top func: aes_128_ctr_get_params
     Top func: aes_256_cfb1_get_params Failed
     Top func: aes_256_cfb_newctx Failed

46 Top func: ossl_cipher_cbc_cts_block_update

47 Top func: ossl_cipher_generic_cipher

48 Top func: aes_192_cfb1_newctx
     Top func: aes_128_cbc_newctx Failed

49 Top func: aes_256_cfb_get_params
     Top func: ossl_cipher_generic_skey_einit Failed
     Top func: aes_128_ctr_get_params Failed

50 Top func: aes_128_cbc_get_params
     Top func: ossl_cipher_cbc_cts_block_update Failed

51 Top func: ossl_cipher_generic_skey_dinit
     Top func: ossl_cipher_generic_cipher Failed

52 Top func: aes_cbc_cts_einit
     Top func: aes_192_cfb1_newctx Failed

53 Top func: ossl_cipher_cbc_cts_block_final
     Top func: aes_256_cfb_get_params Failed

54 Top func: aes_256_ecb_get_params
     Top func: aes_128_cbc_get_params Failed

55 Top func: aes_192_cfb1_get_params
     Top func: ossl_cipher_generic_skey_dinit Failed

56 Top func: aes_256_ecb_newctx
     Top func: aes_cbc_cts_einit Failed

57 Top func: aes_256_ofb_newctx
     Top func: ossl_cipher_cbc_cts_block_final Failed

58 Top func: aes_192_ecb_newctx
     Top func: aes_256_ecb_get_params Failed

59 Top func: ossl_cipher_generic_get_ctx_params
     Top func: Merge complete --- Not blocked by TBAA or TFA check
aes_192_cfb1_get_paramsMerge complete --- Not blocked by TBAA or TFA check
 FailedMerge complete --- Not blocked by TBAA or TFA check

Merge complete --- Not blocked by TBAA or TFA check

Merge complete --- Not blocked by TBAA or TFA check
60 Top func: Merge complete --- Not blocked by TBAA or TFA check
aes_cts_256_cbc_get_paramsMerge complete --- Not blocked by TBAA or TFA check

Merge complete --- Not blocked by TBAA or TFA check
     Top func: aes_256_ecb_newctxMerge complete --- Not blocked by TBAA or TFA check
 FailedMerge complete --- Not blocked by TBAA or TFA check

Merge complete --- Not blocked by TBAA or TFA check

61 Top func: aes_192_ecb_get_params
     Top func: aes_256_ofb_newctx Failed

62 Top func: aes_128_cfb1_newctx
     Top func: aes_192_ecb_newctx Failed

63 Top func: aes_128_cfb8_newctx

64 Top func: aes_192_cfb8_get_params
     Top func: aes_cts_256_cbc_get_params Failed

65 Top func: aes_192_cfb8_newctx
     Top func: ossl_cipher_generic_get_ctx_params Failed
     Top func: aes_192_ecb_get_params Failed
     Top func: aes_128_cfb1_newctx Failed

66 Top func: aes_256_cfb8_get_params

67 Top func: aes_256_cfb8_newctx
     Top func: aes_128_cfb8_newctx Failed

68 Top func: aes_128_cfb1_get_params
     Top func: aes_192_cfb8_get_params Failed
     Top func: aes_192_cfb8_newctx Failed
     Top func: aes_256_cfb8_get_params Failed
     Top func: aes_256_cfb8_newctx Failed
     Top func: aes_128_cfb1_get_params Failed

Update global ICallees info

0 Update icall:   call void %21(ptr noundef %23, ptr noundef %25), !dbg !300

 Start ICall Alias Analysis

start oneLayerHandler

start escapeHandler

related types: 0
succeed_type_num: 0
related SI_num: 0
succeed_inst_num: 0
loop num: 1
WARNING: MYSQL connect failed!
Access denied for user 'petepc'@'localhost'

############## Indirect Call Target Results Statistics ##############
# Number icalls 				1
# Number total icall targets   			0

############## Alias Info Statistics ##############
# Number succeed alias icall 			0
# Number succeed func icall  			0

  Failed reasons:
# Number F has no global definition  		0
# Number binary_operation    			0
# Number llvm_used           			0
# Number exceed_max          			0

############## Time Statistics ##############

############## Round Statistics ##############
Round: 0
reduce_num_icall: 0
reduce_num_func: 0
reduce_num_onelayer: 0
reduce_num_escape: 0
reduce_num_total: 0


# Load time            		0.00301
# Typebuilder time     		0.0005
# MLTA time            		0.001147
# Icall alias time     		6.1e-05
# Func alias time      		0.005651
# One layer alias time 		5.8e-05
# Escape alias time    		0.00073
# DB time              		0.002258
