Total 1 file(s)
Openmp enabled
[TypeBuilder] Initializing 1 modules .
[TypeBuilder / 1] [1 / 1] [tests/open_ssl_bc/libssl-lib-statem_dtls.o]

[TypeBuilder] Updated in 0 modules.
[TypeBuilder] Postprocessing ...
[TypeBuilder] Done!

[CHABuilder] Initializing 1 modules .
[CHABuilder / 1] [1 / 1] [tests/open_ssl_bc/libssl-lib-statem_dtls.o]

[CHABuilder] Updated in 0 modules.
[CHABuilder] Postprocessing ...
[CHABuilder] Done!

[CallGraph] Initializing 1 modules 0: Module: tests/open_ssl_bc/libssl-lib-statem_dtls.o
.
[CallGraph / 1] [1 / 1] [tests/open_ssl_bc/libssl-lib-statem_dtls.o]

[CallGraph] Updated in 0 modules.
[CallGraph] Postprocessing ...
[CallGraph] Done!


 Start Func Alias Analysis

Update global ICallees info

0 Update icall:   call void %472(i32 noundef 1, i32 noundef %475, i32 noundef %477, ptr noundef %482, i64 noundef %489, ptr noundef %490, ptr noundef %493), !dbg !2024

1 Update icall:   %273 = call i32 %267(ptr noundef %268, i8 noundef zeroext 22, ptr noundef null, ptr noundef %271, i64 noundef %272, i32 noundef 0, ptr noundef %15), !dbg !1935

2 Update icall:   call void %234(i32 noundef 0, i32 noundef %237, i32 noundef 22, ptr noundef %238, i64 noundef 12, ptr noundef %239, ptr noundef %242), !dbg !1905

3 Update icall:   %130 = call i32 %122(ptr noundef %126, ptr noundef %129), !dbg !1807

4 Update icall:   %54 = call i32 %51(ptr noundef %52, i8 noundef zeroext 22, ptr noundef %13, ptr noundef %53, i64 noundef 12, i32 noundef 0, ptr noundef %15), !dbg !1744

5 Update icall:   %168 = call i32 %162(ptr noundef %163, i8 noundef zeroext 22, ptr noundef null, ptr noundef %166, i64 noundef %167, i32 noundef 0, ptr noundef %11), !dbg !1835

6 Update icall:   %127 = call i32 %117(ptr noundef %118, i8 noundef zeroext 22, ptr noundef null, ptr noundef %119, i64 noundef %126, i32 noundef 0, ptr noundef %12), !dbg !1808

7 Update icall:   %80 = call i64 %75(ptr noundef %79), !dbg !1740

8 Update icall:   %120 = call i32 %110(ptr noundef %111, i8 noundef zeroext 22, ptr noundef null, ptr noundef %112, i64 noundef %119, i32 noundef 0, ptr noundef %11), !dbg !1785

9 Update icall:   call void %63(i32 noundef 0, i32 noundef %66, i32 noundef 22, ptr noundef %71, i64 noundef %75, ptr noundef %78, ptr noundef %81), !dbg !1734

10 Update icall:   %151 = call i32 %141(ptr noundef %142, i8 noundef zeroext 22, ptr noundef null, ptr noundef %149, i64 noundef %150, i32 noundef 0, ptr noundef %12), !dbg !1828

11 Update icall:   call void %51(i32 noundef 0, i32 noundef %54, i32 noundef 20, ptr noundef %55, i64 noundef 1, ptr noundef %58, ptr noundef %61), !dbg !1738

 Start ICall Alias Analysis

start oneLayerHandler

start escapeHandler

related types: 0
succeed_type_num: 0
related SI_num: 0
succeed_inst_num: 0
loop num: 1
WARNING: MYSQL connect failed!
Access denied for user 'petepc'@'localhost'

############## Indirect Call Target Results Statistics ##############
# Number icalls 				12
# Number total icall targets   			0

############## Alias Info Statistics ##############
# Number succeed alias icall 			0
# Number succeed func icall  			0

  Failed reasons:
# Number F has no global definition  		0
# Number binary_operation    			0
# Number llvm_used           			0
# Number exceed_max          			0

############## Time Statistics ##############

############## Round Statistics ##############
Round: 0
reduce_num_icall: 0
reduce_num_func: 0
reduce_num_onelayer: 0
reduce_num_escape: 0
reduce_num_total: 0


# Load time            		0.007144
# Typebuilder time     		0.000707
# MLTA time            		0.000483
# Icall alias time     		9.8e-05
# Func alias time      		0.007559
# One layer alias time 		1.1e-05
# Escape alias time    		5.7e-05
# DB time              		0.002092
